[2025-02-16T00:09:10.193+0000] {local_task_job_runner.py:123} INFO - ::group::Pre task execution logs
[2025-02-16T00:09:10.221+0000] {taskinstance.py:2614} INFO - Dependencies all met for dep_context=non-requeueable deps ti=<TaskInstance: dag_mod1234.main4 manual__2025-02-16T00:08:24.243188+00:00 [queued]>
[2025-02-16T00:09:10.235+0000] {taskinstance.py:2614} INFO - Dependencies all met for dep_context=requeueable deps ti=<TaskInstance: dag_mod1234.main4 manual__2025-02-16T00:08:24.243188+00:00 [queued]>
[2025-02-16T00:09:10.236+0000] {taskinstance.py:2867} INFO - Starting attempt 1 of 6
[2025-02-16T00:09:10.258+0000] {taskinstance.py:2890} INFO - Executing <Task(PythonOperator): main4> on 2025-02-16 00:08:24.243188+00:00
[2025-02-16T00:09:10.274+0000] {logging_mixin.py:190} WARNING - /home/***/.local/lib/python3.12/site-packages/***/task/task_runner/standard_task_runner.py:70 DeprecationWarning: This process (pid=21232) is multi-threaded, use of fork() may lead to deadlocks in the child.
[2025-02-16T00:09:10.274+0000] {standard_task_runner.py:104} INFO - Running: ['***', 'tasks', 'run', 'dag_mod1234', 'main4', 'manual__2025-02-16T00:08:24.243188+00:00', '--job-id', '115', '--raw', '--subdir', 'DAGS_FOLDER/dag_mod1.py', '--cfg-path', '/tmp/tmpinpr679y']
[2025-02-16T00:09:10.276+0000] {standard_task_runner.py:72} INFO - Started process 21265 to run task
[2025-02-16T00:09:10.276+0000] {standard_task_runner.py:105} INFO - Job 115: Subtask main4
[2025-02-16T00:09:10.388+0000] {task_command.py:467} INFO - Running <TaskInstance: dag_mod1234.main4 manual__2025-02-16T00:08:24.243188+00:00 [running]> on host ce687c8aaad7
[2025-02-16T00:09:10.565+0000] {taskinstance.py:3134} INFO - Exporting env vars: AIRFLOW_CTX_DAG_OWNER='***' AIRFLOW_CTX_DAG_ID='dag_mod1234' AIRFLOW_CTX_TASK_ID='main4' AIRFLOW_CTX_EXECUTION_DATE='2025-02-16T00:08:24.243188+00:00' AIRFLOW_CTX_TRY_NUMBER='1' AIRFLOW_CTX_DAG_RUN_ID='manual__2025-02-16T00:08:24.243188+00:00'
[2025-02-16T00:09:10.567+0000] {logging_mixin.py:190} INFO - Task instance is in running state
[2025-02-16T00:09:10.568+0000] {logging_mixin.py:190} INFO -  Previous state of the Task instance: queued
[2025-02-16T00:09:10.569+0000] {logging_mixin.py:190} INFO - Current task name:main4 state:running start_date:2025-02-16 00:09:10.222641+00:00
[2025-02-16T00:09:10.570+0000] {logging_mixin.py:190} INFO - Dag name:dag_mod1234 and current dag run status:running
[2025-02-16T00:09:10.571+0000] {taskinstance.py:732} INFO - ::endgroup::
[2025-02-16T00:09:10.576+0000] {logging_mixin.py:190} INFO - CSV file path: /opt/***/assign2/data_home.csv
[2025-02-16T00:09:11.243+0000] {logging_mixin.py:190} INFO - Columns in CSV: ['Headline', 'Image Path', 'Encoding']
[2025-02-16T00:09:11.254+0000] {base.py:84} INFO - Retrieving connection 'postgres_default'
[2025-02-16T00:09:12.226+0000] {logging_mixin.py:190} INFO - Data insertion completed successfully. 61 records inserted.
[2025-02-16T00:09:12.228+0000] {python.py:240} INFO - Done. Returned value was: None
[2025-02-16T00:09:12.238+0000] {taskinstance.py:341} INFO - ::group::Post task execution logs
[2025-02-16T00:09:12.238+0000] {taskinstance.py:353} INFO - Marking task as SUCCESS. dag_id=dag_mod1234, task_id=main4, run_id=manual__2025-02-16T00:08:24.243188+00:00, execution_date=20250216T000824, start_date=20250216T000910, end_date=20250216T000912
[2025-02-16T00:09:12.264+0000] {logging_mixin.py:190} INFO - Task instance in success state
[2025-02-16T00:09:12.265+0000] {logging_mixin.py:190} INFO -  Previous state of the Task instance: running
[2025-02-16T00:09:12.266+0000] {logging_mixin.py:190} INFO - Dag name:dag_mod1234 queued_at:2025-02-16 00:08:24.477082+00:00
[2025-02-16T00:09:12.266+0000] {logging_mixin.py:190} INFO - Task hostname:ce687c8aaad7 operator:PythonOperator
[2025-02-16T00:09:12.314+0000] {local_task_job_runner.py:266} INFO - Task exited with return code 0
[2025-02-16T00:09:12.334+0000] {taskinstance.py:3901} INFO - 0 downstream tasks scheduled from follow-on schedule check
[2025-02-16T00:09:12.337+0000] {local_task_job_runner.py:245} INFO - ::endgroup::
