[2025-02-16T01:01:13.910+0000] {local_task_job_runner.py:123} INFO - ::group::Pre task execution logs
[2025-02-16T01:01:13.942+0000] {taskinstance.py:2614} INFO - Dependencies all met for dep_context=non-requeueable deps ti=<TaskInstance: dag_hourly_scraper.main4 scheduled__2025-02-16T00:00:00+00:00 [queued]>
[2025-02-16T01:01:13.961+0000] {taskinstance.py:2614} INFO - Dependencies all met for dep_context=requeueable deps ti=<TaskInstance: dag_hourly_scraper.main4 scheduled__2025-02-16T00:00:00+00:00 [queued]>
[2025-02-16T01:01:13.962+0000] {taskinstance.py:2867} INFO - Starting attempt 1 of 6
[2025-02-16T01:01:13.982+0000] {taskinstance.py:2890} INFO - Executing <Task(PythonOperator): main4> on 2025-02-16 00:00:00+00:00
[2025-02-16T01:01:14.000+0000] {logging_mixin.py:190} WARNING - /home/***/.local/lib/python3.12/site-packages/***/task/task_runner/standard_task_runner.py:70 DeprecationWarning: This process (pid=51972) is multi-threaded, use of fork() may lead to deadlocks in the child.
[2025-02-16T01:01:14.001+0000] {standard_task_runner.py:104} INFO - Running: ['***', 'tasks', 'run', 'dag_hourly_scraper', 'main4', 'scheduled__2025-02-16T00:00:00+00:00', '--job-id', '124', '--raw', '--subdir', 'DAGS_FOLDER/dag_1_5.py', '--cfg-path', '/tmp/tmpoenyym42']
[2025-02-16T01:01:14.004+0000] {standard_task_runner.py:72} INFO - Started process 51988 to run task
[2025-02-16T01:01:14.004+0000] {standard_task_runner.py:105} INFO - Job 124: Subtask main4
[2025-02-16T01:01:14.088+0000] {task_command.py:467} INFO - Running <TaskInstance: dag_hourly_scraper.main4 scheduled__2025-02-16T00:00:00+00:00 [running]> on host ce687c8aaad7
[2025-02-16T01:01:14.277+0000] {taskinstance.py:3134} INFO - Exporting env vars: AIRFLOW_CTX_DAG_OWNER='***' AIRFLOW_CTX_DAG_ID='dag_hourly_scraper' AIRFLOW_CTX_TASK_ID='main4' AIRFLOW_CTX_EXECUTION_DATE='2025-02-16T00:00:00+00:00' AIRFLOW_CTX_TRY_NUMBER='1' AIRFLOW_CTX_DAG_RUN_ID='scheduled__2025-02-16T00:00:00+00:00'
[2025-02-16T01:01:14.280+0000] {logging_mixin.py:190} INFO - Task instance is in running state
[2025-02-16T01:01:14.283+0000] {logging_mixin.py:190} INFO -  Previous state of the Task instance: queued
[2025-02-16T01:01:14.284+0000] {logging_mixin.py:190} INFO - Current task name:main4 state:running start_date:2025-02-16 01:01:13.943751+00:00
[2025-02-16T01:01:14.286+0000] {logging_mixin.py:190} INFO - Dag name:dag_hourly_scraper and current dag run status:running
[2025-02-16T01:01:14.287+0000] {taskinstance.py:732} INFO - ::endgroup::
[2025-02-16T01:01:14.293+0000] {logging_mixin.py:190} INFO - CSV file path: /opt/***/assign2/data_home.csv
[2025-02-16T01:01:15.447+0000] {logging_mixin.py:190} INFO - Columns in CSV: ['Headline', 'Image Path', 'Encoding']
[2025-02-16T01:01:15.462+0000] {base.py:84} INFO - Retrieving connection 'postgres_default'
[2025-02-16T01:01:18.239+0000] {logging_mixin.py:190} INFO - Data insertion completed successfully. 61 records inserted.
[2025-02-16T01:01:18.243+0000] {python.py:240} INFO - Done. Returned value was: None
[2025-02-16T01:01:18.255+0000] {taskinstance.py:341} INFO - ::group::Post task execution logs
[2025-02-16T01:01:18.256+0000] {taskinstance.py:353} INFO - Marking task as SUCCESS. dag_id=dag_hourly_scraper, task_id=main4, run_id=scheduled__2025-02-16T00:00:00+00:00, execution_date=20250216T000000, start_date=20250216T010113, end_date=20250216T010118
[2025-02-16T01:01:18.302+0000] {logging_mixin.py:190} INFO - Task instance in success state
[2025-02-16T01:01:18.303+0000] {logging_mixin.py:190} INFO -  Previous state of the Task instance: running
[2025-02-16T01:01:18.304+0000] {logging_mixin.py:190} INFO - Dag name:dag_hourly_scraper queued_at:2025-02-16 01:00:00.957681+00:00
[2025-02-16T01:01:18.305+0000] {logging_mixin.py:190} INFO - Task hostname:ce687c8aaad7 operator:PythonOperator
[2025-02-16T01:01:18.333+0000] {local_task_job_runner.py:266} INFO - Task exited with return code 0
[2025-02-16T01:01:18.357+0000] {taskinstance.py:3901} INFO - 0 downstream tasks scheduled from follow-on schedule check
[2025-02-16T01:01:18.361+0000] {local_task_job_runner.py:245} INFO - ::endgroup::
