[2025-02-15T20:28:54.244+0000] {local_task_job_runner.py:123} INFO - ::group::Pre task execution logs
[2025-02-15T20:28:54.265+0000] {taskinstance.py:2614} INFO - Dependencies all met for dep_context=non-requeueable deps ti=<TaskInstance: dag_mod123.main1 scheduled__2025-02-14T00:00:00+00:00 [queued]>
[2025-02-15T20:28:54.275+0000] {taskinstance.py:2614} INFO - Dependencies all met for dep_context=requeueable deps ti=<TaskInstance: dag_mod123.main1 scheduled__2025-02-14T00:00:00+00:00 [queued]>
[2025-02-15T20:28:54.276+0000] {taskinstance.py:2867} INFO - Starting attempt 1 of 6
[2025-02-15T20:28:54.293+0000] {taskinstance.py:2890} INFO - Executing <Task(PythonOperator): main1> on 2025-02-14 00:00:00+00:00
[2025-02-15T20:28:54.310+0000] {standard_task_runner.py:104} INFO - Running: ['***', 'tasks', 'run', 'dag_mod123', 'main1', 'scheduled__2025-02-14T00:00:00+00:00', '--job-id', '70', '--raw', '--subdir', 'DAGS_FOLDER/dag_mod1.py', '--cfg-path', '/tmp/tmpz91bj78d']
[2025-02-15T20:28:54.313+0000] {standard_task_runner.py:105} INFO - Job 70: Subtask main1
[2025-02-15T20:28:54.317+0000] {logging_mixin.py:190} WARNING - /home/***/.local/lib/python3.12/site-packages/***/task/task_runner/standard_task_runner.py:70 DeprecationWarning: This process (pid=5369) is multi-threaded, use of fork() may lead to deadlocks in the child.
[2025-02-15T20:28:54.319+0000] {standard_task_runner.py:72} INFO - Started process 5390 to run task
[2025-02-15T20:28:54.370+0000] {task_command.py:467} INFO - Running <TaskInstance: dag_mod123.main1 scheduled__2025-02-14T00:00:00+00:00 [running]> on host 2c847b238078
[2025-02-15T20:28:54.469+0000] {taskinstance.py:3134} INFO - Exporting env vars: AIRFLOW_CTX_DAG_OWNER='***' AIRFLOW_CTX_DAG_ID='dag_mod123' AIRFLOW_CTX_TASK_ID='main1' AIRFLOW_CTX_EXECUTION_DATE='2025-02-14T00:00:00+00:00' AIRFLOW_CTX_TRY_NUMBER='1' AIRFLOW_CTX_DAG_RUN_ID='scheduled__2025-02-14T00:00:00+00:00'
[2025-02-15T20:28:54.471+0000] {logging_mixin.py:190} INFO - Task instance is in running state
[2025-02-15T20:28:54.472+0000] {logging_mixin.py:190} INFO -  Previous state of the Task instance: queued
[2025-02-15T20:28:54.473+0000] {logging_mixin.py:190} INFO - Current task name:main1 state:running start_date:2025-02-15 20:28:54.266583+00:00
[2025-02-15T20:28:54.473+0000] {logging_mixin.py:190} INFO - Dag name:dag_mod123 and current dag run status:running
[2025-02-15T20:28:54.474+0000] {taskinstance.py:732} INFO - ::endgroup::
[2025-02-15T20:28:55.238+0000] {selenium_manager.py:138} WARNING - The geckodriver version (0.30.0) detected in PATH at /usr/local/bin/geckodriver might not be compatible with the detected firefox version (128.7.0); currently, geckodriver 0.35.0 is recommended for firefox 128.*, so it is advised to delete the driver in PATH and retry
[2025-02-15T20:29:30.219+0000] {logging_mixin.py:190} INFO - 61 articles found.
[2025-02-15T20:29:30.935+0000] {logging_mixin.py:190} INFO - Saved: data_/news_1.html
[2025-02-15T20:29:30.999+0000] {logging_mixin.py:190} INFO - Saved: data_/news_2.html
[2025-02-15T20:29:31.167+0000] {logging_mixin.py:190} INFO - Saved: data_/news_3.html
[2025-02-15T20:29:31.276+0000] {logging_mixin.py:190} INFO - Saved: data_/news_4.html
[2025-02-15T20:29:31.340+0000] {logging_mixin.py:190} INFO - Saved: data_/news_5.html
[2025-02-15T20:29:31.396+0000] {logging_mixin.py:190} INFO - Saved: data_/news_6.html
[2025-02-15T20:29:31.443+0000] {logging_mixin.py:190} INFO - Saved: data_/news_7.html
[2025-02-15T20:29:31.474+0000] {logging_mixin.py:190} INFO - Saved: data_/news_8.html
[2025-02-15T20:29:31.500+0000] {logging_mixin.py:190} INFO - Saved: data_/news_9.html
[2025-02-15T20:29:31.532+0000] {logging_mixin.py:190} INFO - Saved: data_/news_10.html
[2025-02-15T20:29:31.559+0000] {logging_mixin.py:190} INFO - Saved: data_/news_11.html
[2025-02-15T20:29:31.596+0000] {logging_mixin.py:190} INFO - Saved: data_/news_12.html
[2025-02-15T20:29:31.647+0000] {logging_mixin.py:190} INFO - Saved: data_/news_13.html
[2025-02-15T20:29:31.681+0000] {logging_mixin.py:190} INFO - Saved: data_/news_14.html
[2025-02-15T20:29:31.719+0000] {logging_mixin.py:190} INFO - Saved: data_/news_15.html
[2025-02-15T20:29:31.737+0000] {logging_mixin.py:190} INFO - Saved: data_/news_16.html
[2025-02-15T20:29:31.763+0000] {logging_mixin.py:190} INFO - Saved: data_/news_17.html
[2025-02-15T20:29:31.779+0000] {logging_mixin.py:190} INFO - Saved: data_/news_18.html
[2025-02-15T20:29:31.805+0000] {logging_mixin.py:190} INFO - Saved: data_/news_19.html
[2025-02-15T20:29:31.843+0000] {logging_mixin.py:190} INFO - Saved: data_/news_20.html
[2025-02-15T20:29:31.874+0000] {logging_mixin.py:190} INFO - Saved: data_/news_21.html
[2025-02-15T20:29:31.899+0000] {logging_mixin.py:190} INFO - Saved: data_/news_22.html
[2025-02-15T20:29:31.918+0000] {logging_mixin.py:190} INFO - Saved: data_/news_23.html
[2025-02-15T20:29:31.962+0000] {logging_mixin.py:190} INFO - Saved: data_/news_24.html
[2025-02-15T20:29:31.983+0000] {logging_mixin.py:190} INFO - Saved: data_/news_25.html
[2025-02-15T20:29:32.010+0000] {logging_mixin.py:190} INFO - Saved: data_/news_26.html
[2025-02-15T20:29:32.032+0000] {logging_mixin.py:190} INFO - Saved: data_/news_27.html
[2025-02-15T20:29:32.055+0000] {logging_mixin.py:190} INFO - Saved: data_/news_28.html
[2025-02-15T20:29:32.068+0000] {logging_mixin.py:190} INFO - Saved: data_/news_29.html
[2025-02-15T20:29:32.094+0000] {logging_mixin.py:190} INFO - Saved: data_/news_30.html
[2025-02-15T20:29:32.107+0000] {logging_mixin.py:190} INFO - Saved: data_/news_31.html
[2025-02-15T20:29:32.124+0000] {logging_mixin.py:190} INFO - Saved: data_/news_32.html
[2025-02-15T20:29:32.146+0000] {logging_mixin.py:190} INFO - Saved: data_/news_33.html
[2025-02-15T20:29:32.168+0000] {logging_mixin.py:190} INFO - Saved: data_/news_34.html
[2025-02-15T20:29:32.185+0000] {logging_mixin.py:190} INFO - Saved: data_/news_35.html
[2025-02-15T20:29:32.206+0000] {logging_mixin.py:190} INFO - Saved: data_/news_36.html
[2025-02-15T20:29:32.238+0000] {logging_mixin.py:190} INFO - Saved: data_/news_37.html
[2025-02-15T20:29:32.255+0000] {logging_mixin.py:190} INFO - Saved: data_/news_38.html
[2025-02-15T20:29:32.271+0000] {logging_mixin.py:190} INFO - Saved: data_/news_39.html
[2025-02-15T20:29:32.292+0000] {logging_mixin.py:190} INFO - Saved: data_/news_40.html
[2025-02-15T20:29:32.311+0000] {logging_mixin.py:190} INFO - Saved: data_/news_41.html
[2025-02-15T20:29:32.339+0000] {logging_mixin.py:190} INFO - Saved: data_/news_42.html
[2025-02-15T20:29:32.358+0000] {logging_mixin.py:190} INFO - Saved: data_/news_43.html
[2025-02-15T20:29:32.376+0000] {logging_mixin.py:190} INFO - Saved: data_/news_44.html
[2025-02-15T20:29:32.398+0000] {logging_mixin.py:190} INFO - Saved: data_/news_45.html
[2025-02-15T20:29:32.414+0000] {logging_mixin.py:190} INFO - Saved: data_/news_46.html
[2025-02-15T20:29:32.431+0000] {logging_mixin.py:190} INFO - Saved: data_/news_47.html
[2025-02-15T20:29:32.451+0000] {logging_mixin.py:190} INFO - Saved: data_/news_48.html
[2025-02-15T20:29:32.478+0000] {logging_mixin.py:190} INFO - Saved: data_/news_49.html
[2025-02-15T20:29:32.503+0000] {logging_mixin.py:190} INFO - Saved: data_/news_50.html
[2025-02-15T20:29:32.529+0000] {logging_mixin.py:190} INFO - Saved: data_/news_51.html
[2025-02-15T20:29:32.557+0000] {logging_mixin.py:190} INFO - Saved: data_/news_52.html
[2025-02-15T20:29:32.580+0000] {logging_mixin.py:190} INFO - Saved: data_/news_53.html
[2025-02-15T20:29:32.608+0000] {logging_mixin.py:190} INFO - Saved: data_/news_54.html
[2025-02-15T20:29:32.627+0000] {logging_mixin.py:190} INFO - Saved: data_/news_55.html
[2025-02-15T20:29:32.642+0000] {logging_mixin.py:190} INFO - Saved: data_/news_56.html
[2025-02-15T20:29:32.666+0000] {logging_mixin.py:190} INFO - Saved: data_/news_57.html
[2025-02-15T20:29:32.692+0000] {logging_mixin.py:190} INFO - Saved: data_/news_58.html
[2025-02-15T20:29:32.717+0000] {logging_mixin.py:190} INFO - Saved: data_/news_59.html
[2025-02-15T20:29:32.757+0000] {logging_mixin.py:190} INFO - Saved: data_/news_60.html
[2025-02-15T20:29:32.774+0000] {logging_mixin.py:190} INFO - Saved: data_/news_61.html
[2025-02-15T20:29:36.519+0000] {connectionpool.py:868} WARNING - Retrying (Retry(total=2, connect=None, read=None, redirect=None, status=None)) after connection broken by 'NewConnectionError('<urllib3.connection.HTTPConnection object at 0x7feed81c63f0>: Failed to establish a new connection: [Errno 111] Connection refused')': /session/08f73c27-2c96-423b-b8dd-c93687f95978
[2025-02-15T20:29:36.522+0000] {connectionpool.py:868} WARNING - Retrying (Retry(total=1, connect=None, read=None, redirect=None, status=None)) after connection broken by 'NewConnectionError('<urllib3.connection.HTTPConnection object at 0x7feed81c6e70>: Failed to establish a new connection: [Errno 111] Connection refused')': /session/08f73c27-2c96-423b-b8dd-c93687f95978
[2025-02-15T20:29:36.526+0000] {connectionpool.py:868} WARNING - Retrying (Retry(total=0, connect=None, read=None, redirect=None, status=None)) after connection broken by 'NewConnectionError('<urllib3.connection.HTTPConnection object at 0x7feed81c6f30>: Failed to establish a new connection: [Errno 111] Connection refused')': /session/08f73c27-2c96-423b-b8dd-c93687f95978
[2025-02-15T20:29:36.529+0000] {python.py:240} INFO - Done. Returned value was: None
[2025-02-15T20:29:36.598+0000] {taskinstance.py:341} INFO - ::group::Post task execution logs
[2025-02-15T20:29:36.601+0000] {taskinstance.py:353} INFO - Marking task as SUCCESS. dag_id=dag_mod123, task_id=main1, run_id=scheduled__2025-02-14T00:00:00+00:00, execution_date=20250214T000000, start_date=20250215T202854, end_date=20250215T202936
[2025-02-15T20:29:36.708+0000] {logging_mixin.py:190} INFO - Task instance in success state
[2025-02-15T20:29:36.712+0000] {logging_mixin.py:190} INFO -  Previous state of the Task instance: running
[2025-02-15T20:29:36.715+0000] {logging_mixin.py:190} INFO - Dag name:dag_mod123 queued_at:2025-02-15 20:28:52.524077+00:00
[2025-02-15T20:29:36.717+0000] {logging_mixin.py:190} INFO - Task hostname:2c847b238078 operator:PythonOperator
[2025-02-15T20:29:36.769+0000] {local_task_job_runner.py:266} INFO - Task exited with return code 0
[2025-02-15T20:29:36.872+0000] {taskinstance.py:3901} INFO - 1 downstream tasks scheduled from follow-on schedule check
[2025-02-15T20:29:36.876+0000] {local_task_job_runner.py:245} INFO - ::endgroup::
