[2025-02-16T00:24:59.984+0000] {local_task_job_runner.py:123} INFO - ::group::Pre task execution logs
[2025-02-16T00:25:00.017+0000] {taskinstance.py:2614} INFO - Dependencies all met for dep_context=non-requeueable deps ti=<TaskInstance: dag_hourly_scraper.main3 manual__2025-02-16T00:24:22.095312+00:00 [queued]>
[2025-02-16T00:25:00.040+0000] {taskinstance.py:2614} INFO - Dependencies all met for dep_context=requeueable deps ti=<TaskInstance: dag_hourly_scraper.main3 manual__2025-02-16T00:24:22.095312+00:00 [queued]>
[2025-02-16T00:25:00.042+0000] {taskinstance.py:2867} INFO - Starting attempt 1 of 6
[2025-02-16T00:25:00.066+0000] {taskinstance.py:2890} INFO - Executing <Task(PythonOperator): main3> on 2025-02-16 00:24:22.095312+00:00
[2025-02-16T00:25:00.082+0000] {logging_mixin.py:190} WARNING - /home/***/.local/lib/python3.12/site-packages/***/task/task_runner/standard_task_runner.py:70 DeprecationWarning: This process (pid=30625) is multi-threaded, use of fork() may lead to deadlocks in the child.
[2025-02-16T00:25:00.082+0000] {standard_task_runner.py:104} INFO - Running: ['***', 'tasks', 'run', 'dag_hourly_scraper', 'main3', 'manual__2025-02-16T00:24:22.095312+00:00', '--job-id', '120', '--raw', '--subdir', 'DAGS_FOLDER/dag_scrape_scheduler.py', '--cfg-path', '/tmp/tmpcbbm66hb']
[2025-02-16T00:25:00.084+0000] {standard_task_runner.py:72} INFO - Started process 30648 to run task
[2025-02-16T00:25:00.085+0000] {standard_task_runner.py:105} INFO - Job 120: Subtask main3
[2025-02-16T00:25:00.156+0000] {task_command.py:467} INFO - Running <TaskInstance: dag_hourly_scraper.main3 manual__2025-02-16T00:24:22.095312+00:00 [running]> on host ce687c8aaad7
[2025-02-16T00:25:00.292+0000] {taskinstance.py:3134} INFO - Exporting env vars: AIRFLOW_CTX_DAG_OWNER='***' AIRFLOW_CTX_DAG_ID='dag_hourly_scraper' AIRFLOW_CTX_TASK_ID='main3' AIRFLOW_CTX_EXECUTION_DATE='2025-02-16T00:24:22.095312+00:00' AIRFLOW_CTX_TRY_NUMBER='1' AIRFLOW_CTX_DAG_RUN_ID='manual__2025-02-16T00:24:22.095312+00:00'
[2025-02-16T00:25:00.295+0000] {logging_mixin.py:190} INFO - Task instance is in running state
[2025-02-16T00:25:00.297+0000] {logging_mixin.py:190} INFO -  Previous state of the Task instance: queued
[2025-02-16T00:25:00.298+0000] {logging_mixin.py:190} INFO - Current task name:main3 state:running start_date:2025-02-16 00:25:00.018314+00:00
[2025-02-16T00:25:00.298+0000] {logging_mixin.py:190} INFO - Dag name:dag_hourly_scraper and current dag run status:running
[2025-02-16T00:25:00.299+0000] {taskinstance.py:732} INFO - ::endgroup::
[2025-02-16T00:25:00.301+0000] {logging_mixin.py:190} INFO - Processing data_...
[2025-02-16T00:25:12.821+0000] {logging_mixin.py:190} INFO - Data saved to data_.csv
[2025-02-16T00:25:12.825+0000] {python.py:240} INFO - Done. Returned value was: None
[2025-02-16T00:25:12.837+0000] {taskinstance.py:341} INFO - ::group::Post task execution logs
[2025-02-16T00:25:12.838+0000] {taskinstance.py:353} INFO - Marking task as SUCCESS. dag_id=dag_hourly_scraper, task_id=main3, run_id=manual__2025-02-16T00:24:22.095312+00:00, execution_date=20250216T002422, start_date=20250216T002500, end_date=20250216T002512
[2025-02-16T00:25:12.860+0000] {logging_mixin.py:190} INFO - Task instance in success state
[2025-02-16T00:25:12.860+0000] {logging_mixin.py:190} INFO -  Previous state of the Task instance: running
[2025-02-16T00:25:12.861+0000] {logging_mixin.py:190} INFO - Dag name:dag_hourly_scraper queued_at:2025-02-16 00:24:22.328653+00:00
[2025-02-16T00:25:12.861+0000] {logging_mixin.py:190} INFO - Task hostname:ce687c8aaad7 operator:PythonOperator
[2025-02-16T00:25:12.898+0000] {local_task_job_runner.py:266} INFO - Task exited with return code 0
[2025-02-16T00:25:12.921+0000] {taskinstance.py:3901} INFO - 1 downstream tasks scheduled from follow-on schedule check
[2025-02-16T00:25:12.924+0000] {local_task_job_runner.py:245} INFO - ::endgroup::
