[2025-02-15T23:37:17.484+0000] {local_task_job_runner.py:123} INFO - ::group::Pre task execution logs
[2025-02-15T23:37:17.514+0000] {taskinstance.py:2614} INFO - Dependencies all met for dep_context=non-requeueable deps ti=<TaskInstance: dag_mod1234.main12 scheduled__2025-02-14T00:00:00+00:00 [queued]>
[2025-02-15T23:37:17.533+0000] {taskinstance.py:2614} INFO - Dependencies all met for dep_context=requeueable deps ti=<TaskInstance: dag_mod1234.main12 scheduled__2025-02-14T00:00:00+00:00 [queued]>
[2025-02-15T23:37:17.534+0000] {taskinstance.py:2867} INFO - Starting attempt 1 of 6
[2025-02-15T23:37:17.557+0000] {taskinstance.py:2890} INFO - Executing <Task(PythonOperator): main12> on 2025-02-14 00:00:00+00:00
[2025-02-15T23:37:17.570+0000] {standard_task_runner.py:104} INFO - Running: ['***', 'tasks', 'run', 'dag_mod1234', 'main12', 'scheduled__2025-02-14T00:00:00+00:00', '--job-id', '82', '--raw', '--subdir', 'DAGS_FOLDER/dag_mod1.py', '--cfg-path', '/tmp/tmpp6iboj1y']
[2025-02-15T23:37:17.572+0000] {standard_task_runner.py:105} INFO - Job 82: Subtask main12
[2025-02-15T23:37:17.577+0000] {logging_mixin.py:190} WARNING - /home/***/.local/lib/python3.12/site-packages/***/task/task_runner/standard_task_runner.py:70 DeprecationWarning: This process (pid=699) is multi-threaded, use of fork() may lead to deadlocks in the child.
[2025-02-15T23:37:17.579+0000] {standard_task_runner.py:72} INFO - Started process 800 to run task
[2025-02-15T23:37:17.671+0000] {task_command.py:467} INFO - Running <TaskInstance: dag_mod1234.main12 scheduled__2025-02-14T00:00:00+00:00 [running]> on host ce687c8aaad7
[2025-02-15T23:37:17.921+0000] {taskinstance.py:3134} INFO - Exporting env vars: AIRFLOW_CTX_DAG_OWNER='***' AIRFLOW_CTX_DAG_ID='dag_mod1234' AIRFLOW_CTX_TASK_ID='main12' AIRFLOW_CTX_EXECUTION_DATE='2025-02-14T00:00:00+00:00' AIRFLOW_CTX_TRY_NUMBER='1' AIRFLOW_CTX_DAG_RUN_ID='scheduled__2025-02-14T00:00:00+00:00'
[2025-02-15T23:37:17.923+0000] {logging_mixin.py:190} INFO - Task instance is in running state
[2025-02-15T23:37:17.925+0000] {logging_mixin.py:190} INFO -  Previous state of the Task instance: queued
[2025-02-15T23:37:17.926+0000] {logging_mixin.py:190} INFO - Current task name:main12 state:running start_date:2025-02-15 23:37:17.515640+00:00
[2025-02-15T23:37:17.927+0000] {logging_mixin.py:190} INFO - Dag name:dag_mod1234 and current dag run status:running
[2025-02-15T23:37:17.927+0000] {taskinstance.py:732} INFO - ::endgroup::
[2025-02-15T23:37:19.074+0000] {selenium_manager.py:138} WARNING - The geckodriver version (0.30.0) detected in PATH at /usr/local/bin/geckodriver might not be compatible with the detected firefox version (128.7.0); currently, geckodriver 0.35.0 is recommended for firefox 128.*, so it is advised to delete the driver in PATH and retry
[2025-02-15T23:37:50.600+0000] {logging_mixin.py:190} INFO - 61 articles found.
[2025-02-15T23:37:50.652+0000] {logging_mixin.py:190} INFO - Saved: data_/news_1.html
[2025-02-15T23:37:50.706+0000] {logging_mixin.py:190} INFO - Saved: data_/news_2.html
[2025-02-15T23:37:50.746+0000] {logging_mixin.py:190} INFO - Saved: data_/news_3.html
[2025-02-15T23:37:50.767+0000] {logging_mixin.py:190} INFO - Saved: data_/news_4.html
[2025-02-15T23:37:50.799+0000] {logging_mixin.py:190} INFO - Saved: data_/news_5.html
[2025-02-15T23:37:50.838+0000] {logging_mixin.py:190} INFO - Saved: data_/news_6.html
[2025-02-15T23:37:50.872+0000] {logging_mixin.py:190} INFO - Saved: data_/news_7.html
[2025-02-15T23:37:50.900+0000] {logging_mixin.py:190} INFO - Saved: data_/news_8.html
[2025-02-15T23:37:50.924+0000] {logging_mixin.py:190} INFO - Saved: data_/news_9.html
[2025-02-15T23:37:50.944+0000] {logging_mixin.py:190} INFO - Saved: data_/news_10.html
[2025-02-15T23:37:50.961+0000] {logging_mixin.py:190} INFO - Saved: data_/news_11.html
[2025-02-15T23:37:50.980+0000] {logging_mixin.py:190} INFO - Saved: data_/news_12.html
[2025-02-15T23:37:50.997+0000] {logging_mixin.py:190} INFO - Saved: data_/news_13.html
[2025-02-15T23:37:51.016+0000] {logging_mixin.py:190} INFO - Saved: data_/news_14.html
[2025-02-15T23:37:51.059+0000] {logging_mixin.py:190} INFO - Saved: data_/news_15.html
[2025-02-15T23:37:51.083+0000] {logging_mixin.py:190} INFO - Saved: data_/news_16.html
[2025-02-15T23:37:51.110+0000] {logging_mixin.py:190} INFO - Saved: data_/news_17.html
[2025-02-15T23:37:51.129+0000] {logging_mixin.py:190} INFO - Saved: data_/news_18.html
[2025-02-15T23:37:51.153+0000] {logging_mixin.py:190} INFO - Saved: data_/news_19.html
[2025-02-15T23:37:51.176+0000] {logging_mixin.py:190} INFO - Saved: data_/news_20.html
[2025-02-15T23:37:51.194+0000] {logging_mixin.py:190} INFO - Saved: data_/news_21.html
[2025-02-15T23:37:51.211+0000] {logging_mixin.py:190} INFO - Saved: data_/news_22.html
[2025-02-15T23:37:51.228+0000] {logging_mixin.py:190} INFO - Saved: data_/news_23.html
[2025-02-15T23:37:51.253+0000] {logging_mixin.py:190} INFO - Saved: data_/news_24.html
[2025-02-15T23:37:51.286+0000] {logging_mixin.py:190} INFO - Saved: data_/news_25.html
[2025-02-15T23:37:51.302+0000] {logging_mixin.py:190} INFO - Saved: data_/news_26.html
[2025-02-15T23:37:51.327+0000] {logging_mixin.py:190} INFO - Saved: data_/news_27.html
[2025-02-15T23:37:51.367+0000] {logging_mixin.py:190} INFO - Saved: data_/news_28.html
[2025-02-15T23:37:51.519+0000] {logging_mixin.py:190} INFO - Saved: data_/news_29.html
[2025-02-15T23:37:51.555+0000] {logging_mixin.py:190} INFO - Saved: data_/news_30.html
[2025-02-15T23:37:51.682+0000] {logging_mixin.py:190} INFO - Saved: data_/news_31.html
[2025-02-15T23:37:51.735+0000] {logging_mixin.py:190} INFO - Saved: data_/news_32.html
[2025-02-15T23:37:51.768+0000] {logging_mixin.py:190} INFO - Saved: data_/news_33.html
[2025-02-15T23:37:51.804+0000] {logging_mixin.py:190} INFO - Saved: data_/news_34.html
[2025-02-15T23:37:51.851+0000] {logging_mixin.py:190} INFO - Saved: data_/news_35.html
[2025-02-15T23:37:51.880+0000] {logging_mixin.py:190} INFO - Saved: data_/news_36.html
[2025-02-15T23:37:51.927+0000] {logging_mixin.py:190} INFO - Saved: data_/news_37.html
[2025-02-15T23:37:51.956+0000] {logging_mixin.py:190} INFO - Saved: data_/news_38.html
[2025-02-15T23:37:51.976+0000] {logging_mixin.py:190} INFO - Saved: data_/news_39.html
[2025-02-15T23:37:52.038+0000] {logging_mixin.py:190} INFO - Saved: data_/news_40.html
[2025-02-15T23:37:52.061+0000] {logging_mixin.py:190} INFO - Saved: data_/news_41.html
[2025-02-15T23:37:52.080+0000] {logging_mixin.py:190} INFO - Saved: data_/news_42.html
[2025-02-15T23:37:52.103+0000] {logging_mixin.py:190} INFO - Saved: data_/news_43.html
[2025-02-15T23:37:52.125+0000] {logging_mixin.py:190} INFO - Saved: data_/news_44.html
[2025-02-15T23:37:52.156+0000] {logging_mixin.py:190} INFO - Saved: data_/news_45.html
[2025-02-15T23:37:52.181+0000] {logging_mixin.py:190} INFO - Saved: data_/news_46.html
[2025-02-15T23:37:52.204+0000] {logging_mixin.py:190} INFO - Saved: data_/news_47.html
[2025-02-15T23:37:52.231+0000] {logging_mixin.py:190} INFO - Saved: data_/news_48.html
[2025-02-15T23:37:52.257+0000] {logging_mixin.py:190} INFO - Saved: data_/news_49.html
[2025-02-15T23:37:52.279+0000] {logging_mixin.py:190} INFO - Saved: data_/news_50.html
[2025-02-15T23:37:52.297+0000] {logging_mixin.py:190} INFO - Saved: data_/news_51.html
[2025-02-15T23:37:52.330+0000] {logging_mixin.py:190} INFO - Saved: data_/news_52.html
[2025-02-15T23:37:52.351+0000] {logging_mixin.py:190} INFO - Saved: data_/news_53.html
[2025-02-15T23:37:52.375+0000] {logging_mixin.py:190} INFO - Saved: data_/news_54.html
[2025-02-15T23:37:52.417+0000] {logging_mixin.py:190} INFO - Saved: data_/news_55.html
[2025-02-15T23:37:52.439+0000] {logging_mixin.py:190} INFO - Saved: data_/news_56.html
[2025-02-15T23:37:52.469+0000] {logging_mixin.py:190} INFO - Saved: data_/news_57.html
[2025-02-15T23:37:52.533+0000] {logging_mixin.py:190} INFO - Saved: data_/news_58.html
[2025-02-15T23:37:52.602+0000] {logging_mixin.py:190} INFO - Saved: data_/news_59.html
[2025-02-15T23:37:52.675+0000] {logging_mixin.py:190} INFO - Saved: data_/news_60.html
[2025-02-15T23:37:52.786+0000] {logging_mixin.py:190} INFO - Saved: data_/news_61.html
[2025-02-15T23:37:57.877+0000] {connectionpool.py:868} WARNING - Retrying (Retry(total=2, connect=None, read=None, redirect=None, status=None)) after connection broken by 'NewConnectionError('<urllib3.connection.HTTPConnection object at 0x7fd727bbd1c0>: Failed to establish a new connection: [Errno 111] Connection refused')': /session/02b6b4fc-1d5e-4a78-a648-a7bf9ce6ee8a
[2025-02-15T23:37:57.883+0000] {connectionpool.py:868} WARNING - Retrying (Retry(total=1, connect=None, read=None, redirect=None, status=None)) after connection broken by 'NewConnectionError('<urllib3.connection.HTTPConnection object at 0x7fd727bbf050>: Failed to establish a new connection: [Errno 111] Connection refused')': /session/02b6b4fc-1d5e-4a78-a648-a7bf9ce6ee8a
[2025-02-15T23:37:57.886+0000] {connectionpool.py:868} WARNING - Retrying (Retry(total=0, connect=None, read=None, redirect=None, status=None)) after connection broken by 'NewConnectionError('<urllib3.connection.HTTPConnection object at 0x7fd727bbe030>: Failed to establish a new connection: [Errno 111] Connection refused')': /session/02b6b4fc-1d5e-4a78-a648-a7bf9ce6ee8a
[2025-02-15T23:37:57.903+0000] {python.py:240} INFO - Done. Returned value was: None
[2025-02-15T23:37:58.286+0000] {taskinstance.py:341} INFO - ::group::Post task execution logs
[2025-02-15T23:37:58.291+0000] {taskinstance.py:353} INFO - Marking task as SUCCESS. dag_id=dag_mod1234, task_id=main12, run_id=scheduled__2025-02-14T00:00:00+00:00, execution_date=20250214T000000, start_date=20250215T233717, end_date=20250215T233758
[2025-02-15T23:37:58.519+0000] {logging_mixin.py:190} INFO - Task instance in success state
[2025-02-15T23:37:58.520+0000] {logging_mixin.py:190} INFO -  Previous state of the Task instance: running
[2025-02-15T23:37:58.526+0000] {logging_mixin.py:190} INFO - Dag name:dag_mod1234 queued_at:2025-02-15 23:37:14.181127+00:00
[2025-02-15T23:37:58.532+0000] {logging_mixin.py:190} INFO - Task hostname:ce687c8aaad7 operator:PythonOperator
[2025-02-15T23:37:58.627+0000] {local_task_job_runner.py:266} INFO - Task exited with return code 0
[2025-02-15T23:37:59.201+0000] {taskinstance.py:3901} INFO - 1 downstream tasks scheduled from follow-on schedule check
[2025-02-15T23:37:59.259+0000] {local_task_job_runner.py:245} INFO - ::endgroup::
