[2025-02-16T01:00:58.646+0000] {local_task_job_runner.py:123} INFO - ::group::Pre task execution logs
[2025-02-16T01:00:58.684+0000] {taskinstance.py:2614} INFO - Dependencies all met for dep_context=non-requeueable deps ti=<TaskInstance: dag_hourly_scraper.main3 scheduled__2025-02-16T00:00:00+00:00 [queued]>
[2025-02-16T01:00:58.697+0000] {taskinstance.py:2614} INFO - Dependencies all met for dep_context=requeueable deps ti=<TaskInstance: dag_hourly_scraper.main3 scheduled__2025-02-16T00:00:00+00:00 [queued]>
[2025-02-16T01:00:58.698+0000] {taskinstance.py:2867} INFO - Starting attempt 1 of 6
[2025-02-16T01:00:58.714+0000] {taskinstance.py:2890} INFO - Executing <Task(PythonOperator): main3> on 2025-02-16 00:00:00+00:00
[2025-02-16T01:00:58.728+0000] {logging_mixin.py:190} WARNING - /home/***/.local/lib/python3.12/site-packages/***/task/task_runner/standard_task_runner.py:70 DeprecationWarning: This process (pid=51856) is multi-threaded, use of fork() may lead to deadlocks in the child.
[2025-02-16T01:00:58.728+0000] {standard_task_runner.py:104} INFO - Running: ['***', 'tasks', 'run', 'dag_hourly_scraper', 'main3', 'scheduled__2025-02-16T00:00:00+00:00', '--job-id', '123', '--raw', '--subdir', 'DAGS_FOLDER/dag_1_5.py', '--cfg-path', '/tmp/tmpng7n_dyy']
[2025-02-16T01:00:58.730+0000] {standard_task_runner.py:72} INFO - Started process 51857 to run task
[2025-02-16T01:00:58.730+0000] {standard_task_runner.py:105} INFO - Job 123: Subtask main3
[2025-02-16T01:00:58.791+0000] {task_command.py:467} INFO - Running <TaskInstance: dag_hourly_scraper.main3 scheduled__2025-02-16T00:00:00+00:00 [running]> on host ce687c8aaad7
[2025-02-16T01:00:58.890+0000] {taskinstance.py:3134} INFO - Exporting env vars: AIRFLOW_CTX_DAG_OWNER='***' AIRFLOW_CTX_DAG_ID='dag_hourly_scraper' AIRFLOW_CTX_TASK_ID='main3' AIRFLOW_CTX_EXECUTION_DATE='2025-02-16T00:00:00+00:00' AIRFLOW_CTX_TRY_NUMBER='1' AIRFLOW_CTX_DAG_RUN_ID='scheduled__2025-02-16T00:00:00+00:00'
[2025-02-16T01:00:58.893+0000] {logging_mixin.py:190} INFO - Task instance is in running state
[2025-02-16T01:00:58.893+0000] {logging_mixin.py:190} INFO -  Previous state of the Task instance: queued
[2025-02-16T01:00:58.894+0000] {logging_mixin.py:190} INFO - Current task name:main3 state:running start_date:2025-02-16 01:00:58.685330+00:00
[2025-02-16T01:00:58.894+0000] {logging_mixin.py:190} INFO - Dag name:dag_hourly_scraper and current dag run status:running
[2025-02-16T01:00:58.895+0000] {taskinstance.py:732} INFO - ::endgroup::
[2025-02-16T01:00:58.898+0000] {logging_mixin.py:190} INFO - Processing data_...
[2025-02-16T01:01:11.193+0000] {logging_mixin.py:190} INFO - Data saved to data_.csv
[2025-02-16T01:01:11.198+0000] {python.py:240} INFO - Done. Returned value was: None
[2025-02-16T01:01:11.211+0000] {taskinstance.py:341} INFO - ::group::Post task execution logs
[2025-02-16T01:01:11.212+0000] {taskinstance.py:353} INFO - Marking task as SUCCESS. dag_id=dag_hourly_scraper, task_id=main3, run_id=scheduled__2025-02-16T00:00:00+00:00, execution_date=20250216T000000, start_date=20250216T010058, end_date=20250216T010111
[2025-02-16T01:01:11.241+0000] {logging_mixin.py:190} INFO - Task instance in success state
[2025-02-16T01:01:11.242+0000] {logging_mixin.py:190} INFO -  Previous state of the Task instance: running
[2025-02-16T01:01:11.243+0000] {logging_mixin.py:190} INFO - Dag name:dag_hourly_scraper queued_at:2025-02-16 01:00:00.957681+00:00
[2025-02-16T01:01:11.243+0000] {logging_mixin.py:190} INFO - Task hostname:ce687c8aaad7 operator:PythonOperator
[2025-02-16T01:01:11.286+0000] {local_task_job_runner.py:266} INFO - Task exited with return code 0
[2025-02-16T01:01:11.310+0000] {taskinstance.py:3901} INFO - 1 downstream tasks scheduled from follow-on schedule check
[2025-02-16T01:01:11.313+0000] {local_task_job_runner.py:245} INFO - ::endgroup::
