[2025-02-16T00:05:20.035+0000] {local_task_job_runner.py:123} INFO - ::group::Pre task execution logs
[2025-02-16T00:05:20.061+0000] {taskinstance.py:2614} INFO - Dependencies all met for dep_context=non-requeueable deps ti=<TaskInstance: dag_mod1234.main12 manual__2025-02-16T00:05:16.897408+00:00 [queued]>
[2025-02-16T00:05:20.072+0000] {taskinstance.py:2614} INFO - Dependencies all met for dep_context=requeueable deps ti=<TaskInstance: dag_mod1234.main12 manual__2025-02-16T00:05:16.897408+00:00 [queued]>
[2025-02-16T00:05:20.073+0000] {taskinstance.py:2867} INFO - Starting attempt 1 of 6
[2025-02-16T00:05:20.091+0000] {taskinstance.py:2890} INFO - Executing <Task(PythonOperator): main12> on 2025-02-16 00:05:16.897408+00:00
[2025-02-16T00:05:20.109+0000] {standard_task_runner.py:104} INFO - Running: ['***', 'tasks', 'run', 'dag_mod1234', 'main12', 'manual__2025-02-16T00:05:16.897408+00:00', '--job-id', '108', '--raw', '--subdir', 'DAGS_FOLDER/dag_mod1.py', '--cfg-path', '/tmp/tmpy3o9lklg']
[2025-02-16T00:05:20.111+0000] {standard_task_runner.py:105} INFO - Job 108: Subtask main12
[2025-02-16T00:05:20.114+0000] {logging_mixin.py:190} WARNING - /home/***/.local/lib/python3.12/site-packages/***/task/task_runner/standard_task_runner.py:70 DeprecationWarning: This process (pid=18407) is multi-threaded, use of fork() may lead to deadlocks in the child.
[2025-02-16T00:05:20.115+0000] {standard_task_runner.py:72} INFO - Started process 18420 to run task
[2025-02-16T00:05:20.185+0000] {task_command.py:467} INFO - Running <TaskInstance: dag_mod1234.main12 manual__2025-02-16T00:05:16.897408+00:00 [running]> on host ce687c8aaad7
[2025-02-16T00:05:20.300+0000] {taskinstance.py:3134} INFO - Exporting env vars: AIRFLOW_CTX_DAG_OWNER='***' AIRFLOW_CTX_DAG_ID='dag_mod1234' AIRFLOW_CTX_TASK_ID='main12' AIRFLOW_CTX_EXECUTION_DATE='2025-02-16T00:05:16.897408+00:00' AIRFLOW_CTX_TRY_NUMBER='1' AIRFLOW_CTX_DAG_RUN_ID='manual__2025-02-16T00:05:16.897408+00:00'
[2025-02-16T00:05:20.302+0000] {logging_mixin.py:190} INFO - Task instance is in running state
[2025-02-16T00:05:20.303+0000] {logging_mixin.py:190} INFO -  Previous state of the Task instance: queued
[2025-02-16T00:05:20.303+0000] {logging_mixin.py:190} INFO - Current task name:main12 state:running start_date:2025-02-16 00:05:20.063064+00:00
[2025-02-16T00:05:20.303+0000] {logging_mixin.py:190} INFO - Dag name:dag_mod1234 and current dag run status:running
[2025-02-16T00:05:20.304+0000] {taskinstance.py:732} INFO - ::endgroup::
[2025-02-16T00:05:20.913+0000] {selenium_manager.py:138} WARNING - The geckodriver version (0.30.0) detected in PATH at /usr/local/bin/geckodriver might not be compatible with the detected firefox version (128.7.0); currently, geckodriver 0.35.0 is recommended for firefox 128.*, so it is advised to delete the driver in PATH and retry
[2025-02-16T00:05:39.200+0000] {logging_mixin.py:190} INFO - 61 articles found.
[2025-02-16T00:05:39.222+0000] {logging_mixin.py:190} INFO - Saved: data_/news_1.html
[2025-02-16T00:05:39.234+0000] {logging_mixin.py:190} INFO - Saved: data_/news_2.html
[2025-02-16T00:05:39.249+0000] {logging_mixin.py:190} INFO - Saved: data_/news_3.html
[2025-02-16T00:05:39.261+0000] {logging_mixin.py:190} INFO - Saved: data_/news_4.html
[2025-02-16T00:05:39.276+0000] {logging_mixin.py:190} INFO - Saved: data_/news_5.html
[2025-02-16T00:05:39.295+0000] {logging_mixin.py:190} INFO - Saved: data_/news_6.html
[2025-02-16T00:05:39.311+0000] {logging_mixin.py:190} INFO - Saved: data_/news_7.html
[2025-02-16T00:05:39.329+0000] {logging_mixin.py:190} INFO - Saved: data_/news_8.html
[2025-02-16T00:05:39.344+0000] {logging_mixin.py:190} INFO - Saved: data_/news_9.html
[2025-02-16T00:05:39.360+0000] {logging_mixin.py:190} INFO - Saved: data_/news_10.html
[2025-02-16T00:05:39.371+0000] {logging_mixin.py:190} INFO - Saved: data_/news_11.html
[2025-02-16T00:05:39.386+0000] {logging_mixin.py:190} INFO - Saved: data_/news_12.html
[2025-02-16T00:05:39.400+0000] {logging_mixin.py:190} INFO - Saved: data_/news_13.html
[2025-02-16T00:05:39.415+0000] {logging_mixin.py:190} INFO - Saved: data_/news_14.html
[2025-02-16T00:05:39.426+0000] {logging_mixin.py:190} INFO - Saved: data_/news_15.html
[2025-02-16T00:05:39.445+0000] {logging_mixin.py:190} INFO - Saved: data_/news_16.html
[2025-02-16T00:05:39.467+0000] {logging_mixin.py:190} INFO - Saved: data_/news_17.html
[2025-02-16T00:05:39.477+0000] {logging_mixin.py:190} INFO - Saved: data_/news_18.html
[2025-02-16T00:05:39.487+0000] {logging_mixin.py:190} INFO - Saved: data_/news_19.html
[2025-02-16T00:05:39.497+0000] {logging_mixin.py:190} INFO - Saved: data_/news_20.html
[2025-02-16T00:05:39.508+0000] {logging_mixin.py:190} INFO - Saved: data_/news_21.html
[2025-02-16T00:05:39.518+0000] {logging_mixin.py:190} INFO - Saved: data_/news_22.html
[2025-02-16T00:05:39.529+0000] {logging_mixin.py:190} INFO - Saved: data_/news_23.html
[2025-02-16T00:05:39.543+0000] {logging_mixin.py:190} INFO - Saved: data_/news_24.html
[2025-02-16T00:05:39.558+0000] {logging_mixin.py:190} INFO - Saved: data_/news_25.html
[2025-02-16T00:05:39.572+0000] {logging_mixin.py:190} INFO - Saved: data_/news_26.html
[2025-02-16T00:05:39.588+0000] {logging_mixin.py:190} INFO - Saved: data_/news_27.html
[2025-02-16T00:05:39.604+0000] {logging_mixin.py:190} INFO - Saved: data_/news_28.html
[2025-02-16T00:05:39.620+0000] {logging_mixin.py:190} INFO - Saved: data_/news_29.html
[2025-02-16T00:05:39.634+0000] {logging_mixin.py:190} INFO - Saved: data_/news_30.html
[2025-02-16T00:05:39.650+0000] {logging_mixin.py:190} INFO - Saved: data_/news_31.html
[2025-02-16T00:05:39.664+0000] {logging_mixin.py:190} INFO - Saved: data_/news_32.html
[2025-02-16T00:05:39.678+0000] {logging_mixin.py:190} INFO - Saved: data_/news_33.html
[2025-02-16T00:05:39.693+0000] {logging_mixin.py:190} INFO - Saved: data_/news_34.html
[2025-02-16T00:05:39.714+0000] {logging_mixin.py:190} INFO - Saved: data_/news_35.html
[2025-02-16T00:05:39.726+0000] {logging_mixin.py:190} INFO - Saved: data_/news_36.html
[2025-02-16T00:05:39.736+0000] {logging_mixin.py:190} INFO - Saved: data_/news_37.html
[2025-02-16T00:05:39.746+0000] {logging_mixin.py:190} INFO - Saved: data_/news_38.html
[2025-02-16T00:05:39.757+0000] {logging_mixin.py:190} INFO - Saved: data_/news_39.html
[2025-02-16T00:05:39.770+0000] {logging_mixin.py:190} INFO - Saved: data_/news_40.html
[2025-02-16T00:05:39.781+0000] {logging_mixin.py:190} INFO - Saved: data_/news_41.html
[2025-02-16T00:05:39.793+0000] {logging_mixin.py:190} INFO - Saved: data_/news_42.html
[2025-02-16T00:05:39.803+0000] {logging_mixin.py:190} INFO - Saved: data_/news_43.html
[2025-02-16T00:05:39.815+0000] {logging_mixin.py:190} INFO - Saved: data_/news_44.html
[2025-02-16T00:05:39.831+0000] {logging_mixin.py:190} INFO - Saved: data_/news_45.html
[2025-02-16T00:05:39.846+0000] {logging_mixin.py:190} INFO - Saved: data_/news_46.html
[2025-02-16T00:05:39.858+0000] {logging_mixin.py:190} INFO - Saved: data_/news_47.html
[2025-02-16T00:05:39.872+0000] {logging_mixin.py:190} INFO - Saved: data_/news_48.html
[2025-02-16T00:05:39.884+0000] {logging_mixin.py:190} INFO - Saved: data_/news_49.html
[2025-02-16T00:05:39.895+0000] {logging_mixin.py:190} INFO - Saved: data_/news_50.html
[2025-02-16T00:05:39.907+0000] {logging_mixin.py:190} INFO - Saved: data_/news_51.html
[2025-02-16T00:05:39.920+0000] {logging_mixin.py:190} INFO - Saved: data_/news_52.html
[2025-02-16T00:05:39.933+0000] {logging_mixin.py:190} INFO - Saved: data_/news_53.html
[2025-02-16T00:05:39.946+0000] {logging_mixin.py:190} INFO - Saved: data_/news_54.html
[2025-02-16T00:05:39.959+0000] {logging_mixin.py:190} INFO - Saved: data_/news_55.html
[2025-02-16T00:05:39.970+0000] {logging_mixin.py:190} INFO - Saved: data_/news_56.html
[2025-02-16T00:05:39.982+0000] {logging_mixin.py:190} INFO - Saved: data_/news_57.html
[2025-02-16T00:05:39.992+0000] {logging_mixin.py:190} INFO - Saved: data_/news_58.html
[2025-02-16T00:05:40.005+0000] {logging_mixin.py:190} INFO - Saved: data_/news_59.html
[2025-02-16T00:05:40.016+0000] {logging_mixin.py:190} INFO - Saved: data_/news_60.html
[2025-02-16T00:05:40.025+0000] {logging_mixin.py:190} INFO - Saved: data_/news_61.html
[2025-02-16T00:05:41.426+0000] {connectionpool.py:868} WARNING - Retrying (Retry(total=2, connect=None, read=None, redirect=None, status=None)) after connection broken by 'NewConnectionError('<urllib3.connection.HTTPConnection object at 0x7fd727bbb110>: Failed to establish a new connection: [Errno 111] Connection refused')': /session/4e8648e1-74d9-4c9b-8309-256c3e01bd3a
[2025-02-16T00:05:41.428+0000] {connectionpool.py:868} WARNING - Retrying (Retry(total=1, connect=None, read=None, redirect=None, status=None)) after connection broken by 'NewConnectionError('<urllib3.connection.HTTPConnection object at 0x7fd727bbad50>: Failed to establish a new connection: [Errno 111] Connection refused')': /session/4e8648e1-74d9-4c9b-8309-256c3e01bd3a
[2025-02-16T00:05:41.429+0000] {connectionpool.py:868} WARNING - Retrying (Retry(total=0, connect=None, read=None, redirect=None, status=None)) after connection broken by 'NewConnectionError('<urllib3.connection.HTTPConnection object at 0x7fd727bbb530>: Failed to establish a new connection: [Errno 111] Connection refused')': /session/4e8648e1-74d9-4c9b-8309-256c3e01bd3a
[2025-02-16T00:05:41.435+0000] {python.py:240} INFO - Done. Returned value was: None
[2025-02-16T00:05:41.468+0000] {taskinstance.py:341} INFO - ::group::Post task execution logs
[2025-02-16T00:05:41.470+0000] {taskinstance.py:353} INFO - Marking task as SUCCESS. dag_id=dag_mod1234, task_id=main12, run_id=manual__2025-02-16T00:05:16.897408+00:00, execution_date=20250216T000516, start_date=20250216T000520, end_date=20250216T000541
[2025-02-16T00:05:41.518+0000] {logging_mixin.py:190} INFO - Task instance in success state
[2025-02-16T00:05:41.519+0000] {logging_mixin.py:190} INFO -  Previous state of the Task instance: running
[2025-02-16T00:05:41.520+0000] {logging_mixin.py:190} INFO - Dag name:dag_mod1234 queued_at:2025-02-16 00:05:17.093395+00:00
[2025-02-16T00:05:41.521+0000] {logging_mixin.py:190} INFO - Task hostname:ce687c8aaad7 operator:PythonOperator
[2025-02-16T00:05:41.542+0000] {local_task_job_runner.py:266} INFO - Task exited with return code 0
[2025-02-16T00:05:41.605+0000] {taskinstance.py:3901} INFO - 1 downstream tasks scheduled from follow-on schedule check
[2025-02-16T00:05:41.608+0000] {local_task_job_runner.py:245} INFO - ::endgroup::
