[2025-02-15T20:29:21.595+0000] {local_task_job_runner.py:123} INFO - ::group::Pre task execution logs
[2025-02-15T20:29:21.432+0000] {taskinstance.py:2614} INFO - Dependencies all met for dep_context=non-requeueable deps ti=<TaskInstance: dag_mod123.main1 manual__2025-02-15T20:29:02.688117+00:00 [queued]>
[2025-02-15T20:29:21.472+0000] {taskinstance.py:2614} INFO - Dependencies all met for dep_context=requeueable deps ti=<TaskInstance: dag_mod123.main1 manual__2025-02-15T20:29:02.688117+00:00 [queued]>
[2025-02-15T20:29:21.474+0000] {taskinstance.py:2867} INFO - Starting attempt 1 of 6
[2025-02-15T20:29:22.300+0000] {taskinstance.py:2890} INFO - Executing <Task(PythonOperator): main1> on 2025-02-15 20:29:02.688117+00:00
[2025-02-15T20:29:22.447+0000] {standard_task_runner.py:104} INFO - Running: ['***', 'tasks', 'run', 'dag_mod123', 'main1', 'manual__2025-02-15T20:29:02.688117+00:00', '--job-id', '71', '--raw', '--subdir', 'DAGS_FOLDER/dag_mod1.py', '--cfg-path', '/tmp/tmps7nasxmx']
[2025-02-15T20:29:22.479+0000] {logging_mixin.py:190} WARNING - /home/***/.local/lib/python3.12/site-packages/***/task/task_runner/standard_task_runner.py:70 DeprecationWarning: This process (pid=5654) is multi-threaded, use of fork() may lead to deadlocks in the child.
[2025-02-15T20:29:22.501+0000] {standard_task_runner.py:72} INFO - Started process 5811 to run task
[2025-02-15T20:29:22.499+0000] {standard_task_runner.py:105} INFO - Job 71: Subtask main1
[2025-02-15T20:29:22.875+0000] {task_command.py:467} INFO - Running <TaskInstance: dag_mod123.main1 manual__2025-02-15T20:29:02.688117+00:00 [running]> on host 2c847b238078
[2025-02-15T20:29:23.549+0000] {taskinstance.py:3134} INFO - Exporting env vars: AIRFLOW_CTX_DAG_OWNER='***' AIRFLOW_CTX_DAG_ID='dag_mod123' AIRFLOW_CTX_TASK_ID='main1' AIRFLOW_CTX_EXECUTION_DATE='2025-02-15T20:29:02.688117+00:00' AIRFLOW_CTX_TRY_NUMBER='1' AIRFLOW_CTX_DAG_RUN_ID='manual__2025-02-15T20:29:02.688117+00:00'
[2025-02-15T20:29:23.581+0000] {logging_mixin.py:190} INFO - Task instance is in running state
[2025-02-15T20:29:23.582+0000] {logging_mixin.py:190} INFO -  Previous state of the Task instance: queued
[2025-02-15T20:29:23.584+0000] {logging_mixin.py:190} INFO - Current task name:main1 state:running start_date:2025-02-15 20:29:21.433610+00:00
[2025-02-15T20:29:23.585+0000] {logging_mixin.py:190} INFO - Dag name:dag_mod123 and current dag run status:running
[2025-02-15T20:29:23.587+0000] {taskinstance.py:732} INFO - ::endgroup::
[2025-02-15T20:29:24.109+0000] {selenium_manager.py:138} WARNING - The geckodriver version (0.30.0) detected in PATH at /usr/local/bin/geckodriver might not be compatible with the detected firefox version (128.7.0); currently, geckodriver 0.35.0 is recommended for firefox 128.*, so it is advised to delete the driver in PATH and retry
[2025-02-15T20:29:46.345+0000] {logging_mixin.py:190} INFO - 61 articles found.
[2025-02-15T20:29:46.406+0000] {logging_mixin.py:190} INFO - Saved: data_/news_1.html
[2025-02-15T20:29:46.428+0000] {logging_mixin.py:190} INFO - Saved: data_/news_2.html
[2025-02-15T20:29:46.449+0000] {logging_mixin.py:190} INFO - Saved: data_/news_3.html
[2025-02-15T20:29:46.485+0000] {logging_mixin.py:190} INFO - Saved: data_/news_4.html
[2025-02-15T20:29:46.513+0000] {logging_mixin.py:190} INFO - Saved: data_/news_5.html
[2025-02-15T20:29:46.559+0000] {logging_mixin.py:190} INFO - Saved: data_/news_6.html
[2025-02-15T20:29:46.579+0000] {logging_mixin.py:190} INFO - Saved: data_/news_7.html
[2025-02-15T20:29:46.596+0000] {logging_mixin.py:190} INFO - Saved: data_/news_8.html
[2025-02-15T20:29:46.609+0000] {logging_mixin.py:190} INFO - Saved: data_/news_9.html
[2025-02-15T20:29:46.624+0000] {logging_mixin.py:190} INFO - Saved: data_/news_10.html
[2025-02-15T20:29:46.644+0000] {logging_mixin.py:190} INFO - Saved: data_/news_11.html
[2025-02-15T20:29:46.656+0000] {logging_mixin.py:190} INFO - Saved: data_/news_12.html
[2025-02-15T20:29:46.669+0000] {logging_mixin.py:190} INFO - Saved: data_/news_13.html
[2025-02-15T20:29:46.684+0000] {logging_mixin.py:190} INFO - Saved: data_/news_14.html
[2025-02-15T20:29:46.706+0000] {logging_mixin.py:190} INFO - Saved: data_/news_15.html
[2025-02-15T20:29:46.728+0000] {logging_mixin.py:190} INFO - Saved: data_/news_16.html
[2025-02-15T20:29:46.745+0000] {logging_mixin.py:190} INFO - Saved: data_/news_17.html
[2025-02-15T20:29:46.758+0000] {logging_mixin.py:190} INFO - Saved: data_/news_18.html
[2025-02-15T20:29:46.772+0000] {logging_mixin.py:190} INFO - Saved: data_/news_19.html
[2025-02-15T20:29:46.787+0000] {logging_mixin.py:190} INFO - Saved: data_/news_20.html
[2025-02-15T20:29:46.809+0000] {logging_mixin.py:190} INFO - Saved: data_/news_21.html
[2025-02-15T20:29:46.825+0000] {logging_mixin.py:190} INFO - Saved: data_/news_22.html
[2025-02-15T20:29:46.840+0000] {logging_mixin.py:190} INFO - Saved: data_/news_23.html
[2025-02-15T20:29:46.859+0000] {logging_mixin.py:190} INFO - Saved: data_/news_24.html
[2025-02-15T20:29:46.889+0000] {logging_mixin.py:190} INFO - Saved: data_/news_25.html
[2025-02-15T20:29:46.910+0000] {logging_mixin.py:190} INFO - Saved: data_/news_26.html
[2025-02-15T20:29:46.927+0000] {logging_mixin.py:190} INFO - Saved: data_/news_27.html
[2025-02-15T20:29:46.947+0000] {logging_mixin.py:190} INFO - Saved: data_/news_28.html
[2025-02-15T20:29:46.965+0000] {logging_mixin.py:190} INFO - Saved: data_/news_29.html
[2025-02-15T20:29:46.982+0000] {logging_mixin.py:190} INFO - Saved: data_/news_30.html
[2025-02-15T20:29:47.004+0000] {logging_mixin.py:190} INFO - Saved: data_/news_31.html
[2025-02-15T20:29:47.019+0000] {logging_mixin.py:190} INFO - Saved: data_/news_32.html
[2025-02-15T20:29:47.034+0000] {logging_mixin.py:190} INFO - Saved: data_/news_33.html
[2025-02-15T20:29:47.050+0000] {logging_mixin.py:190} INFO - Saved: data_/news_34.html
[2025-02-15T20:29:47.067+0000] {logging_mixin.py:190} INFO - Saved: data_/news_35.html
[2025-02-15T20:29:47.093+0000] {logging_mixin.py:190} INFO - Saved: data_/news_36.html
[2025-02-15T20:29:47.112+0000] {logging_mixin.py:190} INFO - Saved: data_/news_37.html
[2025-02-15T20:29:47.129+0000] {logging_mixin.py:190} INFO - Saved: data_/news_38.html
[2025-02-15T20:29:47.154+0000] {logging_mixin.py:190} INFO - Saved: data_/news_39.html
[2025-02-15T20:29:47.170+0000] {logging_mixin.py:190} INFO - Saved: data_/news_40.html
[2025-02-15T20:29:47.192+0000] {logging_mixin.py:190} INFO - Saved: data_/news_41.html
[2025-02-15T20:29:47.212+0000] {logging_mixin.py:190} INFO - Saved: data_/news_42.html
[2025-02-15T20:29:47.226+0000] {logging_mixin.py:190} INFO - Saved: data_/news_43.html
[2025-02-15T20:29:47.238+0000] {logging_mixin.py:190} INFO - Saved: data_/news_44.html
[2025-02-15T20:29:47.250+0000] {logging_mixin.py:190} INFO - Saved: data_/news_45.html
[2025-02-15T20:29:47.264+0000] {logging_mixin.py:190} INFO - Saved: data_/news_46.html
[2025-02-15T20:29:47.280+0000] {logging_mixin.py:190} INFO - Saved: data_/news_47.html
[2025-02-15T20:29:47.292+0000] {logging_mixin.py:190} INFO - Saved: data_/news_48.html
[2025-02-15T20:29:47.306+0000] {logging_mixin.py:190} INFO - Saved: data_/news_49.html
[2025-02-15T20:29:47.321+0000] {logging_mixin.py:190} INFO - Saved: data_/news_50.html
[2025-02-15T20:29:47.334+0000] {logging_mixin.py:190} INFO - Saved: data_/news_51.html
[2025-02-15T20:29:47.350+0000] {logging_mixin.py:190} INFO - Saved: data_/news_52.html
[2025-02-15T20:29:47.364+0000] {logging_mixin.py:190} INFO - Saved: data_/news_53.html
[2025-02-15T20:29:47.381+0000] {logging_mixin.py:190} INFO - Saved: data_/news_54.html
[2025-02-15T20:29:47.397+0000] {logging_mixin.py:190} INFO - Saved: data_/news_55.html
[2025-02-15T20:29:47.411+0000] {logging_mixin.py:190} INFO - Saved: data_/news_56.html
[2025-02-15T20:29:47.426+0000] {logging_mixin.py:190} INFO - Saved: data_/news_57.html
[2025-02-15T20:29:47.445+0000] {logging_mixin.py:190} INFO - Saved: data_/news_58.html
[2025-02-15T20:29:47.481+0000] {logging_mixin.py:190} INFO - Saved: data_/news_59.html
[2025-02-15T20:29:47.520+0000] {logging_mixin.py:190} INFO - Saved: data_/news_60.html
[2025-02-15T20:29:47.615+0000] {logging_mixin.py:190} INFO - Saved: data_/news_61.html
[2025-02-15T20:29:49.501+0000] {connectionpool.py:868} WARNING - Retrying (Retry(total=2, connect=None, read=None, redirect=None, status=None)) after connection broken by 'NewConnectionError('<urllib3.connection.HTTPConnection object at 0x7feed81c2960>: Failed to establish a new connection: [Errno 111] Connection refused')': /session/75c7ef11-18da-44e2-ab63-37af6262a1ba
[2025-02-15T20:29:49.503+0000] {connectionpool.py:868} WARNING - Retrying (Retry(total=1, connect=None, read=None, redirect=None, status=None)) after connection broken by 'NewConnectionError('<urllib3.connection.HTTPConnection object at 0x7feed81c2930>: Failed to establish a new connection: [Errno 111] Connection refused')': /session/75c7ef11-18da-44e2-ab63-37af6262a1ba
[2025-02-15T20:29:49.505+0000] {connectionpool.py:868} WARNING - Retrying (Retry(total=0, connect=None, read=None, redirect=None, status=None)) after connection broken by 'NewConnectionError('<urllib3.connection.HTTPConnection object at 0x7feed81c2ba0>: Failed to establish a new connection: [Errno 111] Connection refused')': /session/75c7ef11-18da-44e2-ab63-37af6262a1ba
[2025-02-15T20:29:49.508+0000] {python.py:240} INFO - Done. Returned value was: None
[2025-02-15T20:29:49.557+0000] {taskinstance.py:341} INFO - ::group::Post task execution logs
[2025-02-15T20:29:49.559+0000] {taskinstance.py:353} INFO - Marking task as SUCCESS. dag_id=dag_mod123, task_id=main1, run_id=manual__2025-02-15T20:29:02.688117+00:00, execution_date=20250215T202902, start_date=20250215T202921, end_date=20250215T202949
[2025-02-15T20:29:49.627+0000] {logging_mixin.py:190} INFO - Task instance in success state
[2025-02-15T20:29:49.628+0000] {logging_mixin.py:190} INFO -  Previous state of the Task instance: running
[2025-02-15T20:29:49.629+0000] {logging_mixin.py:190} INFO - Dag name:dag_mod123 queued_at:2025-02-15 20:29:03.220489+00:00
[2025-02-15T20:29:49.630+0000] {logging_mixin.py:190} INFO - Task hostname:2c847b238078 operator:PythonOperator
[2025-02-15T20:29:49.682+0000] {local_task_job_runner.py:266} INFO - Task exited with return code 0
[2025-02-15T20:29:49.786+0000] {taskinstance.py:3901} INFO - 1 downstream tasks scheduled from follow-on schedule check
[2025-02-15T20:29:49.790+0000] {local_task_job_runner.py:245} INFO - ::endgroup::
