[2025-02-15T20:21:13.977+0000] {local_task_job_runner.py:123} INFO - ::group::Pre task execution logs
[2025-02-15T20:21:14.010+0000] {taskinstance.py:2614} INFO - Dependencies all met for dep_context=non-requeueable deps ti=<TaskInstance: dag_mod1.main1 manual__2025-02-15T20:21:08.710273+00:00 [queued]>
[2025-02-15T20:21:14.029+0000] {taskinstance.py:2614} INFO - Dependencies all met for dep_context=requeueable deps ti=<TaskInstance: dag_mod1.main1 manual__2025-02-15T20:21:08.710273+00:00 [queued]>
[2025-02-15T20:21:14.030+0000] {taskinstance.py:2867} INFO - Starting attempt 1 of 6
[2025-02-15T20:21:14.065+0000] {taskinstance.py:2890} INFO - Executing <Task(PythonOperator): main1> on 2025-02-15 20:21:08.710273+00:00
[2025-02-15T20:21:14.084+0000] {standard_task_runner.py:104} INFO - Running: ['***', 'tasks', 'run', 'dag_mod1', 'main1', 'manual__2025-02-15T20:21:08.710273+00:00', '--job-id', '69', '--raw', '--subdir', 'DAGS_FOLDER/dag_mod1.py', '--cfg-path', '/tmp/tmp3ulp0205']
[2025-02-15T20:21:14.087+0000] {standard_task_runner.py:105} INFO - Job 69: Subtask main1
[2025-02-15T20:21:14.097+0000] {logging_mixin.py:190} WARNING - /home/***/.local/lib/python3.12/site-packages/***/task/task_runner/standard_task_runner.py:70 DeprecationWarning: This process (pid=758) is multi-threaded, use of fork() may lead to deadlocks in the child.
[2025-02-15T20:21:14.098+0000] {standard_task_runner.py:72} INFO - Started process 803 to run task
[2025-02-15T20:21:14.185+0000] {task_command.py:467} INFO - Running <TaskInstance: dag_mod1.main1 manual__2025-02-15T20:21:08.710273+00:00 [running]> on host 2c847b238078
[2025-02-15T20:21:14.408+0000] {taskinstance.py:3134} INFO - Exporting env vars: AIRFLOW_CTX_DAG_OWNER='***' AIRFLOW_CTX_DAG_ID='dag_mod1' AIRFLOW_CTX_TASK_ID='main1' AIRFLOW_CTX_EXECUTION_DATE='2025-02-15T20:21:08.710273+00:00' AIRFLOW_CTX_TRY_NUMBER='1' AIRFLOW_CTX_DAG_RUN_ID='manual__2025-02-15T20:21:08.710273+00:00'
[2025-02-15T20:21:14.412+0000] {logging_mixin.py:190} INFO - Task instance is in running state
[2025-02-15T20:21:14.413+0000] {logging_mixin.py:190} INFO -  Previous state of the Task instance: queued
[2025-02-15T20:21:14.414+0000] {logging_mixin.py:190} INFO - Current task name:main1 state:running start_date:2025-02-15 20:21:14.012427+00:00
[2025-02-15T20:21:14.415+0000] {logging_mixin.py:190} INFO - Dag name:dag_mod1 and current dag run status:running
[2025-02-15T20:21:14.416+0000] {taskinstance.py:732} INFO - ::endgroup::
[2025-02-15T20:21:15.910+0000] {selenium_manager.py:138} WARNING - The geckodriver version (0.30.0) detected in PATH at /usr/local/bin/geckodriver might not be compatible with the detected firefox version (128.7.0); currently, geckodriver 0.35.0 is recommended for firefox 128.*, so it is advised to delete the driver in PATH and retry
[2025-02-15T20:21:32.091+0000] {logging_mixin.py:190} INFO - 61 articles found.
[2025-02-15T20:21:32.115+0000] {logging_mixin.py:190} INFO - Saved: data_/news_1.html
[2025-02-15T20:21:32.133+0000] {logging_mixin.py:190} INFO - Saved: data_/news_2.html
[2025-02-15T20:21:32.148+0000] {logging_mixin.py:190} INFO - Saved: data_/news_3.html
[2025-02-15T20:21:32.165+0000] {logging_mixin.py:190} INFO - Saved: data_/news_4.html
[2025-02-15T20:21:32.185+0000] {logging_mixin.py:190} INFO - Saved: data_/news_5.html
[2025-02-15T20:21:32.203+0000] {logging_mixin.py:190} INFO - Saved: data_/news_6.html
[2025-02-15T20:21:32.215+0000] {logging_mixin.py:190} INFO - Saved: data_/news_7.html
[2025-02-15T20:21:32.246+0000] {logging_mixin.py:190} INFO - Saved: data_/news_8.html
[2025-02-15T20:21:32.271+0000] {logging_mixin.py:190} INFO - Saved: data_/news_9.html
[2025-02-15T20:21:32.292+0000] {logging_mixin.py:190} INFO - Saved: data_/news_10.html
[2025-02-15T20:21:32.314+0000] {logging_mixin.py:190} INFO - Saved: data_/news_11.html
[2025-02-15T20:21:32.332+0000] {logging_mixin.py:190} INFO - Saved: data_/news_12.html
[2025-02-15T20:21:32.348+0000] {logging_mixin.py:190} INFO - Saved: data_/news_13.html
[2025-02-15T20:21:32.361+0000] {logging_mixin.py:190} INFO - Saved: data_/news_14.html
[2025-02-15T20:21:32.375+0000] {logging_mixin.py:190} INFO - Saved: data_/news_15.html
[2025-02-15T20:21:32.388+0000] {logging_mixin.py:190} INFO - Saved: data_/news_16.html
[2025-02-15T20:21:32.410+0000] {logging_mixin.py:190} INFO - Saved: data_/news_17.html
[2025-02-15T20:21:32.423+0000] {logging_mixin.py:190} INFO - Saved: data_/news_18.html
[2025-02-15T20:21:32.435+0000] {logging_mixin.py:190} INFO - Saved: data_/news_19.html
[2025-02-15T20:21:32.450+0000] {logging_mixin.py:190} INFO - Saved: data_/news_20.html
[2025-02-15T20:21:32.466+0000] {logging_mixin.py:190} INFO - Saved: data_/news_21.html
[2025-02-15T20:21:32.484+0000] {logging_mixin.py:190} INFO - Saved: data_/news_22.html
[2025-02-15T20:21:32.497+0000] {logging_mixin.py:190} INFO - Saved: data_/news_23.html
[2025-02-15T20:21:32.513+0000] {logging_mixin.py:190} INFO - Saved: data_/news_24.html
[2025-02-15T20:21:32.534+0000] {logging_mixin.py:190} INFO - Saved: data_/news_25.html
[2025-02-15T20:21:32.546+0000] {logging_mixin.py:190} INFO - Saved: data_/news_26.html
[2025-02-15T20:21:32.556+0000] {logging_mixin.py:190} INFO - Saved: data_/news_27.html
[2025-02-15T20:21:32.568+0000] {logging_mixin.py:190} INFO - Saved: data_/news_28.html
[2025-02-15T20:21:32.578+0000] {logging_mixin.py:190} INFO - Saved: data_/news_29.html
[2025-02-15T20:21:32.587+0000] {logging_mixin.py:190} INFO - Saved: data_/news_30.html
[2025-02-15T20:21:32.601+0000] {logging_mixin.py:190} INFO - Saved: data_/news_31.html
[2025-02-15T20:21:32.611+0000] {logging_mixin.py:190} INFO - Saved: data_/news_32.html
[2025-02-15T20:21:32.625+0000] {logging_mixin.py:190} INFO - Saved: data_/news_33.html
[2025-02-15T20:21:32.637+0000] {logging_mixin.py:190} INFO - Saved: data_/news_34.html
[2025-02-15T20:21:32.651+0000] {logging_mixin.py:190} INFO - Saved: data_/news_35.html
[2025-02-15T20:21:32.667+0000] {logging_mixin.py:190} INFO - Saved: data_/news_36.html
[2025-02-15T20:21:32.683+0000] {logging_mixin.py:190} INFO - Saved: data_/news_37.html
[2025-02-15T20:21:32.701+0000] {logging_mixin.py:190} INFO - Saved: data_/news_38.html
[2025-02-15T20:21:32.719+0000] {logging_mixin.py:190} INFO - Saved: data_/news_39.html
[2025-02-15T20:21:32.735+0000] {logging_mixin.py:190} INFO - Saved: data_/news_40.html
[2025-02-15T20:21:32.753+0000] {logging_mixin.py:190} INFO - Saved: data_/news_41.html
[2025-02-15T20:21:32.766+0000] {logging_mixin.py:190} INFO - Saved: data_/news_42.html
[2025-02-15T20:21:32.780+0000] {logging_mixin.py:190} INFO - Saved: data_/news_43.html
[2025-02-15T20:21:32.794+0000] {logging_mixin.py:190} INFO - Saved: data_/news_44.html
[2025-02-15T20:21:32.806+0000] {logging_mixin.py:190} INFO - Saved: data_/news_45.html
[2025-02-15T20:21:32.822+0000] {logging_mixin.py:190} INFO - Saved: data_/news_46.html
[2025-02-15T20:21:32.836+0000] {logging_mixin.py:190} INFO - Saved: data_/news_47.html
[2025-02-15T20:21:32.848+0000] {logging_mixin.py:190} INFO - Saved: data_/news_48.html
[2025-02-15T20:21:32.861+0000] {logging_mixin.py:190} INFO - Saved: data_/news_49.html
[2025-02-15T20:21:32.874+0000] {logging_mixin.py:190} INFO - Saved: data_/news_50.html
[2025-02-15T20:21:32.887+0000] {logging_mixin.py:190} INFO - Saved: data_/news_51.html
[2025-02-15T20:21:32.899+0000] {logging_mixin.py:190} INFO - Saved: data_/news_52.html
[2025-02-15T20:21:32.910+0000] {logging_mixin.py:190} INFO - Saved: data_/news_53.html
[2025-02-15T20:21:32.921+0000] {logging_mixin.py:190} INFO - Saved: data_/news_54.html
[2025-02-15T20:21:32.932+0000] {logging_mixin.py:190} INFO - Saved: data_/news_55.html
[2025-02-15T20:21:32.953+0000] {logging_mixin.py:190} INFO - Saved: data_/news_56.html
[2025-02-15T20:21:32.963+0000] {logging_mixin.py:190} INFO - Saved: data_/news_57.html
[2025-02-15T20:21:32.977+0000] {logging_mixin.py:190} INFO - Saved: data_/news_58.html
[2025-02-15T20:21:33.008+0000] {logging_mixin.py:190} INFO - Saved: data_/news_59.html
[2025-02-15T20:21:33.025+0000] {logging_mixin.py:190} INFO - Saved: data_/news_60.html
[2025-02-15T20:21:33.044+0000] {logging_mixin.py:190} INFO - Saved: data_/news_61.html
[2025-02-15T20:21:34.739+0000] {connectionpool.py:868} WARNING - Retrying (Retry(total=2, connect=None, read=None, redirect=None, status=None)) after connection broken by 'NewConnectionError('<urllib3.connection.HTTPConnection object at 0x7feed81c2ab0>: Failed to establish a new connection: [Errno 111] Connection refused')': /session/f35ddabc-f08c-4578-b929-70f85edba695
[2025-02-15T20:21:34.742+0000] {connectionpool.py:868} WARNING - Retrying (Retry(total=1, connect=None, read=None, redirect=None, status=None)) after connection broken by 'NewConnectionError('<urllib3.connection.HTTPConnection object at 0x7feed81c2d80>: Failed to establish a new connection: [Errno 111] Connection refused')': /session/f35ddabc-f08c-4578-b929-70f85edba695
[2025-02-15T20:21:34.744+0000] {connectionpool.py:868} WARNING - Retrying (Retry(total=0, connect=None, read=None, redirect=None, status=None)) after connection broken by 'NewConnectionError('<urllib3.connection.HTTPConnection object at 0x7feed81c2570>: Failed to establish a new connection: [Errno 111] Connection refused')': /session/f35ddabc-f08c-4578-b929-70f85edba695
[2025-02-15T20:21:34.746+0000] {python.py:240} INFO - Done. Returned value was: None
[2025-02-15T20:21:34.772+0000] {taskinstance.py:341} INFO - ::group::Post task execution logs
[2025-02-15T20:21:34.774+0000] {taskinstance.py:353} INFO - Marking task as SUCCESS. dag_id=dag_mod1, task_id=main1, run_id=manual__2025-02-15T20:21:08.710273+00:00, execution_date=20250215T202108, start_date=20250215T202114, end_date=20250215T202134
[2025-02-15T20:21:34.836+0000] {logging_mixin.py:190} INFO - Task instance in success state
[2025-02-15T20:21:34.837+0000] {logging_mixin.py:190} INFO -  Previous state of the Task instance: running
[2025-02-15T20:21:34.838+0000] {logging_mixin.py:190} INFO - Dag name:dag_mod1 queued_at:2025-02-15 20:21:08.754807+00:00
[2025-02-15T20:21:34.840+0000] {logging_mixin.py:190} INFO - Task hostname:2c847b238078 operator:PythonOperator
[2025-02-15T20:21:34.892+0000] {local_task_job_runner.py:266} INFO - Task exited with return code 0
[2025-02-15T20:21:34.918+0000] {taskinstance.py:3901} INFO - 0 downstream tasks scheduled from follow-on schedule check
[2025-02-15T20:21:34.921+0000] {local_task_job_runner.py:245} INFO - ::endgroup::
