[2025-02-16T00:08:53.591+0000] {local_task_job_runner.py:123} INFO - ::group::Pre task execution logs
[2025-02-16T00:08:53.622+0000] {taskinstance.py:2614} INFO - Dependencies all met for dep_context=non-requeueable deps ti=<TaskInstance: dag_mod1234.main3 manual__2025-02-16T00:08:24.243188+00:00 [queued]>
[2025-02-16T00:08:53.638+0000] {taskinstance.py:2614} INFO - Dependencies all met for dep_context=requeueable deps ti=<TaskInstance: dag_mod1234.main3 manual__2025-02-16T00:08:24.243188+00:00 [queued]>
[2025-02-16T00:08:53.639+0000] {taskinstance.py:2867} INFO - Starting attempt 1 of 6
[2025-02-16T00:08:53.659+0000] {taskinstance.py:2890} INFO - Executing <Task(PythonOperator): main3> on 2025-02-16 00:08:24.243188+00:00
[2025-02-16T00:08:53.674+0000] {standard_task_runner.py:104} INFO - Running: ['***', 'tasks', 'run', 'dag_mod1234', 'main3', 'manual__2025-02-16T00:08:24.243188+00:00', '--job-id', '114', '--raw', '--subdir', 'DAGS_FOLDER/dag_mod1.py', '--cfg-path', '/tmp/tmp79hrcmj4']
[2025-02-16T00:08:53.675+0000] {logging_mixin.py:190} WARNING - /home/***/.local/lib/python3.12/site-packages/***/task/task_runner/standard_task_runner.py:70 DeprecationWarning: This process (pid=21069) is multi-threaded, use of fork() may lead to deadlocks in the child.
[2025-02-16T00:08:53.676+0000] {standard_task_runner.py:105} INFO - Job 114: Subtask main3
[2025-02-16T00:08:53.676+0000] {standard_task_runner.py:72} INFO - Started process 21093 to run task
[2025-02-16T00:08:53.746+0000] {task_command.py:467} INFO - Running <TaskInstance: dag_mod1234.main3 manual__2025-02-16T00:08:24.243188+00:00 [running]> on host ce687c8aaad7
[2025-02-16T00:08:53.867+0000] {taskinstance.py:3134} INFO - Exporting env vars: AIRFLOW_CTX_DAG_OWNER='***' AIRFLOW_CTX_DAG_ID='dag_mod1234' AIRFLOW_CTX_TASK_ID='main3' AIRFLOW_CTX_EXECUTION_DATE='2025-02-16T00:08:24.243188+00:00' AIRFLOW_CTX_TRY_NUMBER='1' AIRFLOW_CTX_DAG_RUN_ID='manual__2025-02-16T00:08:24.243188+00:00'
[2025-02-16T00:08:53.869+0000] {logging_mixin.py:190} INFO - Task instance is in running state
[2025-02-16T00:08:53.870+0000] {logging_mixin.py:190} INFO -  Previous state of the Task instance: queued
[2025-02-16T00:08:53.870+0000] {logging_mixin.py:190} INFO - Current task name:main3 state:running start_date:2025-02-16 00:08:53.623033+00:00
[2025-02-16T00:08:53.871+0000] {logging_mixin.py:190} INFO - Dag name:dag_mod1234 and current dag run status:running
[2025-02-16T00:08:53.872+0000] {taskinstance.py:732} INFO - ::endgroup::
[2025-02-16T00:08:53.876+0000] {logging_mixin.py:190} INFO - Processing data_...
[2025-02-16T00:09:07.376+0000] {logging_mixin.py:190} INFO - Data saved to data_.csv
[2025-02-16T00:09:07.384+0000] {python.py:240} INFO - Done. Returned value was: None
[2025-02-16T00:09:07.403+0000] {taskinstance.py:341} INFO - ::group::Post task execution logs
[2025-02-16T00:09:07.404+0000] {taskinstance.py:353} INFO - Marking task as SUCCESS. dag_id=dag_mod1234, task_id=main3, run_id=manual__2025-02-16T00:08:24.243188+00:00, execution_date=20250216T000824, start_date=20250216T000853, end_date=20250216T000907
[2025-02-16T00:09:07.445+0000] {logging_mixin.py:190} INFO - Task instance in success state
[2025-02-16T00:09:07.447+0000] {logging_mixin.py:190} INFO -  Previous state of the Task instance: running
[2025-02-16T00:09:07.448+0000] {logging_mixin.py:190} INFO - Dag name:dag_mod1234 queued_at:2025-02-16 00:08:24.477082+00:00
[2025-02-16T00:09:07.451+0000] {logging_mixin.py:190} INFO - Task hostname:ce687c8aaad7 operator:PythonOperator
[2025-02-16T00:09:07.501+0000] {local_task_job_runner.py:266} INFO - Task exited with return code 0
[2025-02-16T00:09:07.550+0000] {taskinstance.py:3901} INFO - 1 downstream tasks scheduled from follow-on schedule check
[2025-02-16T00:09:07.553+0000] {local_task_job_runner.py:245} INFO - ::endgroup::
