[2025-02-15T23:53:35.231+0000] {local_task_job_runner.py:123} INFO - ::group::Pre task execution logs
[2025-02-15T23:53:35.254+0000] {taskinstance.py:2614} INFO - Dependencies all met for dep_context=non-requeueable deps ti=<TaskInstance: dag_mod1234.main4 scheduled__2025-02-14T00:00:00+00:00 [queued]>
[2025-02-15T23:53:35.266+0000] {taskinstance.py:2614} INFO - Dependencies all met for dep_context=requeueable deps ti=<TaskInstance: dag_mod1234.main4 scheduled__2025-02-14T00:00:00+00:00 [queued]>
[2025-02-15T23:53:35.267+0000] {taskinstance.py:2867} INFO - Starting attempt 4 of 6
[2025-02-15T23:53:35.281+0000] {taskinstance.py:2890} INFO - Executing <Task(PythonOperator): main4> on 2025-02-14 00:00:00+00:00
[2025-02-15T23:53:35.294+0000] {standard_task_runner.py:104} INFO - Running: ['***', 'tasks', 'run', 'dag_mod1234', 'main4', 'scheduled__2025-02-14T00:00:00+00:00', '--job-id', '96', '--raw', '--subdir', 'DAGS_FOLDER/dag_mod1.py', '--cfg-path', '/tmp/tmp8l_j106u']
[2025-02-15T23:53:35.296+0000] {standard_task_runner.py:105} INFO - Job 96: Subtask main4
[2025-02-15T23:53:35.298+0000] {logging_mixin.py:190} WARNING - /home/***/.local/lib/python3.12/site-packages/***/task/task_runner/standard_task_runner.py:70 DeprecationWarning: This process (pid=10767) is multi-threaded, use of fork() may lead to deadlocks in the child.
[2025-02-15T23:53:35.299+0000] {standard_task_runner.py:72} INFO - Started process 10786 to run task
[2025-02-15T23:53:35.351+0000] {task_command.py:467} INFO - Running <TaskInstance: dag_mod1234.main4 scheduled__2025-02-14T00:00:00+00:00 [running]> on host ce687c8aaad7
[2025-02-15T23:53:35.442+0000] {taskinstance.py:3134} INFO - Exporting env vars: AIRFLOW_CTX_DAG_OWNER='***' AIRFLOW_CTX_DAG_ID='dag_mod1234' AIRFLOW_CTX_TASK_ID='main4' AIRFLOW_CTX_EXECUTION_DATE='2025-02-14T00:00:00+00:00' AIRFLOW_CTX_TRY_NUMBER='4' AIRFLOW_CTX_DAG_RUN_ID='scheduled__2025-02-14T00:00:00+00:00'
[2025-02-15T23:53:35.445+0000] {logging_mixin.py:190} INFO - Task instance is in running state
[2025-02-15T23:53:35.445+0000] {logging_mixin.py:190} INFO -  Previous state of the Task instance: queued
[2025-02-15T23:53:35.446+0000] {logging_mixin.py:190} INFO - Current task name:main4 state:running start_date:2025-02-15 23:53:35.255558+00:00
[2025-02-15T23:53:35.447+0000] {logging_mixin.py:190} INFO - Dag name:dag_mod1234 and current dag run status:running
[2025-02-15T23:53:35.447+0000] {taskinstance.py:732} INFO - ::endgroup::
[2025-02-15T23:53:35.450+0000] {logging_mixin.py:190} INFO - CSV file path: /opt/***/assign2/data_home.csv
[2025-02-15T23:53:35.451+0000] {logging_mixin.py:190} INFO - Table name: data
[2025-02-15T23:53:35.988+0000] {logging_mixin.py:190} INFO - Columns in CSV: ['Headline', 'Image Path', 'Encoding']
[2025-02-15T23:53:35.998+0000] {base.py:84} INFO - Retrieving connection 'postgres_default'
[2025-02-15T23:53:36.002+0000] {logging_mixin.py:190} INFO - Create table query: 
    CREATE TABLE IF NOT EXISTS "data" (
        "Headline" VARCHAR, "Image Path" VARCHAR, "Encoding" VARCHAR
    )
    
[2025-02-15T23:53:36.041+0000] {logging_mixin.py:190} INFO - Insert query: 
        INSERT INTO "data" ("Headline", "Image Path", "Encoding")
        VALUES (%s, %s, %s)
        
[2025-02-15T23:53:36.044+0000] {logging_mixin.py:190} INFO - Insert query: 
        INSERT INTO "data" ("Headline", "Image Path", "Encoding")
        VALUES (%s, %s, %s)
        
[2025-02-15T23:53:36.045+0000] {logging_mixin.py:190} INFO - Insert query: 
        INSERT INTO "data" ("Headline", "Image Path", "Encoding")
        VALUES (%s, %s, %s)
        
[2025-02-15T23:53:36.046+0000] {logging_mixin.py:190} INFO - Insert query: 
        INSERT INTO "data" ("Headline", "Image Path", "Encoding")
        VALUES (%s, %s, %s)
        
[2025-02-15T23:53:36.047+0000] {logging_mixin.py:190} INFO - Insert query: 
        INSERT INTO "data" ("Headline", "Image Path", "Encoding")
        VALUES (%s, %s, %s)
        
[2025-02-15T23:53:36.048+0000] {logging_mixin.py:190} INFO - Insert query: 
        INSERT INTO "data" ("Headline", "Image Path", "Encoding")
        VALUES (%s, %s, %s)
        
[2025-02-15T23:53:36.049+0000] {logging_mixin.py:190} INFO - Insert query: 
        INSERT INTO "data" ("Headline", "Image Path", "Encoding")
        VALUES (%s, %s, %s)
        
[2025-02-15T23:53:36.050+0000] {logging_mixin.py:190} INFO - Insert query: 
        INSERT INTO "data" ("Headline", "Image Path", "Encoding")
        VALUES (%s, %s, %s)
        
[2025-02-15T23:53:36.050+0000] {logging_mixin.py:190} INFO - Insert query: 
        INSERT INTO "data" ("Headline", "Image Path", "Encoding")
        VALUES (%s, %s, %s)
        
[2025-02-15T23:53:36.051+0000] {logging_mixin.py:190} INFO - Insert query: 
        INSERT INTO "data" ("Headline", "Image Path", "Encoding")
        VALUES (%s, %s, %s)
        
[2025-02-15T23:53:36.052+0000] {logging_mixin.py:190} INFO - Insert query: 
        INSERT INTO "data" ("Headline", "Image Path", "Encoding")
        VALUES (%s, %s, %s)
        
[2025-02-15T23:53:36.054+0000] {logging_mixin.py:190} INFO - Insert query: 
        INSERT INTO "data" ("Headline", "Image Path", "Encoding")
        VALUES (%s, %s, %s)
        
[2025-02-15T23:53:36.173+0000] {logging_mixin.py:190} INFO - Insert query: 
        INSERT INTO "data" ("Headline", "Image Path", "Encoding")
        VALUES (%s, %s, %s)
        
[2025-02-15T23:53:36.174+0000] {logging_mixin.py:190} INFO - Insert query: 
        INSERT INTO "data" ("Headline", "Image Path", "Encoding")
        VALUES (%s, %s, %s)
        
[2025-02-15T23:53:36.175+0000] {logging_mixin.py:190} INFO - Insert query: 
        INSERT INTO "data" ("Headline", "Image Path", "Encoding")
        VALUES (%s, %s, %s)
        
[2025-02-15T23:53:36.176+0000] {logging_mixin.py:190} INFO - Insert query: 
        INSERT INTO "data" ("Headline", "Image Path", "Encoding")
        VALUES (%s, %s, %s)
        
[2025-02-15T23:53:36.177+0000] {logging_mixin.py:190} INFO - Insert query: 
        INSERT INTO "data" ("Headline", "Image Path", "Encoding")
        VALUES (%s, %s, %s)
        
[2025-02-15T23:53:36.178+0000] {logging_mixin.py:190} INFO - Insert query: 
        INSERT INTO "data" ("Headline", "Image Path", "Encoding")
        VALUES (%s, %s, %s)
        
[2025-02-15T23:53:36.179+0000] {logging_mixin.py:190} INFO - Insert query: 
        INSERT INTO "data" ("Headline", "Image Path", "Encoding")
        VALUES (%s, %s, %s)
        
[2025-02-15T23:53:36.180+0000] {logging_mixin.py:190} INFO - Insert query: 
        INSERT INTO "data" ("Headline", "Image Path", "Encoding")
        VALUES (%s, %s, %s)
        
[2025-02-15T23:53:36.181+0000] {logging_mixin.py:190} INFO - Insert query: 
        INSERT INTO "data" ("Headline", "Image Path", "Encoding")
        VALUES (%s, %s, %s)
        
[2025-02-15T23:53:36.182+0000] {logging_mixin.py:190} INFO - Insert query: 
        INSERT INTO "data" ("Headline", "Image Path", "Encoding")
        VALUES (%s, %s, %s)
        
[2025-02-15T23:53:36.183+0000] {logging_mixin.py:190} INFO - Insert query: 
        INSERT INTO "data" ("Headline", "Image Path", "Encoding")
        VALUES (%s, %s, %s)
        
[2025-02-15T23:53:36.266+0000] {logging_mixin.py:190} INFO - Insert query: 
        INSERT INTO "data" ("Headline", "Image Path", "Encoding")
        VALUES (%s, %s, %s)
        
[2025-02-15T23:53:36.268+0000] {logging_mixin.py:190} INFO - Insert query: 
        INSERT INTO "data" ("Headline", "Image Path", "Encoding")
        VALUES (%s, %s, %s)
        
[2025-02-15T23:53:36.269+0000] {logging_mixin.py:190} INFO - Insert query: 
        INSERT INTO "data" ("Headline", "Image Path", "Encoding")
        VALUES (%s, %s, %s)
        
[2025-02-15T23:53:36.271+0000] {logging_mixin.py:190} INFO - Insert query: 
        INSERT INTO "data" ("Headline", "Image Path", "Encoding")
        VALUES (%s, %s, %s)
        
[2025-02-15T23:53:36.272+0000] {logging_mixin.py:190} INFO - Insert query: 
        INSERT INTO "data" ("Headline", "Image Path", "Encoding")
        VALUES (%s, %s, %s)
        
[2025-02-15T23:53:36.273+0000] {logging_mixin.py:190} INFO - Insert query: 
        INSERT INTO "data" ("Headline", "Image Path", "Encoding")
        VALUES (%s, %s, %s)
        
[2025-02-15T23:53:36.274+0000] {logging_mixin.py:190} INFO - Insert query: 
        INSERT INTO "data" ("Headline", "Image Path", "Encoding")
        VALUES (%s, %s, %s)
        
[2025-02-15T23:53:36.275+0000] {logging_mixin.py:190} INFO - Insert query: 
        INSERT INTO "data" ("Headline", "Image Path", "Encoding")
        VALUES (%s, %s, %s)
        
[2025-02-15T23:53:36.293+0000] {logging_mixin.py:190} INFO - Insert query: 
        INSERT INTO "data" ("Headline", "Image Path", "Encoding")
        VALUES (%s, %s, %s)
        
[2025-02-15T23:53:36.303+0000] {logging_mixin.py:190} INFO - Insert query: 
        INSERT INTO "data" ("Headline", "Image Path", "Encoding")
        VALUES (%s, %s, %s)
        
[2025-02-15T23:53:36.314+0000] {logging_mixin.py:190} INFO - Insert query: 
        INSERT INTO "data" ("Headline", "Image Path", "Encoding")
        VALUES (%s, %s, %s)
        
[2025-02-15T23:53:36.390+0000] {logging_mixin.py:190} INFO - Insert query: 
        INSERT INTO "data" ("Headline", "Image Path", "Encoding")
        VALUES (%s, %s, %s)
        
[2025-02-15T23:53:36.401+0000] {logging_mixin.py:190} INFO - Insert query: 
        INSERT INTO "data" ("Headline", "Image Path", "Encoding")
        VALUES (%s, %s, %s)
        
[2025-02-15T23:53:36.410+0000] {logging_mixin.py:190} INFO - Insert query: 
        INSERT INTO "data" ("Headline", "Image Path", "Encoding")
        VALUES (%s, %s, %s)
        
[2025-02-15T23:53:36.426+0000] {logging_mixin.py:190} INFO - Insert query: 
        INSERT INTO "data" ("Headline", "Image Path", "Encoding")
        VALUES (%s, %s, %s)
        
[2025-02-15T23:53:36.435+0000] {logging_mixin.py:190} INFO - Insert query: 
        INSERT INTO "data" ("Headline", "Image Path", "Encoding")
        VALUES (%s, %s, %s)
        
[2025-02-15T23:53:36.451+0000] {logging_mixin.py:190} INFO - Insert query: 
        INSERT INTO "data" ("Headline", "Image Path", "Encoding")
        VALUES (%s, %s, %s)
        
[2025-02-15T23:53:36.463+0000] {logging_mixin.py:190} INFO - Insert query: 
        INSERT INTO "data" ("Headline", "Image Path", "Encoding")
        VALUES (%s, %s, %s)
        
[2025-02-15T23:53:36.471+0000] {logging_mixin.py:190} INFO - Insert query: 
        INSERT INTO "data" ("Headline", "Image Path", "Encoding")
        VALUES (%s, %s, %s)
        
[2025-02-15T23:53:36.483+0000] {logging_mixin.py:190} INFO - Insert query: 
        INSERT INTO "data" ("Headline", "Image Path", "Encoding")
        VALUES (%s, %s, %s)
        
[2025-02-15T23:53:36.491+0000] {logging_mixin.py:190} INFO - Insert query: 
        INSERT INTO "data" ("Headline", "Image Path", "Encoding")
        VALUES (%s, %s, %s)
        
[2025-02-15T23:53:36.503+0000] {logging_mixin.py:190} INFO - Insert query: 
        INSERT INTO "data" ("Headline", "Image Path", "Encoding")
        VALUES (%s, %s, %s)
        
[2025-02-15T23:53:36.505+0000] {logging_mixin.py:190} INFO - Insert query: 
        INSERT INTO "data" ("Headline", "Image Path", "Encoding")
        VALUES (%s, %s, %s)
        
[2025-02-15T23:53:36.513+0000] {logging_mixin.py:190} INFO - Insert query: 
        INSERT INTO "data" ("Headline", "Image Path", "Encoding")
        VALUES (%s, %s, %s)
        
[2025-02-15T23:53:36.522+0000] {logging_mixin.py:190} INFO - Insert query: 
        INSERT INTO "data" ("Headline", "Image Path", "Encoding")
        VALUES (%s, %s, %s)
        
[2025-02-15T23:53:36.541+0000] {logging_mixin.py:190} INFO - Insert query: 
        INSERT INTO "data" ("Headline", "Image Path", "Encoding")
        VALUES (%s, %s, %s)
        
[2025-02-15T23:53:36.554+0000] {logging_mixin.py:190} INFO - Insert query: 
        INSERT INTO "data" ("Headline", "Image Path", "Encoding")
        VALUES (%s, %s, %s)
        
[2025-02-15T23:53:36.575+0000] {logging_mixin.py:190} INFO - Insert query: 
        INSERT INTO "data" ("Headline", "Image Path", "Encoding")
        VALUES (%s, %s, %s)
        
[2025-02-15T23:53:36.588+0000] {logging_mixin.py:190} INFO - Insert query: 
        INSERT INTO "data" ("Headline", "Image Path", "Encoding")
        VALUES (%s, %s, %s)
        
[2025-02-15T23:53:36.598+0000] {logging_mixin.py:190} INFO - Insert query: 
        INSERT INTO "data" ("Headline", "Image Path", "Encoding")
        VALUES (%s, %s, %s)
        
[2025-02-15T23:53:36.608+0000] {logging_mixin.py:190} INFO - Insert query: 
        INSERT INTO "data" ("Headline", "Image Path", "Encoding")
        VALUES (%s, %s, %s)
        
[2025-02-15T23:53:36.677+0000] {logging_mixin.py:190} INFO - Insert query: 
        INSERT INTO "data" ("Headline", "Image Path", "Encoding")
        VALUES (%s, %s, %s)
        
[2025-02-15T23:53:36.739+0000] {logging_mixin.py:190} INFO - Insert query: 
        INSERT INTO "data" ("Headline", "Image Path", "Encoding")
        VALUES (%s, %s, %s)
        
[2025-02-15T23:53:36.809+0000] {logging_mixin.py:190} INFO - Insert query: 
        INSERT INTO "data" ("Headline", "Image Path", "Encoding")
        VALUES (%s, %s, %s)
        
[2025-02-15T23:53:36.881+0000] {logging_mixin.py:190} INFO - Insert query: 
        INSERT INTO "data" ("Headline", "Image Path", "Encoding")
        VALUES (%s, %s, %s)
        
[2025-02-15T23:53:36.958+0000] {logging_mixin.py:190} INFO - Insert query: 
        INSERT INTO "data" ("Headline", "Image Path", "Encoding")
        VALUES (%s, %s, %s)
        
[2025-02-15T23:53:37.100+0000] {logging_mixin.py:190} INFO - Insert query: 
        INSERT INTO "data" ("Headline", "Image Path", "Encoding")
        VALUES (%s, %s, %s)
        
[2025-02-15T23:53:37.212+0000] {logging_mixin.py:190} INFO - Insert query: 
        INSERT INTO "data" ("Headline", "Image Path", "Encoding")
        VALUES (%s, %s, %s)
        
[2025-02-15T23:53:37.220+0000] {logging_mixin.py:190} INFO - Data insertion completed successfully
[2025-02-15T23:53:37.226+0000] {python.py:240} INFO - Done. Returned value was: None
[2025-02-15T23:53:37.246+0000] {taskinstance.py:341} INFO - ::group::Post task execution logs
[2025-02-15T23:53:37.247+0000] {taskinstance.py:353} INFO - Marking task as SUCCESS. dag_id=dag_mod1234, task_id=main4, run_id=scheduled__2025-02-14T00:00:00+00:00, execution_date=20250214T000000, start_date=20250215T235335, end_date=20250215T235337
[2025-02-15T23:53:37.288+0000] {logging_mixin.py:190} INFO - Task instance in success state
[2025-02-15T23:53:37.289+0000] {logging_mixin.py:190} INFO -  Previous state of the Task instance: running
[2025-02-15T23:53:37.290+0000] {logging_mixin.py:190} INFO - Dag name:dag_mod1234 queued_at:2025-02-15 23:37:14.181127+00:00
[2025-02-15T23:53:37.291+0000] {logging_mixin.py:190} INFO - Task hostname:ce687c8aaad7 operator:PythonOperator
[2025-02-15T23:53:37.330+0000] {local_task_job_runner.py:266} INFO - Task exited with return code 0
[2025-02-15T23:53:37.352+0000] {taskinstance.py:3901} INFO - 0 downstream tasks scheduled from follow-on schedule check
[2025-02-15T23:53:37.356+0000] {local_task_job_runner.py:245} INFO - ::endgroup::
