[2025-02-16T00:02:13.252+0000] {local_task_job_runner.py:123} INFO - ::group::Pre task execution logs
[2025-02-16T00:02:13.285+0000] {taskinstance.py:2614} INFO - Dependencies all met for dep_context=non-requeueable deps ti=<TaskInstance: dag_mod1234.main3 manual__2025-02-16T00:01:30.885176+00:00 [queued]>
[2025-02-16T00:02:13.303+0000] {taskinstance.py:2614} INFO - Dependencies all met for dep_context=requeueable deps ti=<TaskInstance: dag_mod1234.main3 manual__2025-02-16T00:01:30.885176+00:00 [queued]>
[2025-02-16T00:02:13.304+0000] {taskinstance.py:2867} INFO - Starting attempt 1 of 6
[2025-02-16T00:02:13.323+0000] {taskinstance.py:2890} INFO - Executing <Task(PythonOperator): main3> on 2025-02-16 00:01:30.885176+00:00
[2025-02-16T00:02:13.338+0000] {standard_task_runner.py:104} INFO - Running: ['***', 'tasks', 'run', 'dag_mod1234', 'main3', 'manual__2025-02-16T00:01:30.885176+00:00', '--job-id', '106', '--raw', '--subdir', 'DAGS_FOLDER/dag_mod1.py', '--cfg-path', '/tmp/tmpziilzy53']
[2025-02-16T00:02:13.340+0000] {standard_task_runner.py:105} INFO - Job 106: Subtask main3
[2025-02-16T00:02:13.345+0000] {logging_mixin.py:190} WARNING - /home/***/.local/lib/python3.12/site-packages/***/task/task_runner/standard_task_runner.py:70 DeprecationWarning: This process (pid=16594) is multi-threaded, use of fork() may lead to deadlocks in the child.
[2025-02-16T00:02:13.349+0000] {standard_task_runner.py:72} INFO - Started process 16633 to run task
[2025-02-16T00:02:13.408+0000] {task_command.py:467} INFO - Running <TaskInstance: dag_mod1234.main3 manual__2025-02-16T00:01:30.885176+00:00 [running]> on host ce687c8aaad7
[2025-02-16T00:02:13.525+0000] {taskinstance.py:3134} INFO - Exporting env vars: AIRFLOW_CTX_DAG_OWNER='***' AIRFLOW_CTX_DAG_ID='dag_mod1234' AIRFLOW_CTX_TASK_ID='main3' AIRFLOW_CTX_EXECUTION_DATE='2025-02-16T00:01:30.885176+00:00' AIRFLOW_CTX_TRY_NUMBER='1' AIRFLOW_CTX_DAG_RUN_ID='manual__2025-02-16T00:01:30.885176+00:00'
[2025-02-16T00:02:13.528+0000] {logging_mixin.py:190} INFO - Task instance is in running state
[2025-02-16T00:02:13.529+0000] {logging_mixin.py:190} INFO -  Previous state of the Task instance: queued
[2025-02-16T00:02:13.529+0000] {logging_mixin.py:190} INFO - Current task name:main3 state:running start_date:2025-02-16 00:02:13.286220+00:00
[2025-02-16T00:02:13.530+0000] {logging_mixin.py:190} INFO - Dag name:dag_mod1234 and current dag run status:running
[2025-02-16T00:02:13.531+0000] {taskinstance.py:732} INFO - ::endgroup::
[2025-02-16T00:02:13.534+0000] {logging_mixin.py:190} INFO - Processing data_...
[2025-02-16T00:02:26.304+0000] {logging_mixin.py:190} INFO - Data saved to data_.csv
[2025-02-16T00:02:26.307+0000] {python.py:240} INFO - Done. Returned value was: None
[2025-02-16T00:02:26.321+0000] {taskinstance.py:341} INFO - ::group::Post task execution logs
[2025-02-16T00:02:26.322+0000] {taskinstance.py:353} INFO - Marking task as SUCCESS. dag_id=dag_mod1234, task_id=main3, run_id=manual__2025-02-16T00:01:30.885176+00:00, execution_date=20250216T000130, start_date=20250216T000213, end_date=20250216T000226
[2025-02-16T00:02:26.352+0000] {logging_mixin.py:190} INFO - Task instance in success state
[2025-02-16T00:02:26.353+0000] {logging_mixin.py:190} INFO -  Previous state of the Task instance: running
[2025-02-16T00:02:26.353+0000] {logging_mixin.py:190} INFO - Dag name:dag_mod1234 queued_at:2025-02-16 00:01:31.496287+00:00
[2025-02-16T00:02:26.354+0000] {logging_mixin.py:190} INFO - Task hostname:ce687c8aaad7 operator:PythonOperator
[2025-02-16T00:02:26.406+0000] {local_task_job_runner.py:266} INFO - Task exited with return code 0
[2025-02-16T00:02:26.453+0000] {taskinstance.py:3901} INFO - 1 downstream tasks scheduled from follow-on schedule check
[2025-02-16T00:02:26.458+0000] {local_task_job_runner.py:245} INFO - ::endgroup::
