[2025-02-15T20:40:52.982+0000] {local_task_job_runner.py:123} INFO - ::group::Pre task execution logs
[2025-02-15T20:40:53.000+0000] {taskinstance.py:2614} INFO - Dependencies all met for dep_context=non-requeueable deps ti=<TaskInstance: dag_mod123.main12 manual__2025-02-15T20:40:47.124056+00:00 [queued]>
[2025-02-15T20:40:53.012+0000] {taskinstance.py:2614} INFO - Dependencies all met for dep_context=requeueable deps ti=<TaskInstance: dag_mod123.main12 manual__2025-02-15T20:40:47.124056+00:00 [queued]>
[2025-02-15T20:40:53.014+0000] {taskinstance.py:2867} INFO - Starting attempt 1 of 6
[2025-02-15T20:40:53.034+0000] {taskinstance.py:2890} INFO - Executing <Task(PythonOperator): main12> on 2025-02-15 20:40:47.124056+00:00
[2025-02-15T20:40:53.056+0000] {standard_task_runner.py:104} INFO - Running: ['***', 'tasks', 'run', 'dag_mod123', 'main12', 'manual__2025-02-15T20:40:47.124056+00:00', '--job-id', '74', '--raw', '--subdir', 'DAGS_FOLDER/dag_mod1.py', '--cfg-path', '/tmp/tmpwrm2geom']
[2025-02-15T20:40:53.058+0000] {standard_task_runner.py:105} INFO - Job 74: Subtask main12
[2025-02-15T20:40:53.062+0000] {logging_mixin.py:190} WARNING - /home/***/.local/lib/python3.12/site-packages/***/task/task_runner/standard_task_runner.py:70 DeprecationWarning: This process (pid=12687) is multi-threaded, use of fork() may lead to deadlocks in the child.
[2025-02-15T20:40:53.064+0000] {standard_task_runner.py:72} INFO - Started process 12720 to run task
[2025-02-15T20:40:53.127+0000] {task_command.py:467} INFO - Running <TaskInstance: dag_mod123.main12 manual__2025-02-15T20:40:47.124056+00:00 [running]> on host 2c847b238078
[2025-02-15T20:40:53.285+0000] {taskinstance.py:3134} INFO - Exporting env vars: AIRFLOW_CTX_DAG_OWNER='***' AIRFLOW_CTX_DAG_ID='dag_mod123' AIRFLOW_CTX_TASK_ID='main12' AIRFLOW_CTX_EXECUTION_DATE='2025-02-15T20:40:47.124056+00:00' AIRFLOW_CTX_TRY_NUMBER='1' AIRFLOW_CTX_DAG_RUN_ID='manual__2025-02-15T20:40:47.124056+00:00'
[2025-02-15T20:40:53.289+0000] {logging_mixin.py:190} INFO - Task instance is in running state
[2025-02-15T20:40:53.290+0000] {logging_mixin.py:190} INFO -  Previous state of the Task instance: queued
[2025-02-15T20:40:53.291+0000] {logging_mixin.py:190} INFO - Current task name:main12 state:running start_date:2025-02-15 20:40:53.001764+00:00
[2025-02-15T20:40:53.292+0000] {logging_mixin.py:190} INFO - Dag name:dag_mod123 and current dag run status:running
[2025-02-15T20:40:53.293+0000] {taskinstance.py:732} INFO - ::endgroup::
[2025-02-15T20:40:54.344+0000] {selenium_manager.py:138} WARNING - The geckodriver version (0.30.0) detected in PATH at /usr/local/bin/geckodriver might not be compatible with the detected firefox version (128.7.0); currently, geckodriver 0.35.0 is recommended for firefox 128.*, so it is advised to delete the driver in PATH and retry
[2025-02-15T20:41:17.410+0000] {logging_mixin.py:190} INFO - 61 articles found.
[2025-02-15T20:41:17.444+0000] {logging_mixin.py:190} INFO - Saved: data_/news_1.html
[2025-02-15T20:41:17.455+0000] {logging_mixin.py:190} INFO - Saved: data_/news_2.html
[2025-02-15T20:41:17.467+0000] {logging_mixin.py:190} INFO - Saved: data_/news_3.html
[2025-02-15T20:41:17.481+0000] {logging_mixin.py:190} INFO - Saved: data_/news_4.html
[2025-02-15T20:41:17.494+0000] {logging_mixin.py:190} INFO - Saved: data_/news_5.html
[2025-02-15T20:41:17.508+0000] {logging_mixin.py:190} INFO - Saved: data_/news_6.html
[2025-02-15T20:41:17.518+0000] {logging_mixin.py:190} INFO - Saved: data_/news_7.html
[2025-02-15T20:41:17.529+0000] {logging_mixin.py:190} INFO - Saved: data_/news_8.html
[2025-02-15T20:41:17.541+0000] {logging_mixin.py:190} INFO - Saved: data_/news_9.html
[2025-02-15T20:41:17.557+0000] {logging_mixin.py:190} INFO - Saved: data_/news_10.html
[2025-02-15T20:41:17.566+0000] {logging_mixin.py:190} INFO - Saved: data_/news_11.html
[2025-02-15T20:41:17.578+0000] {logging_mixin.py:190} INFO - Saved: data_/news_12.html
[2025-02-15T20:41:17.591+0000] {logging_mixin.py:190} INFO - Saved: data_/news_13.html
[2025-02-15T20:41:17.603+0000] {logging_mixin.py:190} INFO - Saved: data_/news_14.html
[2025-02-15T20:41:17.615+0000] {logging_mixin.py:190} INFO - Saved: data_/news_15.html
[2025-02-15T20:41:17.626+0000] {logging_mixin.py:190} INFO - Saved: data_/news_16.html
[2025-02-15T20:41:17.637+0000] {logging_mixin.py:190} INFO - Saved: data_/news_17.html
[2025-02-15T20:41:17.648+0000] {logging_mixin.py:190} INFO - Saved: data_/news_18.html
[2025-02-15T20:41:17.664+0000] {logging_mixin.py:190} INFO - Saved: data_/news_19.html
[2025-02-15T20:41:17.674+0000] {logging_mixin.py:190} INFO - Saved: data_/news_20.html
[2025-02-15T20:41:17.689+0000] {logging_mixin.py:190} INFO - Saved: data_/news_21.html
[2025-02-15T20:41:17.702+0000] {logging_mixin.py:190} INFO - Saved: data_/news_22.html
[2025-02-15T20:41:17.713+0000] {logging_mixin.py:190} INFO - Saved: data_/news_23.html
[2025-02-15T20:41:17.726+0000] {logging_mixin.py:190} INFO - Saved: data_/news_24.html
[2025-02-15T20:41:17.737+0000] {logging_mixin.py:190} INFO - Saved: data_/news_25.html
[2025-02-15T20:41:17.747+0000] {logging_mixin.py:190} INFO - Saved: data_/news_26.html
[2025-02-15T20:41:17.757+0000] {logging_mixin.py:190} INFO - Saved: data_/news_27.html
[2025-02-15T20:41:17.769+0000] {logging_mixin.py:190} INFO - Saved: data_/news_28.html
[2025-02-15T20:41:17.780+0000] {logging_mixin.py:190} INFO - Saved: data_/news_29.html
[2025-02-15T20:41:17.789+0000] {logging_mixin.py:190} INFO - Saved: data_/news_30.html
[2025-02-15T20:41:17.800+0000] {logging_mixin.py:190} INFO - Saved: data_/news_31.html
[2025-02-15T20:41:17.813+0000] {logging_mixin.py:190} INFO - Saved: data_/news_32.html
[2025-02-15T20:41:17.823+0000] {logging_mixin.py:190} INFO - Saved: data_/news_33.html
[2025-02-15T20:41:17.835+0000] {logging_mixin.py:190} INFO - Saved: data_/news_34.html
[2025-02-15T20:41:17.848+0000] {logging_mixin.py:190} INFO - Saved: data_/news_35.html
[2025-02-15T20:41:17.859+0000] {logging_mixin.py:190} INFO - Saved: data_/news_36.html
[2025-02-15T20:41:17.869+0000] {logging_mixin.py:190} INFO - Saved: data_/news_37.html
[2025-02-15T20:41:17.879+0000] {logging_mixin.py:190} INFO - Saved: data_/news_38.html
[2025-02-15T20:41:17.890+0000] {logging_mixin.py:190} INFO - Saved: data_/news_39.html
[2025-02-15T20:41:17.900+0000] {logging_mixin.py:190} INFO - Saved: data_/news_40.html
[2025-02-15T20:41:17.908+0000] {logging_mixin.py:190} INFO - Saved: data_/news_41.html
[2025-02-15T20:41:17.919+0000] {logging_mixin.py:190} INFO - Saved: data_/news_42.html
[2025-02-15T20:41:17.930+0000] {logging_mixin.py:190} INFO - Saved: data_/news_43.html
[2025-02-15T20:41:17.939+0000] {logging_mixin.py:190} INFO - Saved: data_/news_44.html
[2025-02-15T20:41:17.949+0000] {logging_mixin.py:190} INFO - Saved: data_/news_45.html
[2025-02-15T20:41:17.959+0000] {logging_mixin.py:190} INFO - Saved: data_/news_46.html
[2025-02-15T20:41:17.969+0000] {logging_mixin.py:190} INFO - Saved: data_/news_47.html
[2025-02-15T20:41:17.978+0000] {logging_mixin.py:190} INFO - Saved: data_/news_48.html
[2025-02-15T20:41:17.990+0000] {logging_mixin.py:190} INFO - Saved: data_/news_49.html
[2025-02-15T20:41:17.999+0000] {logging_mixin.py:190} INFO - Saved: data_/news_50.html
[2025-02-15T20:41:18.008+0000] {logging_mixin.py:190} INFO - Saved: data_/news_51.html
[2025-02-15T20:41:18.018+0000] {logging_mixin.py:190} INFO - Saved: data_/news_52.html
[2025-02-15T20:41:18.026+0000] {logging_mixin.py:190} INFO - Saved: data_/news_53.html
[2025-02-15T20:41:18.036+0000] {logging_mixin.py:190} INFO - Saved: data_/news_54.html
[2025-02-15T20:41:18.046+0000] {logging_mixin.py:190} INFO - Saved: data_/news_55.html
[2025-02-15T20:41:18.055+0000] {logging_mixin.py:190} INFO - Saved: data_/news_56.html
[2025-02-15T20:41:18.063+0000] {logging_mixin.py:190} INFO - Saved: data_/news_57.html
[2025-02-15T20:41:18.072+0000] {logging_mixin.py:190} INFO - Saved: data_/news_58.html
[2025-02-15T20:41:18.089+0000] {logging_mixin.py:190} INFO - Saved: data_/news_59.html
[2025-02-15T20:41:18.101+0000] {logging_mixin.py:190} INFO - Saved: data_/news_60.html
[2025-02-15T20:41:18.113+0000] {logging_mixin.py:190} INFO - Saved: data_/news_61.html
[2025-02-15T20:41:19.666+0000] {connectionpool.py:868} WARNING - Retrying (Retry(total=2, connect=None, read=None, redirect=None, status=None)) after connection broken by 'NewConnectionError('<urllib3.connection.HTTPConnection object at 0x7feed81c7500>: Failed to establish a new connection: [Errno 111] Connection refused')': /session/03ee9428-f611-4412-9ee4-a3049628f4cd
[2025-02-15T20:41:19.669+0000] {connectionpool.py:868} WARNING - Retrying (Retry(total=1, connect=None, read=None, redirect=None, status=None)) after connection broken by 'NewConnectionError('<urllib3.connection.HTTPConnection object at 0x7feed81c6fc0>: Failed to establish a new connection: [Errno 111] Connection refused')': /session/03ee9428-f611-4412-9ee4-a3049628f4cd
[2025-02-15T20:41:19.672+0000] {connectionpool.py:868} WARNING - Retrying (Retry(total=0, connect=None, read=None, redirect=None, status=None)) after connection broken by 'NewConnectionError('<urllib3.connection.HTTPConnection object at 0x7feed81c7aa0>: Failed to establish a new connection: [Errno 111] Connection refused')': /session/03ee9428-f611-4412-9ee4-a3049628f4cd
[2025-02-15T20:41:19.688+0000] {python.py:240} INFO - Done. Returned value was: None
[2025-02-15T20:41:19.790+0000] {taskinstance.py:341} INFO - ::group::Post task execution logs
[2025-02-15T20:41:19.793+0000] {taskinstance.py:353} INFO - Marking task as SUCCESS. dag_id=dag_mod123, task_id=main12, run_id=manual__2025-02-15T20:40:47.124056+00:00, execution_date=20250215T204047, start_date=20250215T204053, end_date=20250215T204119
[2025-02-15T20:41:19.920+0000] {logging_mixin.py:190} INFO - Task instance in success state
[2025-02-15T20:41:19.922+0000] {logging_mixin.py:190} INFO -  Previous state of the Task instance: running
[2025-02-15T20:41:19.923+0000] {logging_mixin.py:190} INFO - Dag name:dag_mod123 queued_at:2025-02-15 20:40:47.644870+00:00
[2025-02-15T20:41:19.924+0000] {logging_mixin.py:190} INFO - Task hostname:2c847b238078 operator:PythonOperator
[2025-02-15T20:41:19.995+0000] {local_task_job_runner.py:266} INFO - Task exited with return code 0
[2025-02-15T20:41:20.177+0000] {taskinstance.py:3901} INFO - 1 downstream tasks scheduled from follow-on schedule check
[2025-02-15T20:41:20.181+0000] {local_task_job_runner.py:245} INFO - ::endgroup::
