[2025-02-15T23:44:41.592+0000] {local_task_job_runner.py:123} INFO - ::group::Pre task execution logs
[2025-02-15T23:44:41.622+0000] {taskinstance.py:2614} INFO - Dependencies all met for dep_context=non-requeueable deps ti=<TaskInstance: dag_mod1234.main3 manual__2025-02-15T23:44:09.227152+00:00 [queued]>
[2025-02-15T23:44:41.635+0000] {taskinstance.py:2614} INFO - Dependencies all met for dep_context=requeueable deps ti=<TaskInstance: dag_mod1234.main3 manual__2025-02-15T23:44:09.227152+00:00 [queued]>
[2025-02-15T23:44:41.636+0000] {taskinstance.py:2867} INFO - Starting attempt 1 of 6
[2025-02-15T23:44:41.653+0000] {taskinstance.py:2890} INFO - Executing <Task(PythonOperator): main3> on 2025-02-15 23:44:09.227152+00:00
[2025-02-15T23:44:41.663+0000] {standard_task_runner.py:104} INFO - Running: ['***', 'tasks', 'run', 'dag_mod1234', 'main3', 'manual__2025-02-15T23:44:09.227152+00:00', '--job-id', '91', '--raw', '--subdir', 'DAGS_FOLDER/dag_mod1.py', '--cfg-path', '/tmp/tmpukjsu3vb']
[2025-02-15T23:44:41.665+0000] {standard_task_runner.py:105} INFO - Job 91: Subtask main3
[2025-02-15T23:44:41.668+0000] {logging_mixin.py:190} WARNING - /home/***/.local/lib/python3.12/site-packages/***/task/task_runner/standard_task_runner.py:70 DeprecationWarning: This process (pid=5674) is multi-threaded, use of fork() may lead to deadlocks in the child.
[2025-02-15T23:44:41.669+0000] {standard_task_runner.py:72} INFO - Started process 5704 to run task
[2025-02-15T23:44:41.728+0000] {task_command.py:467} INFO - Running <TaskInstance: dag_mod1234.main3 manual__2025-02-15T23:44:09.227152+00:00 [running]> on host ce687c8aaad7
[2025-02-15T23:44:41.828+0000] {taskinstance.py:3134} INFO - Exporting env vars: AIRFLOW_CTX_DAG_OWNER='***' AIRFLOW_CTX_DAG_ID='dag_mod1234' AIRFLOW_CTX_TASK_ID='main3' AIRFLOW_CTX_EXECUTION_DATE='2025-02-15T23:44:09.227152+00:00' AIRFLOW_CTX_TRY_NUMBER='1' AIRFLOW_CTX_DAG_RUN_ID='manual__2025-02-15T23:44:09.227152+00:00'
[2025-02-15T23:44:41.831+0000] {logging_mixin.py:190} INFO - Task instance is in running state
[2025-02-15T23:44:41.831+0000] {logging_mixin.py:190} INFO -  Previous state of the Task instance: queued
[2025-02-15T23:44:41.832+0000] {logging_mixin.py:190} INFO - Current task name:main3 state:running start_date:2025-02-15 23:44:41.623195+00:00
[2025-02-15T23:44:41.833+0000] {logging_mixin.py:190} INFO - Dag name:dag_mod1234 and current dag run status:running
[2025-02-15T23:44:41.833+0000] {taskinstance.py:732} INFO - ::endgroup::
[2025-02-15T23:44:41.837+0000] {logging_mixin.py:190} INFO - Processing data_...
[2025-02-15T23:44:59.386+0000] {logging_mixin.py:190} INFO - Data saved to data_.csv
[2025-02-15T23:44:59.389+0000] {python.py:240} INFO - Done. Returned value was: None
[2025-02-15T23:44:59.399+0000] {taskinstance.py:341} INFO - ::group::Post task execution logs
[2025-02-15T23:44:59.400+0000] {taskinstance.py:353} INFO - Marking task as SUCCESS. dag_id=dag_mod1234, task_id=main3, run_id=manual__2025-02-15T23:44:09.227152+00:00, execution_date=20250215T234409, start_date=20250215T234441, end_date=20250215T234459
[2025-02-15T23:44:59.432+0000] {logging_mixin.py:190} INFO - Task instance in success state
[2025-02-15T23:44:59.433+0000] {logging_mixin.py:190} INFO -  Previous state of the Task instance: running
[2025-02-15T23:44:59.433+0000] {logging_mixin.py:190} INFO - Dag name:dag_mod1234 queued_at:2025-02-15 23:44:09.658995+00:00
[2025-02-15T23:44:59.434+0000] {logging_mixin.py:190} INFO - Task hostname:ce687c8aaad7 operator:PythonOperator
[2025-02-15T23:44:59.481+0000] {local_task_job_runner.py:266} INFO - Task exited with return code 0
[2025-02-15T23:44:59.504+0000] {taskinstance.py:3901} INFO - 1 downstream tasks scheduled from follow-on schedule check
[2025-02-15T23:44:59.508+0000] {local_task_job_runner.py:245} INFO - ::endgroup::
