[2025-02-16T10:01:00.109+0000] {local_task_job_runner.py:123} INFO - ::group::Pre task execution logs
[2025-02-16T10:01:00.217+0000] {taskinstance.py:2614} INFO - Dependencies all met for dep_context=non-requeueable deps ti=<TaskInstance: dag_hourly_scraper.main3 scheduled__2025-02-16T09:00:00+00:00 [queued]>
[2025-02-16T10:01:00.262+0000] {taskinstance.py:2614} INFO - Dependencies all met for dep_context=requeueable deps ti=<TaskInstance: dag_hourly_scraper.main3 scheduled__2025-02-16T09:00:00+00:00 [queued]>
[2025-02-16T10:01:00.265+0000] {taskinstance.py:2867} INFO - Starting attempt 1 of 6
[2025-02-16T10:01:00.349+0000] {taskinstance.py:2890} INFO - Executing <Task(PythonOperator): main3> on 2025-02-16 09:00:00+00:00
[2025-02-16T10:01:00.416+0000] {standard_task_runner.py:104} INFO - Running: ['***', 'tasks', 'run', 'dag_hourly_scraper', 'main3', 'scheduled__2025-02-16T09:00:00+00:00', '--job-id', '146', '--raw', '--subdir', 'DAGS_FOLDER/dag_1_5.py', '--cfg-path', '/tmp/tmpj_avsrw1']
[2025-02-16T10:01:00.421+0000] {logging_mixin.py:190} WARNING - /home/***/.local/lib/python3.12/site-packages/***/task/task_runner/standard_task_runner.py:70 DeprecationWarning: This process (pid=85212) is multi-threaded, use of fork() may lead to deadlocks in the child.
[2025-02-16T10:01:00.430+0000] {standard_task_runner.py:105} INFO - Job 146: Subtask main3
[2025-02-16T10:01:00.431+0000] {standard_task_runner.py:72} INFO - Started process 85325 to run task
[2025-02-16T10:01:00.588+0000] {task_command.py:467} INFO - Running <TaskInstance: dag_hourly_scraper.main3 scheduled__2025-02-16T09:00:00+00:00 [running]> on host ce687c8aaad7
[2025-02-16T10:01:00.863+0000] {taskinstance.py:3134} INFO - Exporting env vars: AIRFLOW_CTX_DAG_OWNER='***' AIRFLOW_CTX_DAG_ID='dag_hourly_scraper' AIRFLOW_CTX_TASK_ID='main3' AIRFLOW_CTX_EXECUTION_DATE='2025-02-16T09:00:00+00:00' AIRFLOW_CTX_TRY_NUMBER='1' AIRFLOW_CTX_DAG_RUN_ID='scheduled__2025-02-16T09:00:00+00:00'
[2025-02-16T10:01:00.868+0000] {logging_mixin.py:190} INFO - Task instance is in running state
[2025-02-16T10:01:00.870+0000] {logging_mixin.py:190} INFO -  Previous state of the Task instance: queued
[2025-02-16T10:01:00.873+0000] {logging_mixin.py:190} INFO - Current task name:main3 state:running start_date:2025-02-16 10:01:00.219743+00:00
[2025-02-16T10:01:00.877+0000] {logging_mixin.py:190} INFO - Dag name:dag_hourly_scraper and current dag run status:running
[2025-02-16T10:01:00.882+0000] {taskinstance.py:732} INFO - ::endgroup::
[2025-02-16T10:01:00.900+0000] {logging_mixin.py:190} INFO - Processing data_...
[2025-02-16T10:01:22.520+0000] {logging_mixin.py:190} INFO - Data saved to data_.csv
[2025-02-16T10:01:22.527+0000] {python.py:240} INFO - Done. Returned value was: None
[2025-02-16T10:01:22.547+0000] {taskinstance.py:341} INFO - ::group::Post task execution logs
[2025-02-16T10:01:22.548+0000] {taskinstance.py:353} INFO - Marking task as SUCCESS. dag_id=dag_hourly_scraper, task_id=main3, run_id=scheduled__2025-02-16T09:00:00+00:00, execution_date=20250216T090000, start_date=20250216T100100, end_date=20250216T100122
[2025-02-16T10:01:22.608+0000] {logging_mixin.py:190} INFO - Task instance in success state
[2025-02-16T10:01:22.609+0000] {logging_mixin.py:190} INFO -  Previous state of the Task instance: running
[2025-02-16T10:01:22.611+0000] {logging_mixin.py:190} INFO - Dag name:dag_hourly_scraper queued_at:2025-02-16 10:00:01.364625+00:00
[2025-02-16T10:01:22.612+0000] {logging_mixin.py:190} INFO - Task hostname:ce687c8aaad7 operator:PythonOperator
[2025-02-16T10:01:22.641+0000] {local_task_job_runner.py:266} INFO - Task exited with return code 0
[2025-02-16T10:01:22.702+0000] {taskinstance.py:3901} INFO - 1 downstream tasks scheduled from follow-on schedule check
[2025-02-16T10:01:22.715+0000] {local_task_job_runner.py:245} INFO - ::endgroup::
