[2025-02-16T00:21:28.456+0000] {processor.py:186} INFO - Started process (PID=28235) to work on /opt/airflow/dags/dag_scrape_scheduler.py
[2025-02-16T00:21:28.458+0000] {processor.py:914} INFO - Processing file /opt/airflow/dags/dag_scrape_scheduler.py for tasks to queue
[2025-02-16T00:21:28.465+0000] {logging_mixin.py:190} INFO - [2025-02-16T00:21:28.463+0000] {dagbag.py:588} INFO - Filling up the DagBag from /opt/airflow/dags/dag_scrape_scheduler.py
[2025-02-16T00:21:29.479+0000] {processor.py:925} INFO - DAG(s) 'hourly_scraper' retrieved from /opt/airflow/dags/dag_scrape_scheduler.py
[2025-02-16T00:21:29.704+0000] {logging_mixin.py:190} INFO - [2025-02-16T00:21:29.704+0000] {dag.py:3239} INFO - Sync 1 DAGs
[2025-02-16T00:21:29.737+0000] {logging_mixin.py:190} INFO - [2025-02-16T00:21:29.737+0000] {dag.py:4180} INFO - Setting next_dagrun for hourly_scraper to 2025-02-16 00:00:00+00:00, run_after=2025-02-16 01:00:00+00:00
[2025-02-16T00:21:29.779+0000] {processor.py:208} INFO - Processing /opt/airflow/dags/dag_scrape_scheduler.py took 1.339 seconds
[2025-02-16T00:22:00.740+0000] {processor.py:186} INFO - Started process (PID=28531) to work on /opt/airflow/dags/dag_scrape_scheduler.py
[2025-02-16T00:22:00.743+0000] {processor.py:914} INFO - Processing file /opt/airflow/dags/dag_scrape_scheduler.py for tasks to queue
[2025-02-16T00:22:00.748+0000] {logging_mixin.py:190} INFO - [2025-02-16T00:22:00.747+0000] {dagbag.py:588} INFO - Filling up the DagBag from /opt/airflow/dags/dag_scrape_scheduler.py
[2025-02-16T00:22:01.173+0000] {processor.py:925} INFO - DAG(s) 'hourly_scraper' retrieved from /opt/airflow/dags/dag_scrape_scheduler.py
[2025-02-16T00:22:01.197+0000] {logging_mixin.py:190} INFO - [2025-02-16T00:22:01.196+0000] {dag.py:3239} INFO - Sync 1 DAGs
[2025-02-16T00:22:01.227+0000] {logging_mixin.py:190} INFO - [2025-02-16T00:22:01.227+0000] {dag.py:4180} INFO - Setting next_dagrun for hourly_scraper to 2025-02-16 00:00:00+00:00, run_after=2025-02-16 01:00:00+00:00
[2025-02-16T00:22:01.246+0000] {processor.py:208} INFO - Processing /opt/airflow/dags/dag_scrape_scheduler.py took 0.520 seconds
[2025-02-16T00:22:31.328+0000] {processor.py:186} INFO - Started process (PID=28832) to work on /opt/airflow/dags/dag_scrape_scheduler.py
[2025-02-16T00:22:31.329+0000] {processor.py:914} INFO - Processing file /opt/airflow/dags/dag_scrape_scheduler.py for tasks to queue
[2025-02-16T00:22:31.331+0000] {logging_mixin.py:190} INFO - [2025-02-16T00:22:31.331+0000] {dagbag.py:588} INFO - Filling up the DagBag from /opt/airflow/dags/dag_scrape_scheduler.py
[2025-02-16T00:22:31.580+0000] {processor.py:925} INFO - DAG(s) 'hourly_scraper' retrieved from /opt/airflow/dags/dag_scrape_scheduler.py
[2025-02-16T00:22:31.600+0000] {logging_mixin.py:190} INFO - [2025-02-16T00:22:31.600+0000] {dag.py:3239} INFO - Sync 1 DAGs
[2025-02-16T00:22:31.637+0000] {logging_mixin.py:190} INFO - [2025-02-16T00:22:31.636+0000] {dag.py:4180} INFO - Setting next_dagrun for hourly_scraper to 2025-02-16 00:00:00+00:00, run_after=2025-02-16 01:00:00+00:00
[2025-02-16T00:22:31.662+0000] {processor.py:208} INFO - Processing /opt/airflow/dags/dag_scrape_scheduler.py took 0.344 seconds
[2025-02-16T00:23:01.908+0000] {processor.py:186} INFO - Started process (PID=29136) to work on /opt/airflow/dags/dag_scrape_scheduler.py
[2025-02-16T00:23:01.910+0000] {processor.py:914} INFO - Processing file /opt/airflow/dags/dag_scrape_scheduler.py for tasks to queue
[2025-02-16T00:23:01.913+0000] {logging_mixin.py:190} INFO - [2025-02-16T00:23:01.912+0000] {dagbag.py:588} INFO - Filling up the DagBag from /opt/airflow/dags/dag_scrape_scheduler.py
[2025-02-16T00:23:02.183+0000] {processor.py:925} INFO - DAG(s) 'hourly_scraper' retrieved from /opt/airflow/dags/dag_scrape_scheduler.py
[2025-02-16T00:23:02.215+0000] {logging_mixin.py:190} INFO - [2025-02-16T00:23:02.213+0000] {dag.py:3239} INFO - Sync 1 DAGs
[2025-02-16T00:23:02.260+0000] {logging_mixin.py:190} INFO - [2025-02-16T00:23:02.260+0000] {dag.py:4180} INFO - Setting next_dagrun for hourly_scraper to 2025-02-16 00:00:00+00:00, run_after=2025-02-16 01:00:00+00:00
[2025-02-16T00:23:02.288+0000] {processor.py:208} INFO - Processing /opt/airflow/dags/dag_scrape_scheduler.py took 0.392 seconds
[2025-02-16T00:23:32.373+0000] {processor.py:186} INFO - Started process (PID=29439) to work on /opt/airflow/dags/dag_scrape_scheduler.py
[2025-02-16T00:23:32.376+0000] {processor.py:914} INFO - Processing file /opt/airflow/dags/dag_scrape_scheduler.py for tasks to queue
[2025-02-16T00:23:32.379+0000] {logging_mixin.py:190} INFO - [2025-02-16T00:23:32.378+0000] {dagbag.py:588} INFO - Filling up the DagBag from /opt/airflow/dags/dag_scrape_scheduler.py
[2025-02-16T00:23:32.628+0000] {processor.py:925} INFO - DAG(s) 'hourly_scraper' retrieved from /opt/airflow/dags/dag_scrape_scheduler.py
[2025-02-16T00:23:32.648+0000] {logging_mixin.py:190} INFO - [2025-02-16T00:23:32.647+0000] {dag.py:3239} INFO - Sync 1 DAGs
[2025-02-16T00:23:32.677+0000] {logging_mixin.py:190} INFO - [2025-02-16T00:23:32.677+0000] {dag.py:4180} INFO - Setting next_dagrun for hourly_scraper to 2025-02-16 00:00:00+00:00, run_after=2025-02-16 01:00:00+00:00
[2025-02-16T00:23:32.704+0000] {processor.py:208} INFO - Processing /opt/airflow/dags/dag_scrape_scheduler.py took 0.344 seconds
[2025-02-16T00:23:39.191+0000] {processor.py:186} INFO - Started process (PID=29485) to work on /opt/airflow/dags/dag_scrape_scheduler.py
[2025-02-16T00:23:39.192+0000] {processor.py:914} INFO - Processing file /opt/airflow/dags/dag_scrape_scheduler.py for tasks to queue
[2025-02-16T00:23:39.194+0000] {logging_mixin.py:190} INFO - [2025-02-16T00:23:39.194+0000] {dagbag.py:588} INFO - Filling up the DagBag from /opt/airflow/dags/dag_scrape_scheduler.py
[2025-02-16T00:23:39.526+0000] {processor.py:925} INFO - DAG(s) 'dag_hourly_scraper' retrieved from /opt/airflow/dags/dag_scrape_scheduler.py
[2025-02-16T00:23:39.673+0000] {logging_mixin.py:190} INFO - [2025-02-16T00:23:39.672+0000] {override.py:1930} INFO - Created Permission View: can delete on DAG:dag_hourly_scraper
[2025-02-16T00:23:39.686+0000] {logging_mixin.py:190} INFO - [2025-02-16T00:23:39.686+0000] {override.py:1930} INFO - Created Permission View: can read on DAG:dag_hourly_scraper
[2025-02-16T00:23:39.696+0000] {logging_mixin.py:190} INFO - [2025-02-16T00:23:39.695+0000] {override.py:1930} INFO - Created Permission View: can edit on DAG:dag_hourly_scraper
[2025-02-16T00:23:39.704+0000] {logging_mixin.py:190} INFO - [2025-02-16T00:23:39.704+0000] {override.py:1930} INFO - Created Permission View: can delete on DAG Run:dag_hourly_scraper
[2025-02-16T00:23:39.713+0000] {logging_mixin.py:190} INFO - [2025-02-16T00:23:39.712+0000] {override.py:1930} INFO - Created Permission View: can create on DAG Run:dag_hourly_scraper
[2025-02-16T00:23:39.723+0000] {logging_mixin.py:190} INFO - [2025-02-16T00:23:39.722+0000] {override.py:1930} INFO - Created Permission View: can read on DAG Run:dag_hourly_scraper
[2025-02-16T00:23:39.734+0000] {logging_mixin.py:190} INFO - [2025-02-16T00:23:39.734+0000] {override.py:1930} INFO - Created Permission View: menu access on DAG Run:dag_hourly_scraper
[2025-02-16T00:23:39.735+0000] {logging_mixin.py:190} INFO - [2025-02-16T00:23:39.735+0000] {dag.py:3239} INFO - Sync 1 DAGs
[2025-02-16T00:23:39.756+0000] {logging_mixin.py:190} INFO - [2025-02-16T00:23:39.756+0000] {dag.py:3262} INFO - Creating ORM DAG for dag_hourly_scraper
[2025-02-16T00:23:39.775+0000] {logging_mixin.py:190} INFO - [2025-02-16T00:23:39.775+0000] {dag.py:4180} INFO - Setting next_dagrun for dag_hourly_scraper to 2025-02-16 00:00:00+00:00, run_after=2025-02-16 01:00:00+00:00
[2025-02-16T00:23:39.806+0000] {processor.py:208} INFO - Processing /opt/airflow/dags/dag_scrape_scheduler.py took 0.629 seconds
[2025-02-16T00:24:10.072+0000] {processor.py:186} INFO - Started process (PID=29781) to work on /opt/airflow/dags/dag_scrape_scheduler.py
[2025-02-16T00:24:10.073+0000] {processor.py:914} INFO - Processing file /opt/airflow/dags/dag_scrape_scheduler.py for tasks to queue
[2025-02-16T00:24:10.075+0000] {logging_mixin.py:190} INFO - [2025-02-16T00:24:10.074+0000] {dagbag.py:588} INFO - Filling up the DagBag from /opt/airflow/dags/dag_scrape_scheduler.py
[2025-02-16T00:24:10.301+0000] {processor.py:925} INFO - DAG(s) 'dag_hourly_scraper' retrieved from /opt/airflow/dags/dag_scrape_scheduler.py
[2025-02-16T00:24:10.321+0000] {logging_mixin.py:190} INFO - [2025-02-16T00:24:10.321+0000] {dag.py:3239} INFO - Sync 1 DAGs
[2025-02-16T00:24:10.347+0000] {logging_mixin.py:190} INFO - [2025-02-16T00:24:10.346+0000] {dag.py:4180} INFO - Setting next_dagrun for dag_hourly_scraper to 2025-02-16 00:00:00+00:00, run_after=2025-02-16 01:00:00+00:00
[2025-02-16T00:24:10.370+0000] {processor.py:208} INFO - Processing /opt/airflow/dags/dag_scrape_scheduler.py took 0.305 seconds
[2025-02-16T00:24:40.885+0000] {processor.py:186} INFO - Started process (PID=30336) to work on /opt/airflow/dags/dag_scrape_scheduler.py
[2025-02-16T00:24:40.893+0000] {processor.py:914} INFO - Processing file /opt/airflow/dags/dag_scrape_scheduler.py for tasks to queue
[2025-02-16T00:24:40.898+0000] {logging_mixin.py:190} INFO - [2025-02-16T00:24:40.897+0000] {dagbag.py:588} INFO - Filling up the DagBag from /opt/airflow/dags/dag_scrape_scheduler.py
[2025-02-16T00:24:42.525+0000] {processor.py:925} INFO - DAG(s) 'dag_hourly_scraper' retrieved from /opt/airflow/dags/dag_scrape_scheduler.py
[2025-02-16T00:24:42.804+0000] {logging_mixin.py:190} INFO - [2025-02-16T00:24:42.799+0000] {dag.py:3239} INFO - Sync 1 DAGs
[2025-02-16T00:24:43.218+0000] {logging_mixin.py:190} INFO - [2025-02-16T00:24:43.216+0000] {dag.py:4180} INFO - Setting next_dagrun for dag_hourly_scraper to 2025-02-16 00:00:00+00:00, run_after=2025-02-16 01:00:00+00:00
[2025-02-16T00:24:43.358+0000] {processor.py:208} INFO - Processing /opt/airflow/dags/dag_scrape_scheduler.py took 2.795 seconds
[2025-02-16T00:25:13.787+0000] {processor.py:186} INFO - Started process (PID=30719) to work on /opt/airflow/dags/dag_scrape_scheduler.py
[2025-02-16T00:25:13.788+0000] {processor.py:914} INFO - Processing file /opt/airflow/dags/dag_scrape_scheduler.py for tasks to queue
[2025-02-16T00:25:13.790+0000] {logging_mixin.py:190} INFO - [2025-02-16T00:25:13.790+0000] {dagbag.py:588} INFO - Filling up the DagBag from /opt/airflow/dags/dag_scrape_scheduler.py
[2025-02-16T00:25:14.035+0000] {processor.py:925} INFO - DAG(s) 'dag_hourly_scraper' retrieved from /opt/airflow/dags/dag_scrape_scheduler.py
[2025-02-16T00:25:14.057+0000] {logging_mixin.py:190} INFO - [2025-02-16T00:25:14.057+0000] {dag.py:3239} INFO - Sync 1 DAGs
[2025-02-16T00:25:14.082+0000] {logging_mixin.py:190} INFO - [2025-02-16T00:25:14.082+0000] {dag.py:4180} INFO - Setting next_dagrun for dag_hourly_scraper to 2025-02-16 00:00:00+00:00, run_after=2025-02-16 01:00:00+00:00
[2025-02-16T00:25:14.104+0000] {processor.py:208} INFO - Processing /opt/airflow/dags/dag_scrape_scheduler.py took 0.325 seconds
[2025-02-16T00:25:44.471+0000] {processor.py:186} INFO - Started process (PID=31017) to work on /opt/airflow/dags/dag_scrape_scheduler.py
[2025-02-16T00:25:44.472+0000] {processor.py:914} INFO - Processing file /opt/airflow/dags/dag_scrape_scheduler.py for tasks to queue
[2025-02-16T00:25:44.474+0000] {logging_mixin.py:190} INFO - [2025-02-16T00:25:44.474+0000] {dagbag.py:588} INFO - Filling up the DagBag from /opt/airflow/dags/dag_scrape_scheduler.py
[2025-02-16T00:25:44.701+0000] {processor.py:925} INFO - DAG(s) 'dag_hourly_scraper' retrieved from /opt/airflow/dags/dag_scrape_scheduler.py
[2025-02-16T00:25:44.722+0000] {logging_mixin.py:190} INFO - [2025-02-16T00:25:44.722+0000] {dag.py:3239} INFO - Sync 1 DAGs
[2025-02-16T00:25:44.749+0000] {logging_mixin.py:190} INFO - [2025-02-16T00:25:44.749+0000] {dag.py:4180} INFO - Setting next_dagrun for dag_hourly_scraper to 2025-02-16 00:00:00+00:00, run_after=2025-02-16 01:00:00+00:00
[2025-02-16T00:25:44.771+0000] {processor.py:208} INFO - Processing /opt/airflow/dags/dag_scrape_scheduler.py took 0.309 seconds
[2025-02-16T00:26:15.276+0000] {processor.py:186} INFO - Started process (PID=31313) to work on /opt/airflow/dags/dag_scrape_scheduler.py
[2025-02-16T00:26:15.278+0000] {processor.py:914} INFO - Processing file /opt/airflow/dags/dag_scrape_scheduler.py for tasks to queue
[2025-02-16T00:26:15.279+0000] {logging_mixin.py:190} INFO - [2025-02-16T00:26:15.279+0000] {dagbag.py:588} INFO - Filling up the DagBag from /opt/airflow/dags/dag_scrape_scheduler.py
[2025-02-16T00:26:15.549+0000] {processor.py:925} INFO - DAG(s) 'dag_hourly_scraper' retrieved from /opt/airflow/dags/dag_scrape_scheduler.py
[2025-02-16T00:26:15.574+0000] {logging_mixin.py:190} INFO - [2025-02-16T00:26:15.574+0000] {dag.py:3239} INFO - Sync 1 DAGs
[2025-02-16T00:26:15.602+0000] {logging_mixin.py:190} INFO - [2025-02-16T00:26:15.602+0000] {dag.py:4180} INFO - Setting next_dagrun for dag_hourly_scraper to 2025-02-16 00:00:00+00:00, run_after=2025-02-16 01:00:00+00:00
[2025-02-16T00:26:15.644+0000] {processor.py:208} INFO - Processing /opt/airflow/dags/dag_scrape_scheduler.py took 0.374 seconds
