[2025-02-16T00:00:35.283+0000] {processor.py:186} INFO - Started process (PID=15367) to work on /opt/airflow/dags/dag_mod1.py
[2025-02-16T00:00:35.286+0000] {processor.py:914} INFO - Processing file /opt/airflow/dags/dag_mod1.py for tasks to queue
[2025-02-16T00:00:35.290+0000] {logging_mixin.py:190} INFO - [2025-02-16T00:00:35.289+0000] {dagbag.py:588} INFO - Filling up the DagBag from /opt/airflow/dags/dag_mod1.py
[2025-02-16T00:00:36.507+0000] {processor.py:925} INFO - DAG(s) 'dag_mod1234' retrieved from /opt/airflow/dags/dag_mod1.py
[2025-02-16T00:00:36.564+0000] {logging_mixin.py:190} INFO - [2025-02-16T00:00:36.563+0000] {dag.py:3239} INFO - Sync 1 DAGs
[2025-02-16T00:00:36.648+0000] {logging_mixin.py:190} INFO - [2025-02-16T00:00:36.648+0000] {dag.py:4180} INFO - Setting next_dagrun for dag_mod1234 to 2025-02-16 00:00:00+00:00, run_after=2025-02-17 00:00:00+00:00
[2025-02-16T00:00:36.699+0000] {processor.py:208} INFO - Processing /opt/airflow/dags/dag_mod1.py took 1.435 seconds
[2025-02-16T00:01:07.239+0000] {processor.py:186} INFO - Started process (PID=15691) to work on /opt/airflow/dags/dag_mod1.py
[2025-02-16T00:01:07.240+0000] {processor.py:914} INFO - Processing file /opt/airflow/dags/dag_mod1.py for tasks to queue
[2025-02-16T00:01:07.242+0000] {logging_mixin.py:190} INFO - [2025-02-16T00:01:07.241+0000] {dagbag.py:588} INFO - Filling up the DagBag from /opt/airflow/dags/dag_mod1.py
[2025-02-16T00:01:07.563+0000] {processor.py:925} INFO - DAG(s) 'dag_mod1234' retrieved from /opt/airflow/dags/dag_mod1.py
[2025-02-16T00:01:07.589+0000] {logging_mixin.py:190} INFO - [2025-02-16T00:01:07.588+0000] {dag.py:3239} INFO - Sync 1 DAGs
[2025-02-16T00:01:07.630+0000] {logging_mixin.py:190} INFO - [2025-02-16T00:01:07.629+0000] {dag.py:4180} INFO - Setting next_dagrun for dag_mod1234 to 2025-02-16 00:00:00+00:00, run_after=2025-02-17 00:00:00+00:00
[2025-02-16T00:01:07.661+0000] {processor.py:208} INFO - Processing /opt/airflow/dags/dag_mod1.py took 0.429 seconds
[2025-02-16T00:01:38.132+0000] {processor.py:186} INFO - Started process (PID=16000) to work on /opt/airflow/dags/dag_mod1.py
[2025-02-16T00:01:38.135+0000] {processor.py:914} INFO - Processing file /opt/airflow/dags/dag_mod1.py for tasks to queue
[2025-02-16T00:01:38.138+0000] {logging_mixin.py:190} INFO - [2025-02-16T00:01:38.137+0000] {dagbag.py:588} INFO - Filling up the DagBag from /opt/airflow/dags/dag_mod1.py
[2025-02-16T00:01:38.632+0000] {processor.py:925} INFO - DAG(s) 'dag_mod1234' retrieved from /opt/airflow/dags/dag_mod1.py
[2025-02-16T00:01:38.690+0000] {logging_mixin.py:190} INFO - [2025-02-16T00:01:38.689+0000] {dag.py:3239} INFO - Sync 1 DAGs
[2025-02-16T00:01:39.394+0000] {logging_mixin.py:190} INFO - [2025-02-16T00:01:39.393+0000] {dag.py:4180} INFO - Setting next_dagrun for dag_mod1234 to 2025-02-16 00:00:00+00:00, run_after=2025-02-17 00:00:00+00:00
[2025-02-16T00:01:39.460+0000] {processor.py:208} INFO - Processing /opt/airflow/dags/dag_mod1.py took 1.340 seconds
[2025-02-16T00:02:10.276+0000] {processor.py:186} INFO - Started process (PID=16595) to work on /opt/airflow/dags/dag_mod1.py
[2025-02-16T00:02:10.284+0000] {processor.py:914} INFO - Processing file /opt/airflow/dags/dag_mod1.py for tasks to queue
[2025-02-16T00:02:10.294+0000] {logging_mixin.py:190} INFO - [2025-02-16T00:02:10.291+0000] {dagbag.py:588} INFO - Filling up the DagBag from /opt/airflow/dags/dag_mod1.py
[2025-02-16T00:02:11.035+0000] {processor.py:925} INFO - DAG(s) 'dag_mod1234' retrieved from /opt/airflow/dags/dag_mod1.py
[2025-02-16T00:02:11.089+0000] {logging_mixin.py:190} INFO - [2025-02-16T00:02:11.088+0000] {dag.py:3239} INFO - Sync 1 DAGs
[2025-02-16T00:02:11.143+0000] {logging_mixin.py:190} INFO - [2025-02-16T00:02:11.142+0000] {dag.py:4180} INFO - Setting next_dagrun for dag_mod1234 to 2025-02-16 00:00:00+00:00, run_after=2025-02-17 00:00:00+00:00
[2025-02-16T00:02:11.192+0000] {processor.py:208} INFO - Processing /opt/airflow/dags/dag_mod1.py took 0.992 seconds
[2025-02-16T00:02:41.512+0000] {processor.py:186} INFO - Started process (PID=16904) to work on /opt/airflow/dags/dag_mod1.py
[2025-02-16T00:02:41.514+0000] {processor.py:914} INFO - Processing file /opt/airflow/dags/dag_mod1.py for tasks to queue
[2025-02-16T00:02:41.515+0000] {logging_mixin.py:190} INFO - [2025-02-16T00:02:41.515+0000] {dagbag.py:588} INFO - Filling up the DagBag from /opt/airflow/dags/dag_mod1.py
[2025-02-16T00:02:42.021+0000] {processor.py:925} INFO - DAG(s) 'dag_mod1234' retrieved from /opt/airflow/dags/dag_mod1.py
[2025-02-16T00:02:42.054+0000] {logging_mixin.py:190} INFO - [2025-02-16T00:02:42.053+0000] {dag.py:3239} INFO - Sync 1 DAGs
[2025-02-16T00:02:42.094+0000] {logging_mixin.py:190} INFO - [2025-02-16T00:02:42.094+0000] {dag.py:4180} INFO - Setting next_dagrun for dag_mod1234 to 2025-02-16 00:00:00+00:00, run_after=2025-02-17 00:00:00+00:00
[2025-02-16T00:02:42.124+0000] {processor.py:208} INFO - Processing /opt/airflow/dags/dag_mod1.py took 0.620 seconds
[2025-02-16T00:03:12.314+0000] {processor.py:186} INFO - Started process (PID=17208) to work on /opt/airflow/dags/dag_mod1.py
[2025-02-16T00:03:12.315+0000] {processor.py:914} INFO - Processing file /opt/airflow/dags/dag_mod1.py for tasks to queue
[2025-02-16T00:03:12.317+0000] {logging_mixin.py:190} INFO - [2025-02-16T00:03:12.317+0000] {dagbag.py:588} INFO - Filling up the DagBag from /opt/airflow/dags/dag_mod1.py
[2025-02-16T00:03:12.542+0000] {processor.py:925} INFO - DAG(s) 'dag_mod1234' retrieved from /opt/airflow/dags/dag_mod1.py
[2025-02-16T00:03:12.563+0000] {logging_mixin.py:190} INFO - [2025-02-16T00:03:12.563+0000] {dag.py:3239} INFO - Sync 1 DAGs
[2025-02-16T00:03:12.589+0000] {logging_mixin.py:190} INFO - [2025-02-16T00:03:12.589+0000] {dag.py:4180} INFO - Setting next_dagrun for dag_mod1234 to 2025-02-16 00:00:00+00:00, run_after=2025-02-17 00:00:00+00:00
[2025-02-16T00:03:12.611+0000] {processor.py:208} INFO - Processing /opt/airflow/dags/dag_mod1.py took 0.305 seconds
[2025-02-16T00:03:42.905+0000] {processor.py:186} INFO - Started process (PID=17491) to work on /opt/airflow/dags/dag_mod1.py
[2025-02-16T00:03:42.907+0000] {processor.py:914} INFO - Processing file /opt/airflow/dags/dag_mod1.py for tasks to queue
[2025-02-16T00:03:42.909+0000] {logging_mixin.py:190} INFO - [2025-02-16T00:03:42.909+0000] {dagbag.py:588} INFO - Filling up the DagBag from /opt/airflow/dags/dag_mod1.py
[2025-02-16T00:03:43.278+0000] {processor.py:925} INFO - DAG(s) 'dag_mod1234' retrieved from /opt/airflow/dags/dag_mod1.py
[2025-02-16T00:03:43.310+0000] {logging_mixin.py:190} INFO - [2025-02-16T00:03:43.309+0000] {dag.py:3239} INFO - Sync 1 DAGs
[2025-02-16T00:03:43.828+0000] {logging_mixin.py:190} INFO - [2025-02-16T00:03:43.827+0000] {dag.py:4180} INFO - Setting next_dagrun for dag_mod1234 to 2025-02-16 00:00:00+00:00, run_after=2025-02-17 00:00:00+00:00
[2025-02-16T00:03:43.855+0000] {processor.py:208} INFO - Processing /opt/airflow/dags/dag_mod1.py took 0.960 seconds
[2025-02-16T00:04:14.129+0000] {processor.py:186} INFO - Started process (PID=17787) to work on /opt/airflow/dags/dag_mod1.py
[2025-02-16T00:04:14.131+0000] {processor.py:914} INFO - Processing file /opt/airflow/dags/dag_mod1.py for tasks to queue
[2025-02-16T00:04:14.134+0000] {logging_mixin.py:190} INFO - [2025-02-16T00:04:14.134+0000] {dagbag.py:588} INFO - Filling up the DagBag from /opt/airflow/dags/dag_mod1.py
[2025-02-16T00:04:14.696+0000] {processor.py:925} INFO - DAG(s) 'dag_mod1234' retrieved from /opt/airflow/dags/dag_mod1.py
[2025-02-16T00:04:14.725+0000] {logging_mixin.py:190} INFO - [2025-02-16T00:04:14.725+0000] {dag.py:3239} INFO - Sync 1 DAGs
[2025-02-16T00:04:14.767+0000] {logging_mixin.py:190} INFO - [2025-02-16T00:04:14.767+0000] {dag.py:4180} INFO - Setting next_dagrun for dag_mod1234 to 2025-02-16 00:00:00+00:00, run_after=2025-02-17 00:00:00+00:00
[2025-02-16T00:04:14.795+0000] {processor.py:208} INFO - Processing /opt/airflow/dags/dag_mod1.py took 0.674 seconds
[2025-02-16T00:04:45.151+0000] {processor.py:186} INFO - Started process (PID=18081) to work on /opt/airflow/dags/dag_mod1.py
[2025-02-16T00:04:45.154+0000] {processor.py:914} INFO - Processing file /opt/airflow/dags/dag_mod1.py for tasks to queue
[2025-02-16T00:04:45.157+0000] {logging_mixin.py:190} INFO - [2025-02-16T00:04:45.156+0000] {dagbag.py:588} INFO - Filling up the DagBag from /opt/airflow/dags/dag_mod1.py
[2025-02-16T00:04:45.798+0000] {processor.py:925} INFO - DAG(s) 'dag_mod1234' retrieved from /opt/airflow/dags/dag_mod1.py
[2025-02-16T00:04:45.843+0000] {logging_mixin.py:190} INFO - [2025-02-16T00:04:45.842+0000] {dag.py:3239} INFO - Sync 1 DAGs
[2025-02-16T00:04:45.908+0000] {logging_mixin.py:190} INFO - [2025-02-16T00:04:45.907+0000] {dag.py:4180} INFO - Setting next_dagrun for dag_mod1234 to 2025-02-16 00:00:00+00:00, run_after=2025-02-17 00:00:00+00:00
[2025-02-16T00:04:45.961+0000] {processor.py:208} INFO - Processing /opt/airflow/dags/dag_mod1.py took 0.823 seconds
[2025-02-16T00:05:16.249+0000] {processor.py:186} INFO - Started process (PID=18374) to work on /opt/airflow/dags/dag_mod1.py
[2025-02-16T00:05:16.251+0000] {processor.py:914} INFO - Processing file /opt/airflow/dags/dag_mod1.py for tasks to queue
[2025-02-16T00:05:16.253+0000] {logging_mixin.py:190} INFO - [2025-02-16T00:05:16.253+0000] {dagbag.py:588} INFO - Filling up the DagBag from /opt/airflow/dags/dag_mod1.py
[2025-02-16T00:05:16.856+0000] {processor.py:925} INFO - DAG(s) 'dag_mod1234' retrieved from /opt/airflow/dags/dag_mod1.py
[2025-02-16T00:05:16.879+0000] {logging_mixin.py:190} INFO - [2025-02-16T00:05:16.878+0000] {dag.py:3239} INFO - Sync 1 DAGs
[2025-02-16T00:05:16.909+0000] {logging_mixin.py:190} INFO - [2025-02-16T00:05:16.909+0000] {dag.py:4180} INFO - Setting next_dagrun for dag_mod1234 to 2025-02-16 00:00:00+00:00, run_after=2025-02-17 00:00:00+00:00
[2025-02-16T00:05:16.936+0000] {processor.py:208} INFO - Processing /opt/airflow/dags/dag_mod1.py took 0.697 seconds
[2025-02-16T00:05:47.139+0000] {processor.py:186} INFO - Started process (PID=18984) to work on /opt/airflow/dags/dag_mod1.py
[2025-02-16T00:05:47.197+0000] {processor.py:914} INFO - Processing file /opt/airflow/dags/dag_mod1.py for tasks to queue
[2025-02-16T00:05:47.208+0000] {logging_mixin.py:190} INFO - [2025-02-16T00:05:47.207+0000] {dagbag.py:588} INFO - Filling up the DagBag from /opt/airflow/dags/dag_mod1.py
[2025-02-16T00:05:47.787+0000] {processor.py:925} INFO - DAG(s) 'dag_mod1234' retrieved from /opt/airflow/dags/dag_mod1.py
[2025-02-16T00:05:47.976+0000] {logging_mixin.py:190} INFO - [2025-02-16T00:05:47.974+0000] {dag.py:3239} INFO - Sync 1 DAGs
[2025-02-16T00:05:48.116+0000] {logging_mixin.py:190} INFO - [2025-02-16T00:05:48.115+0000] {dag.py:4180} INFO - Setting next_dagrun for dag_mod1234 to 2025-02-16 00:00:00+00:00, run_after=2025-02-17 00:00:00+00:00
[2025-02-16T00:05:48.164+0000] {processor.py:208} INFO - Processing /opt/airflow/dags/dag_mod1.py took 1.036 seconds
[2025-02-16T00:06:18.433+0000] {processor.py:186} INFO - Started process (PID=19283) to work on /opt/airflow/dags/dag_mod1.py
[2025-02-16T00:06:18.436+0000] {processor.py:914} INFO - Processing file /opt/airflow/dags/dag_mod1.py for tasks to queue
[2025-02-16T00:06:18.438+0000] {logging_mixin.py:190} INFO - [2025-02-16T00:06:18.437+0000] {dagbag.py:588} INFO - Filling up the DagBag from /opt/airflow/dags/dag_mod1.py
[2025-02-16T00:06:18.825+0000] {processor.py:925} INFO - DAG(s) 'dag_mod1234' retrieved from /opt/airflow/dags/dag_mod1.py
[2025-02-16T00:06:18.857+0000] {logging_mixin.py:190} INFO - [2025-02-16T00:06:18.857+0000] {dag.py:3239} INFO - Sync 1 DAGs
[2025-02-16T00:06:19.119+0000] {logging_mixin.py:190} INFO - [2025-02-16T00:06:19.119+0000] {dag.py:4180} INFO - Setting next_dagrun for dag_mod1234 to 2025-02-16 00:00:00+00:00, run_after=2025-02-17 00:00:00+00:00
[2025-02-16T00:06:19.149+0000] {processor.py:208} INFO - Processing /opt/airflow/dags/dag_mod1.py took 0.730 seconds
[2025-02-16T00:06:49.449+0000] {processor.py:186} INFO - Started process (PID=19588) to work on /opt/airflow/dags/dag_mod1.py
[2025-02-16T00:06:49.451+0000] {processor.py:914} INFO - Processing file /opt/airflow/dags/dag_mod1.py for tasks to queue
[2025-02-16T00:06:49.454+0000] {logging_mixin.py:190} INFO - [2025-02-16T00:06:49.453+0000] {dagbag.py:588} INFO - Filling up the DagBag from /opt/airflow/dags/dag_mod1.py
[2025-02-16T00:06:49.878+0000] {processor.py:925} INFO - DAG(s) 'dag_mod1234' retrieved from /opt/airflow/dags/dag_mod1.py
[2025-02-16T00:06:49.915+0000] {logging_mixin.py:190} INFO - [2025-02-16T00:06:49.915+0000] {dag.py:3239} INFO - Sync 1 DAGs
[2025-02-16T00:06:50.202+0000] {logging_mixin.py:190} INFO - [2025-02-16T00:06:50.201+0000] {dag.py:4180} INFO - Setting next_dagrun for dag_mod1234 to 2025-02-16 00:00:00+00:00, run_after=2025-02-17 00:00:00+00:00
[2025-02-16T00:06:50.306+0000] {processor.py:208} INFO - Processing /opt/airflow/dags/dag_mod1.py took 0.872 seconds
[2025-02-16T00:07:20.896+0000] {processor.py:186} INFO - Started process (PID=19885) to work on /opt/airflow/dags/dag_mod1.py
[2025-02-16T00:07:20.898+0000] {processor.py:914} INFO - Processing file /opt/airflow/dags/dag_mod1.py for tasks to queue
[2025-02-16T00:07:20.900+0000] {logging_mixin.py:190} INFO - [2025-02-16T00:07:20.899+0000] {dagbag.py:588} INFO - Filling up the DagBag from /opt/airflow/dags/dag_mod1.py
[2025-02-16T00:07:21.349+0000] {processor.py:925} INFO - DAG(s) 'dag_mod1234' retrieved from /opt/airflow/dags/dag_mod1.py
[2025-02-16T00:07:21.366+0000] {logging_mixin.py:190} INFO - [2025-02-16T00:07:21.365+0000] {dag.py:3239} INFO - Sync 1 DAGs
[2025-02-16T00:07:21.390+0000] {logging_mixin.py:190} INFO - [2025-02-16T00:07:21.389+0000] {dag.py:4180} INFO - Setting next_dagrun for dag_mod1234 to 2025-02-16 00:00:00+00:00, run_after=2025-02-17 00:00:00+00:00
[2025-02-16T00:07:21.410+0000] {processor.py:208} INFO - Processing /opt/airflow/dags/dag_mod1.py took 0.524 seconds
[2025-02-16T00:07:51.562+0000] {processor.py:186} INFO - Started process (PID=20184) to work on /opt/airflow/dags/dag_mod1.py
[2025-02-16T00:07:51.563+0000] {processor.py:914} INFO - Processing file /opt/airflow/dags/dag_mod1.py for tasks to queue
[2025-02-16T00:07:51.565+0000] {logging_mixin.py:190} INFO - [2025-02-16T00:07:51.565+0000] {dagbag.py:588} INFO - Filling up the DagBag from /opt/airflow/dags/dag_mod1.py
[2025-02-16T00:07:52.026+0000] {processor.py:925} INFO - DAG(s) 'dag_mod1234' retrieved from /opt/airflow/dags/dag_mod1.py
[2025-02-16T00:07:52.045+0000] {logging_mixin.py:190} INFO - [2025-02-16T00:07:52.045+0000] {dag.py:3239} INFO - Sync 1 DAGs
[2025-02-16T00:07:52.072+0000] {logging_mixin.py:190} INFO - [2025-02-16T00:07:52.072+0000] {dag.py:4180} INFO - Setting next_dagrun for dag_mod1234 to 2025-02-16 00:00:00+00:00, run_after=2025-02-17 00:00:00+00:00
[2025-02-16T00:07:52.093+0000] {processor.py:208} INFO - Processing /opt/airflow/dags/dag_mod1.py took 0.538 seconds
[2025-02-16T00:08:22.371+0000] {processor.py:186} INFO - Started process (PID=20480) to work on /opt/airflow/dags/dag_mod1.py
[2025-02-16T00:08:22.373+0000] {processor.py:914} INFO - Processing file /opt/airflow/dags/dag_mod1.py for tasks to queue
[2025-02-16T00:08:22.375+0000] {logging_mixin.py:190} INFO - [2025-02-16T00:08:22.374+0000] {dagbag.py:588} INFO - Filling up the DagBag from /opt/airflow/dags/dag_mod1.py
[2025-02-16T00:08:22.786+0000] {processor.py:925} INFO - DAG(s) 'dag_mod1234' retrieved from /opt/airflow/dags/dag_mod1.py
[2025-02-16T00:08:22.807+0000] {logging_mixin.py:190} INFO - [2025-02-16T00:08:22.807+0000] {dag.py:3239} INFO - Sync 1 DAGs
[2025-02-16T00:08:22.834+0000] {logging_mixin.py:190} INFO - [2025-02-16T00:08:22.834+0000] {dag.py:4180} INFO - Setting next_dagrun for dag_mod1234 to 2025-02-16 00:00:00+00:00, run_after=2025-02-17 00:00:00+00:00
[2025-02-16T00:08:22.860+0000] {processor.py:208} INFO - Processing /opt/airflow/dags/dag_mod1.py took 0.495 seconds
[2025-02-16T00:08:53.022+0000] {processor.py:186} INFO - Started process (PID=21090) to work on /opt/airflow/dags/dag_mod1.py
[2025-02-16T00:08:53.023+0000] {processor.py:914} INFO - Processing file /opt/airflow/dags/dag_mod1.py for tasks to queue
[2025-02-16T00:08:53.027+0000] {logging_mixin.py:190} INFO - [2025-02-16T00:08:53.026+0000] {dagbag.py:588} INFO - Filling up the DagBag from /opt/airflow/dags/dag_mod1.py
[2025-02-16T00:08:53.631+0000] {processor.py:925} INFO - DAG(s) 'dag_mod1234' retrieved from /opt/airflow/dags/dag_mod1.py
[2025-02-16T00:08:53.657+0000] {logging_mixin.py:190} INFO - [2025-02-16T00:08:53.656+0000] {dag.py:3239} INFO - Sync 1 DAGs
[2025-02-16T00:08:53.692+0000] {logging_mixin.py:190} INFO - [2025-02-16T00:08:53.691+0000] {dag.py:4180} INFO - Setting next_dagrun for dag_mod1234 to 2025-02-16 00:00:00+00:00, run_after=2025-02-17 00:00:00+00:00
[2025-02-16T00:08:53.724+0000] {processor.py:208} INFO - Processing /opt/airflow/dags/dag_mod1.py took 0.715 seconds
[2025-02-16T00:09:24.194+0000] {processor.py:186} INFO - Started process (PID=21391) to work on /opt/airflow/dags/dag_mod1.py
[2025-02-16T00:09:24.195+0000] {processor.py:914} INFO - Processing file /opt/airflow/dags/dag_mod1.py for tasks to queue
[2025-02-16T00:09:24.198+0000] {logging_mixin.py:190} INFO - [2025-02-16T00:09:24.197+0000] {dagbag.py:588} INFO - Filling up the DagBag from /opt/airflow/dags/dag_mod1.py
[2025-02-16T00:09:24.667+0000] {processor.py:925} INFO - DAG(s) 'dag_mod1234' retrieved from /opt/airflow/dags/dag_mod1.py
[2025-02-16T00:09:24.691+0000] {logging_mixin.py:190} INFO - [2025-02-16T00:09:24.690+0000] {dag.py:3239} INFO - Sync 1 DAGs
[2025-02-16T00:09:24.720+0000] {logging_mixin.py:190} INFO - [2025-02-16T00:09:24.720+0000] {dag.py:4180} INFO - Setting next_dagrun for dag_mod1234 to 2025-02-16 00:00:00+00:00, run_after=2025-02-17 00:00:00+00:00
[2025-02-16T00:09:24.748+0000] {processor.py:208} INFO - Processing /opt/airflow/dags/dag_mod1.py took 0.561 seconds
[2025-02-16T00:09:55.605+0000] {processor.py:186} INFO - Started process (PID=21687) to work on /opt/airflow/dags/dag_mod1.py
[2025-02-16T00:09:55.606+0000] {processor.py:914} INFO - Processing file /opt/airflow/dags/dag_mod1.py for tasks to queue
[2025-02-16T00:09:55.608+0000] {logging_mixin.py:190} INFO - [2025-02-16T00:09:55.608+0000] {dagbag.py:588} INFO - Filling up the DagBag from /opt/airflow/dags/dag_mod1.py
[2025-02-16T00:09:56.227+0000] {processor.py:925} INFO - DAG(s) 'dag_mod1234' retrieved from /opt/airflow/dags/dag_mod1.py
[2025-02-16T00:09:56.249+0000] {logging_mixin.py:190} INFO - [2025-02-16T00:09:56.248+0000] {dag.py:3239} INFO - Sync 1 DAGs
[2025-02-16T00:09:56.293+0000] {logging_mixin.py:190} INFO - [2025-02-16T00:09:56.293+0000] {dag.py:4180} INFO - Setting next_dagrun for dag_mod1234 to 2025-02-16 00:00:00+00:00, run_after=2025-02-17 00:00:00+00:00
[2025-02-16T00:09:56.321+0000] {processor.py:208} INFO - Processing /opt/airflow/dags/dag_mod1.py took 0.723 seconds
[2025-02-16T00:10:27.007+0000] {processor.py:186} INFO - Started process (PID=21988) to work on /opt/airflow/dags/dag_mod1.py
[2025-02-16T00:10:27.008+0000] {processor.py:914} INFO - Processing file /opt/airflow/dags/dag_mod1.py for tasks to queue
[2025-02-16T00:10:27.010+0000] {logging_mixin.py:190} INFO - [2025-02-16T00:10:27.010+0000] {dagbag.py:588} INFO - Filling up the DagBag from /opt/airflow/dags/dag_mod1.py
[2025-02-16T00:10:27.507+0000] {processor.py:925} INFO - DAG(s) 'dag_mod1234' retrieved from /opt/airflow/dags/dag_mod1.py
[2025-02-16T00:10:27.557+0000] {logging_mixin.py:190} INFO - [2025-02-16T00:10:27.556+0000] {dag.py:3239} INFO - Sync 1 DAGs
[2025-02-16T00:10:27.589+0000] {logging_mixin.py:190} INFO - [2025-02-16T00:10:27.589+0000] {dag.py:4180} INFO - Setting next_dagrun for dag_mod1234 to 2025-02-16 00:00:00+00:00, run_after=2025-02-17 00:00:00+00:00
[2025-02-16T00:10:27.614+0000] {processor.py:208} INFO - Processing /opt/airflow/dags/dag_mod1.py took 0.613 seconds
[2025-02-16T00:10:58.064+0000] {processor.py:186} INFO - Started process (PID=22284) to work on /opt/airflow/dags/dag_mod1.py
[2025-02-16T00:10:58.067+0000] {processor.py:914} INFO - Processing file /opt/airflow/dags/dag_mod1.py for tasks to queue
[2025-02-16T00:10:58.071+0000] {logging_mixin.py:190} INFO - [2025-02-16T00:10:58.069+0000] {dagbag.py:588} INFO - Filling up the DagBag from /opt/airflow/dags/dag_mod1.py
[2025-02-16T00:10:58.859+0000] {processor.py:925} INFO - DAG(s) 'dag_mod1234' retrieved from /opt/airflow/dags/dag_mod1.py
[2025-02-16T00:10:58.905+0000] {logging_mixin.py:190} INFO - [2025-02-16T00:10:58.903+0000] {dag.py:3239} INFO - Sync 1 DAGs
[2025-02-16T00:10:58.963+0000] {logging_mixin.py:190} INFO - [2025-02-16T00:10:58.962+0000] {dag.py:4180} INFO - Setting next_dagrun for dag_mod1234 to 2025-02-16 00:00:00+00:00, run_after=2025-02-17 00:00:00+00:00
[2025-02-16T00:10:59.003+0000] {processor.py:208} INFO - Processing /opt/airflow/dags/dag_mod1.py took 0.953 seconds
[2025-02-16T00:11:29.920+0000] {processor.py:186} INFO - Started process (PID=22586) to work on /opt/airflow/dags/dag_mod1.py
[2025-02-16T00:11:29.922+0000] {processor.py:914} INFO - Processing file /opt/airflow/dags/dag_mod1.py for tasks to queue
[2025-02-16T00:11:29.923+0000] {logging_mixin.py:190} INFO - [2025-02-16T00:11:29.923+0000] {dagbag.py:588} INFO - Filling up the DagBag from /opt/airflow/dags/dag_mod1.py
[2025-02-16T00:11:30.319+0000] {processor.py:925} INFO - DAG(s) 'dag_mod1234' retrieved from /opt/airflow/dags/dag_mod1.py
[2025-02-16T00:11:30.335+0000] {logging_mixin.py:190} INFO - [2025-02-16T00:11:30.334+0000] {dag.py:3239} INFO - Sync 1 DAGs
[2025-02-16T00:11:30.356+0000] {logging_mixin.py:190} INFO - [2025-02-16T00:11:30.356+0000] {dag.py:4180} INFO - Setting next_dagrun for dag_mod1234 to 2025-02-16 00:00:00+00:00, run_after=2025-02-17 00:00:00+00:00
[2025-02-16T00:11:30.375+0000] {processor.py:208} INFO - Processing /opt/airflow/dags/dag_mod1.py took 0.461 seconds
[2025-02-16T00:12:01.235+0000] {processor.py:186} INFO - Started process (PID=22892) to work on /opt/airflow/dags/dag_mod1.py
[2025-02-16T00:12:01.237+0000] {processor.py:914} INFO - Processing file /opt/airflow/dags/dag_mod1.py for tasks to queue
[2025-02-16T00:12:01.239+0000] {logging_mixin.py:190} INFO - [2025-02-16T00:12:01.238+0000] {dagbag.py:588} INFO - Filling up the DagBag from /opt/airflow/dags/dag_mod1.py
[2025-02-16T00:12:01.689+0000] {processor.py:925} INFO - DAG(s) 'dag_mod1234' retrieved from /opt/airflow/dags/dag_mod1.py
[2025-02-16T00:12:01.714+0000] {logging_mixin.py:190} INFO - [2025-02-16T00:12:01.713+0000] {dag.py:3239} INFO - Sync 1 DAGs
[2025-02-16T00:12:01.743+0000] {logging_mixin.py:190} INFO - [2025-02-16T00:12:01.743+0000] {dag.py:4180} INFO - Setting next_dagrun for dag_mod1234 to 2025-02-16 00:00:00+00:00, run_after=2025-02-17 00:00:00+00:00
[2025-02-16T00:12:01.762+0000] {processor.py:208} INFO - Processing /opt/airflow/dags/dag_mod1.py took 0.534 seconds
[2025-02-16T00:12:32.090+0000] {processor.py:186} INFO - Started process (PID=23188) to work on /opt/airflow/dags/dag_mod1.py
[2025-02-16T00:12:32.092+0000] {processor.py:914} INFO - Processing file /opt/airflow/dags/dag_mod1.py for tasks to queue
[2025-02-16T00:12:32.094+0000] {logging_mixin.py:190} INFO - [2025-02-16T00:12:32.093+0000] {dagbag.py:588} INFO - Filling up the DagBag from /opt/airflow/dags/dag_mod1.py
[2025-02-16T00:12:32.651+0000] {processor.py:925} INFO - DAG(s) 'dag_mod1234' retrieved from /opt/airflow/dags/dag_mod1.py
[2025-02-16T00:12:32.681+0000] {logging_mixin.py:190} INFO - [2025-02-16T00:12:32.680+0000] {dag.py:3239} INFO - Sync 1 DAGs
[2025-02-16T00:12:32.723+0000] {logging_mixin.py:190} INFO - [2025-02-16T00:12:32.722+0000] {dag.py:4180} INFO - Setting next_dagrun for dag_mod1234 to 2025-02-16 00:00:00+00:00, run_after=2025-02-17 00:00:00+00:00
[2025-02-16T00:12:32.752+0000] {processor.py:208} INFO - Processing /opt/airflow/dags/dag_mod1.py took 0.671 seconds
[2025-02-16T00:13:02.976+0000] {processor.py:186} INFO - Started process (PID=23488) to work on /opt/airflow/dags/dag_mod1.py
[2025-02-16T00:13:02.977+0000] {processor.py:914} INFO - Processing file /opt/airflow/dags/dag_mod1.py for tasks to queue
[2025-02-16T00:13:02.979+0000] {logging_mixin.py:190} INFO - [2025-02-16T00:13:02.978+0000] {dagbag.py:588} INFO - Filling up the DagBag from /opt/airflow/dags/dag_mod1.py
[2025-02-16T00:13:03.475+0000] {processor.py:925} INFO - DAG(s) 'dag_mod1234' retrieved from /opt/airflow/dags/dag_mod1.py
[2025-02-16T00:13:03.503+0000] {logging_mixin.py:190} INFO - [2025-02-16T00:13:03.503+0000] {dag.py:3239} INFO - Sync 1 DAGs
[2025-02-16T00:13:03.540+0000] {logging_mixin.py:190} INFO - [2025-02-16T00:13:03.539+0000] {dag.py:4180} INFO - Setting next_dagrun for dag_mod1234 to 2025-02-16 00:00:00+00:00, run_after=2025-02-17 00:00:00+00:00
[2025-02-16T00:13:03.562+0000] {processor.py:208} INFO - Processing /opt/airflow/dags/dag_mod1.py took 0.593 seconds
[2025-02-16T00:13:34.144+0000] {processor.py:186} INFO - Started process (PID=23789) to work on /opt/airflow/dags/dag_mod1.py
[2025-02-16T00:13:34.145+0000] {processor.py:914} INFO - Processing file /opt/airflow/dags/dag_mod1.py for tasks to queue
[2025-02-16T00:13:34.146+0000] {logging_mixin.py:190} INFO - [2025-02-16T00:13:34.146+0000] {dagbag.py:588} INFO - Filling up the DagBag from /opt/airflow/dags/dag_mod1.py
[2025-02-16T00:13:34.550+0000] {processor.py:925} INFO - DAG(s) 'dag_mod1234' retrieved from /opt/airflow/dags/dag_mod1.py
[2025-02-16T00:13:34.568+0000] {logging_mixin.py:190} INFO - [2025-02-16T00:13:34.568+0000] {dag.py:3239} INFO - Sync 1 DAGs
[2025-02-16T00:13:34.591+0000] {logging_mixin.py:190} INFO - [2025-02-16T00:13:34.591+0000] {dag.py:4180} INFO - Setting next_dagrun for dag_mod1234 to 2025-02-16 00:00:00+00:00, run_after=2025-02-17 00:00:00+00:00
[2025-02-16T00:13:34.614+0000] {processor.py:208} INFO - Processing /opt/airflow/dags/dag_mod1.py took 0.477 seconds
[2025-02-16T00:14:05.035+0000] {processor.py:186} INFO - Started process (PID=24090) to work on /opt/airflow/dags/dag_mod1.py
[2025-02-16T00:14:05.036+0000] {processor.py:914} INFO - Processing file /opt/airflow/dags/dag_mod1.py for tasks to queue
[2025-02-16T00:14:05.038+0000] {logging_mixin.py:190} INFO - [2025-02-16T00:14:05.038+0000] {dagbag.py:588} INFO - Filling up the DagBag from /opt/airflow/dags/dag_mod1.py
[2025-02-16T00:14:05.574+0000] {processor.py:925} INFO - DAG(s) 'dag_mod1234' retrieved from /opt/airflow/dags/dag_mod1.py
[2025-02-16T00:14:05.609+0000] {logging_mixin.py:190} INFO - [2025-02-16T00:14:05.609+0000] {dag.py:3239} INFO - Sync 1 DAGs
[2025-02-16T00:14:05.673+0000] {logging_mixin.py:190} INFO - [2025-02-16T00:14:05.672+0000] {dag.py:4180} INFO - Setting next_dagrun for dag_mod1234 to 2025-02-16 00:00:00+00:00, run_after=2025-02-17 00:00:00+00:00
[2025-02-16T00:14:05.707+0000] {processor.py:208} INFO - Processing /opt/airflow/dags/dag_mod1.py took 0.682 seconds
[2025-02-16T00:14:35.930+0000] {processor.py:186} INFO - Started process (PID=24381) to work on /opt/airflow/dags/dag_mod1.py
[2025-02-16T00:14:35.931+0000] {processor.py:914} INFO - Processing file /opt/airflow/dags/dag_mod1.py for tasks to queue
[2025-02-16T00:14:35.932+0000] {logging_mixin.py:190} INFO - [2025-02-16T00:14:35.932+0000] {dagbag.py:588} INFO - Filling up the DagBag from /opt/airflow/dags/dag_mod1.py
[2025-02-16T00:14:36.159+0000] {processor.py:925} INFO - DAG(s) 'dag_mod1234' retrieved from /opt/airflow/dags/dag_mod1.py
[2025-02-16T00:14:36.182+0000] {logging_mixin.py:190} INFO - [2025-02-16T00:14:36.181+0000] {dag.py:3239} INFO - Sync 1 DAGs
[2025-02-16T00:14:36.209+0000] {logging_mixin.py:190} INFO - [2025-02-16T00:14:36.209+0000] {dag.py:4180} INFO - Setting next_dagrun for dag_mod1234 to 2025-02-16 00:00:00+00:00, run_after=2025-02-17 00:00:00+00:00
[2025-02-16T00:14:36.230+0000] {processor.py:208} INFO - Processing /opt/airflow/dags/dag_mod1.py took 0.307 seconds
[2025-02-16T00:15:06.365+0000] {processor.py:186} INFO - Started process (PID=24685) to work on /opt/airflow/dags/dag_mod1.py
[2025-02-16T00:15:06.367+0000] {processor.py:914} INFO - Processing file /opt/airflow/dags/dag_mod1.py for tasks to queue
[2025-02-16T00:15:06.369+0000] {logging_mixin.py:190} INFO - [2025-02-16T00:15:06.369+0000] {dagbag.py:588} INFO - Filling up the DagBag from /opt/airflow/dags/dag_mod1.py
[2025-02-16T00:15:06.609+0000] {processor.py:925} INFO - DAG(s) 'dag_mod1234' retrieved from /opt/airflow/dags/dag_mod1.py
[2025-02-16T00:15:06.633+0000] {logging_mixin.py:190} INFO - [2025-02-16T00:15:06.633+0000] {dag.py:3239} INFO - Sync 1 DAGs
[2025-02-16T00:15:06.661+0000] {logging_mixin.py:190} INFO - [2025-02-16T00:15:06.661+0000] {dag.py:4180} INFO - Setting next_dagrun for dag_mod1234 to 2025-02-16 00:00:00+00:00, run_after=2025-02-17 00:00:00+00:00
[2025-02-16T00:15:06.683+0000] {processor.py:208} INFO - Processing /opt/airflow/dags/dag_mod1.py took 0.326 seconds
[2025-02-16T00:15:37.641+0000] {processor.py:186} INFO - Started process (PID=24989) to work on /opt/airflow/dags/dag_mod1.py
[2025-02-16T00:15:37.642+0000] {processor.py:914} INFO - Processing file /opt/airflow/dags/dag_mod1.py for tasks to queue
[2025-02-16T00:15:37.644+0000] {logging_mixin.py:190} INFO - [2025-02-16T00:15:37.643+0000] {dagbag.py:588} INFO - Filling up the DagBag from /opt/airflow/dags/dag_mod1.py
[2025-02-16T00:15:37.852+0000] {processor.py:925} INFO - DAG(s) 'dag_mod1234' retrieved from /opt/airflow/dags/dag_mod1.py
[2025-02-16T00:15:37.877+0000] {logging_mixin.py:190} INFO - [2025-02-16T00:15:37.876+0000] {dag.py:3239} INFO - Sync 1 DAGs
[2025-02-16T00:15:37.925+0000] {logging_mixin.py:190} INFO - [2025-02-16T00:15:37.924+0000] {dag.py:4180} INFO - Setting next_dagrun for dag_mod1234 to 2025-02-16 00:00:00+00:00, run_after=2025-02-17 00:00:00+00:00
[2025-02-16T00:15:37.957+0000] {processor.py:208} INFO - Processing /opt/airflow/dags/dag_mod1.py took 0.322 seconds
[2025-02-16T00:16:08.915+0000] {processor.py:186} INFO - Started process (PID=25285) to work on /opt/airflow/dags/dag_mod1.py
[2025-02-16T00:16:08.915+0000] {processor.py:914} INFO - Processing file /opt/airflow/dags/dag_mod1.py for tasks to queue
[2025-02-16T00:16:08.917+0000] {logging_mixin.py:190} INFO - [2025-02-16T00:16:08.917+0000] {dagbag.py:588} INFO - Filling up the DagBag from /opt/airflow/dags/dag_mod1.py
[2025-02-16T00:16:09.146+0000] {processor.py:925} INFO - DAG(s) 'dag_mod1234' retrieved from /opt/airflow/dags/dag_mod1.py
[2025-02-16T00:16:09.176+0000] {logging_mixin.py:190} INFO - [2025-02-16T00:16:09.175+0000] {dag.py:3239} INFO - Sync 1 DAGs
[2025-02-16T00:16:09.214+0000] {logging_mixin.py:190} INFO - [2025-02-16T00:16:09.213+0000] {dag.py:4180} INFO - Setting next_dagrun for dag_mod1234 to 2025-02-16 00:00:00+00:00, run_after=2025-02-17 00:00:00+00:00
[2025-02-16T00:16:09.245+0000] {processor.py:208} INFO - Processing /opt/airflow/dags/dag_mod1.py took 0.336 seconds
[2025-02-16T00:16:39.567+0000] {processor.py:186} INFO - Started process (PID=25581) to work on /opt/airflow/dags/dag_mod1.py
[2025-02-16T00:16:39.569+0000] {processor.py:914} INFO - Processing file /opt/airflow/dags/dag_mod1.py for tasks to queue
[2025-02-16T00:16:39.571+0000] {logging_mixin.py:190} INFO - [2025-02-16T00:16:39.571+0000] {dagbag.py:588} INFO - Filling up the DagBag from /opt/airflow/dags/dag_mod1.py
[2025-02-16T00:16:39.822+0000] {processor.py:925} INFO - DAG(s) 'dag_mod1234' retrieved from /opt/airflow/dags/dag_mod1.py
[2025-02-16T00:16:39.846+0000] {logging_mixin.py:190} INFO - [2025-02-16T00:16:39.845+0000] {dag.py:3239} INFO - Sync 1 DAGs
[2025-02-16T00:16:39.874+0000] {logging_mixin.py:190} INFO - [2025-02-16T00:16:39.874+0000] {dag.py:4180} INFO - Setting next_dagrun for dag_mod1234 to 2025-02-16 00:00:00+00:00, run_after=2025-02-17 00:00:00+00:00
[2025-02-16T00:16:39.897+0000] {processor.py:208} INFO - Processing /opt/airflow/dags/dag_mod1.py took 0.339 seconds
[2025-02-16T00:17:09.965+0000] {processor.py:186} INFO - Started process (PID=25877) to work on /opt/airflow/dags/dag_mod1.py
[2025-02-16T00:17:09.966+0000] {processor.py:914} INFO - Processing file /opt/airflow/dags/dag_mod1.py for tasks to queue
[2025-02-16T00:17:09.967+0000] {logging_mixin.py:190} INFO - [2025-02-16T00:17:09.967+0000] {dagbag.py:588} INFO - Filling up the DagBag from /opt/airflow/dags/dag_mod1.py
[2025-02-16T00:17:10.184+0000] {processor.py:925} INFO - DAG(s) 'dag_mod1234' retrieved from /opt/airflow/dags/dag_mod1.py
[2025-02-16T00:17:10.206+0000] {logging_mixin.py:190} INFO - [2025-02-16T00:17:10.205+0000] {dag.py:3239} INFO - Sync 1 DAGs
[2025-02-16T00:17:10.231+0000] {logging_mixin.py:190} INFO - [2025-02-16T00:17:10.231+0000] {dag.py:4180} INFO - Setting next_dagrun for dag_mod1234 to 2025-02-16 00:00:00+00:00, run_after=2025-02-17 00:00:00+00:00
[2025-02-16T00:17:10.252+0000] {processor.py:208} INFO - Processing /opt/airflow/dags/dag_mod1.py took 0.294 seconds
[2025-02-16T00:17:19.951+0000] {processor.py:186} INFO - Started process (PID=25892) to work on /opt/airflow/dags/dag_mod1.py
[2025-02-16T00:17:19.952+0000] {processor.py:914} INFO - Processing file /opt/airflow/dags/dag_mod1.py for tasks to queue
[2025-02-16T00:17:19.953+0000] {logging_mixin.py:190} INFO - [2025-02-16T00:17:19.953+0000] {dagbag.py:588} INFO - Filling up the DagBag from /opt/airflow/dags/dag_mod1.py
[2025-02-16T00:17:20.255+0000] {processor.py:925} INFO - DAG(s) 'hourly_scraper' retrieved from /opt/airflow/dags/dag_mod1.py
[2025-02-16T00:17:20.501+0000] {logging_mixin.py:190} INFO - [2025-02-16T00:17:20.499+0000] {override.py:1930} INFO - Created Permission View: can delete on DAG:hourly_scraper
[2025-02-16T00:17:20.525+0000] {logging_mixin.py:190} INFO - [2025-02-16T00:17:20.525+0000] {override.py:1930} INFO - Created Permission View: can read on DAG:hourly_scraper
[2025-02-16T00:17:20.538+0000] {logging_mixin.py:190} INFO - [2025-02-16T00:17:20.538+0000] {override.py:1930} INFO - Created Permission View: can edit on DAG:hourly_scraper
[2025-02-16T00:17:20.551+0000] {logging_mixin.py:190} INFO - [2025-02-16T00:17:20.551+0000] {override.py:1930} INFO - Created Permission View: can delete on DAG Run:hourly_scraper
[2025-02-16T00:17:20.563+0000] {logging_mixin.py:190} INFO - [2025-02-16T00:17:20.563+0000] {override.py:1930} INFO - Created Permission View: can create on DAG Run:hourly_scraper
[2025-02-16T00:17:20.573+0000] {logging_mixin.py:190} INFO - [2025-02-16T00:17:20.573+0000] {override.py:1930} INFO - Created Permission View: can read on DAG Run:hourly_scraper
[2025-02-16T00:17:20.584+0000] {logging_mixin.py:190} INFO - [2025-02-16T00:17:20.584+0000] {override.py:1930} INFO - Created Permission View: menu access on DAG Run:hourly_scraper
[2025-02-16T00:17:20.585+0000] {logging_mixin.py:190} INFO - [2025-02-16T00:17:20.585+0000] {dag.py:3239} INFO - Sync 1 DAGs
[2025-02-16T00:17:20.604+0000] {logging_mixin.py:190} INFO - [2025-02-16T00:17:20.603+0000] {dag.py:3262} INFO - Creating ORM DAG for hourly_scraper
[2025-02-16T00:17:20.630+0000] {logging_mixin.py:190} INFO - [2025-02-16T00:17:20.630+0000] {dag.py:4180} INFO - Setting next_dagrun for hourly_scraper to 2025-02-16 00:00:00+00:00, run_after=2025-02-16 01:00:00+00:00
[2025-02-16T00:17:20.663+0000] {processor.py:208} INFO - Processing /opt/airflow/dags/dag_mod1.py took 0.718 seconds
