[2025-02-16T01:00:20.769+0000] {local_task_job_runner.py:123} INFO - ::group::Pre task execution logs
[2025-02-16T01:00:20.827+0000] {taskinstance.py:2614} INFO - Dependencies all met for dep_context=non-requeueable deps ti=<TaskInstance: dag_hourly_scraper.main12 scheduled__2025-02-16T00:00:00+00:00 [queued]>
[2025-02-16T01:00:20.851+0000] {taskinstance.py:2614} INFO - Dependencies all met for dep_context=requeueable deps ti=<TaskInstance: dag_hourly_scraper.main12 scheduled__2025-02-16T00:00:00+00:00 [queued]>
[2025-02-16T01:00:20.853+0000] {taskinstance.py:2867} INFO - Starting attempt 1 of 6
[2025-02-16T01:00:20.888+0000] {taskinstance.py:2890} INFO - Executing <Task(PythonOperator): main12> on 2025-02-16 00:00:00+00:00
[2025-02-16T01:00:20.915+0000] {logging_mixin.py:190} WARNING - /home/***/.local/lib/python3.12/site-packages/***/task/task_runner/standard_task_runner.py:70 DeprecationWarning: This process (pid=51012) is multi-threaded, use of fork() may lead to deadlocks in the child.
[2025-02-16T01:00:20.916+0000] {standard_task_runner.py:104} INFO - Running: ['***', 'tasks', 'run', 'dag_hourly_scraper', 'main12', 'scheduled__2025-02-16T00:00:00+00:00', '--job-id', '122', '--raw', '--subdir', 'DAGS_FOLDER/dag_1_5.py', '--cfg-path', '/tmp/tmpwm_yilio']
[2025-02-16T01:00:20.918+0000] {standard_task_runner.py:72} INFO - Started process 51203 to run task
[2025-02-16T01:00:20.919+0000] {standard_task_runner.py:105} INFO - Job 122: Subtask main12
[2025-02-16T01:00:21.021+0000] {task_command.py:467} INFO - Running <TaskInstance: dag_hourly_scraper.main12 scheduled__2025-02-16T00:00:00+00:00 [running]> on host ce687c8aaad7
[2025-02-16T01:00:21.247+0000] {taskinstance.py:3134} INFO - Exporting env vars: AIRFLOW_CTX_DAG_OWNER='***' AIRFLOW_CTX_DAG_ID='dag_hourly_scraper' AIRFLOW_CTX_TASK_ID='main12' AIRFLOW_CTX_EXECUTION_DATE='2025-02-16T00:00:00+00:00' AIRFLOW_CTX_TRY_NUMBER='1' AIRFLOW_CTX_DAG_RUN_ID='scheduled__2025-02-16T00:00:00+00:00'
[2025-02-16T01:00:21.251+0000] {logging_mixin.py:190} INFO - Task instance is in running state
[2025-02-16T01:00:21.254+0000] {logging_mixin.py:190} INFO -  Previous state of the Task instance: queued
[2025-02-16T01:00:21.256+0000] {logging_mixin.py:190} INFO - Current task name:main12 state:running start_date:2025-02-16 01:00:20.829550+00:00
[2025-02-16T01:00:21.257+0000] {logging_mixin.py:190} INFO - Dag name:dag_hourly_scraper and current dag run status:running
[2025-02-16T01:00:21.259+0000] {taskinstance.py:732} INFO - ::endgroup::
[2025-02-16T01:00:22.313+0000] {selenium_manager.py:138} WARNING - The geckodriver version (0.30.0) detected in PATH at /usr/local/bin/geckodriver might not be compatible with the detected firefox version (128.7.0); currently, geckodriver 0.35.0 is recommended for firefox 128.*, so it is advised to delete the driver in PATH and retry
[2025-02-16T01:00:51.710+0000] {logging_mixin.py:190} INFO - 61 articles found.
[2025-02-16T01:00:51.732+0000] {logging_mixin.py:190} INFO - Saved: data_/news_1.html
[2025-02-16T01:00:51.743+0000] {logging_mixin.py:190} INFO - Saved: data_/news_2.html
[2025-02-16T01:00:51.754+0000] {logging_mixin.py:190} INFO - Saved: data_/news_3.html
[2025-02-16T01:00:51.767+0000] {logging_mixin.py:190} INFO - Saved: data_/news_4.html
[2025-02-16T01:00:51.778+0000] {logging_mixin.py:190} INFO - Saved: data_/news_5.html
[2025-02-16T01:00:51.792+0000] {logging_mixin.py:190} INFO - Saved: data_/news_6.html
[2025-02-16T01:00:51.803+0000] {logging_mixin.py:190} INFO - Saved: data_/news_7.html
[2025-02-16T01:00:51.813+0000] {logging_mixin.py:190} INFO - Saved: data_/news_8.html
[2025-02-16T01:00:51.822+0000] {logging_mixin.py:190} INFO - Saved: data_/news_9.html
[2025-02-16T01:00:51.850+0000] {logging_mixin.py:190} INFO - Saved: data_/news_10.html
[2025-02-16T01:00:51.871+0000] {logging_mixin.py:190} INFO - Saved: data_/news_11.html
[2025-02-16T01:00:51.881+0000] {logging_mixin.py:190} INFO - Saved: data_/news_12.html
[2025-02-16T01:00:51.889+0000] {logging_mixin.py:190} INFO - Saved: data_/news_13.html
[2025-02-16T01:00:51.898+0000] {logging_mixin.py:190} INFO - Saved: data_/news_14.html
[2025-02-16T01:00:51.908+0000] {logging_mixin.py:190} INFO - Saved: data_/news_15.html
[2025-02-16T01:00:51.917+0000] {logging_mixin.py:190} INFO - Saved: data_/news_16.html
[2025-02-16T01:00:51.926+0000] {logging_mixin.py:190} INFO - Saved: data_/news_17.html
[2025-02-16T01:00:51.935+0000] {logging_mixin.py:190} INFO - Saved: data_/news_18.html
[2025-02-16T01:00:51.943+0000] {logging_mixin.py:190} INFO - Saved: data_/news_19.html
[2025-02-16T01:00:51.950+0000] {logging_mixin.py:190} INFO - Saved: data_/news_20.html
[2025-02-16T01:00:51.959+0000] {logging_mixin.py:190} INFO - Saved: data_/news_21.html
[2025-02-16T01:00:51.969+0000] {logging_mixin.py:190} INFO - Saved: data_/news_22.html
[2025-02-16T01:00:51.980+0000] {logging_mixin.py:190} INFO - Saved: data_/news_23.html
[2025-02-16T01:00:51.989+0000] {logging_mixin.py:190} INFO - Saved: data_/news_24.html
[2025-02-16T01:00:51.998+0000] {logging_mixin.py:190} INFO - Saved: data_/news_25.html
[2025-02-16T01:00:52.006+0000] {logging_mixin.py:190} INFO - Saved: data_/news_26.html
[2025-02-16T01:00:52.015+0000] {logging_mixin.py:190} INFO - Saved: data_/news_27.html
[2025-02-16T01:00:52.023+0000] {logging_mixin.py:190} INFO - Saved: data_/news_28.html
[2025-02-16T01:00:52.032+0000] {logging_mixin.py:190} INFO - Saved: data_/news_29.html
[2025-02-16T01:00:52.040+0000] {logging_mixin.py:190} INFO - Saved: data_/news_30.html
[2025-02-16T01:00:52.048+0000] {logging_mixin.py:190} INFO - Saved: data_/news_31.html
[2025-02-16T01:00:52.056+0000] {logging_mixin.py:190} INFO - Saved: data_/news_32.html
[2025-02-16T01:00:52.064+0000] {logging_mixin.py:190} INFO - Saved: data_/news_33.html
[2025-02-16T01:00:52.075+0000] {logging_mixin.py:190} INFO - Saved: data_/news_34.html
[2025-02-16T01:00:52.084+0000] {logging_mixin.py:190} INFO - Saved: data_/news_35.html
[2025-02-16T01:00:52.091+0000] {logging_mixin.py:190} INFO - Saved: data_/news_36.html
[2025-02-16T01:00:52.099+0000] {logging_mixin.py:190} INFO - Saved: data_/news_37.html
[2025-02-16T01:00:52.107+0000] {logging_mixin.py:190} INFO - Saved: data_/news_38.html
[2025-02-16T01:00:52.115+0000] {logging_mixin.py:190} INFO - Saved: data_/news_39.html
[2025-02-16T01:00:52.122+0000] {logging_mixin.py:190} INFO - Saved: data_/news_40.html
[2025-02-16T01:00:52.130+0000] {logging_mixin.py:190} INFO - Saved: data_/news_41.html
[2025-02-16T01:00:52.141+0000] {logging_mixin.py:190} INFO - Saved: data_/news_42.html
[2025-02-16T01:00:52.150+0000] {logging_mixin.py:190} INFO - Saved: data_/news_43.html
[2025-02-16T01:00:52.158+0000] {logging_mixin.py:190} INFO - Saved: data_/news_44.html
[2025-02-16T01:00:52.167+0000] {logging_mixin.py:190} INFO - Saved: data_/news_45.html
[2025-02-16T01:00:52.176+0000] {logging_mixin.py:190} INFO - Saved: data_/news_46.html
[2025-02-16T01:00:52.184+0000] {logging_mixin.py:190} INFO - Saved: data_/news_47.html
[2025-02-16T01:00:52.192+0000] {logging_mixin.py:190} INFO - Saved: data_/news_48.html
[2025-02-16T01:00:52.202+0000] {logging_mixin.py:190} INFO - Saved: data_/news_49.html
[2025-02-16T01:00:52.210+0000] {logging_mixin.py:190} INFO - Saved: data_/news_50.html
[2025-02-16T01:00:52.219+0000] {logging_mixin.py:190} INFO - Saved: data_/news_51.html
[2025-02-16T01:00:52.227+0000] {logging_mixin.py:190} INFO - Saved: data_/news_52.html
[2025-02-16T01:00:52.234+0000] {logging_mixin.py:190} INFO - Saved: data_/news_53.html
[2025-02-16T01:00:52.243+0000] {logging_mixin.py:190} INFO - Saved: data_/news_54.html
[2025-02-16T01:00:52.251+0000] {logging_mixin.py:190} INFO - Saved: data_/news_55.html
[2025-02-16T01:00:52.259+0000] {logging_mixin.py:190} INFO - Saved: data_/news_56.html
[2025-02-16T01:00:52.268+0000] {logging_mixin.py:190} INFO - Saved: data_/news_57.html
[2025-02-16T01:00:52.278+0000] {logging_mixin.py:190} INFO - Saved: data_/news_58.html
[2025-02-16T01:00:52.287+0000] {logging_mixin.py:190} INFO - Saved: data_/news_59.html
[2025-02-16T01:00:52.296+0000] {logging_mixin.py:190} INFO - Saved: data_/news_60.html
[2025-02-16T01:00:52.305+0000] {logging_mixin.py:190} INFO - Saved: data_/news_61.html
[2025-02-16T01:00:54.540+0000] {connectionpool.py:868} WARNING - Retrying (Retry(total=2, connect=None, read=None, redirect=None, status=None)) after connection broken by 'NewConnectionError('<urllib3.connection.HTTPConnection object at 0x7fd727bab290>: Failed to establish a new connection: [Errno 111] Connection refused')': /session/bafdd448-70ee-4dde-af85-e1afab425c55
[2025-02-16T01:00:54.544+0000] {connectionpool.py:868} WARNING - Retrying (Retry(total=1, connect=None, read=None, redirect=None, status=None)) after connection broken by 'NewConnectionError('<urllib3.connection.HTTPConnection object at 0x7fd727baaab0>: Failed to establish a new connection: [Errno 111] Connection refused')': /session/bafdd448-70ee-4dde-af85-e1afab425c55
[2025-02-16T01:00:54.546+0000] {connectionpool.py:868} WARNING - Retrying (Retry(total=0, connect=None, read=None, redirect=None, status=None)) after connection broken by 'NewConnectionError('<urllib3.connection.HTTPConnection object at 0x7fd727baab70>: Failed to establish a new connection: [Errno 111] Connection refused')': /session/bafdd448-70ee-4dde-af85-e1afab425c55
[2025-02-16T01:00:54.549+0000] {python.py:240} INFO - Done. Returned value was: None
[2025-02-16T01:00:54.574+0000] {taskinstance.py:341} INFO - ::group::Post task execution logs
[2025-02-16T01:00:54.576+0000] {taskinstance.py:353} INFO - Marking task as SUCCESS. dag_id=dag_hourly_scraper, task_id=main12, run_id=scheduled__2025-02-16T00:00:00+00:00, execution_date=20250216T000000, start_date=20250216T010020, end_date=20250216T010054
[2025-02-16T01:00:54.660+0000] {logging_mixin.py:190} INFO - Task instance in success state
[2025-02-16T01:00:54.665+0000] {logging_mixin.py:190} INFO -  Previous state of the Task instance: running
[2025-02-16T01:00:54.666+0000] {logging_mixin.py:190} INFO - Dag name:dag_hourly_scraper queued_at:2025-02-16 01:00:00.957681+00:00
[2025-02-16T01:00:54.675+0000] {logging_mixin.py:190} INFO - Task hostname:ce687c8aaad7 operator:PythonOperator
[2025-02-16T01:00:54.750+0000] {local_task_job_runner.py:266} INFO - Task exited with return code 0
[2025-02-16T01:00:54.772+0000] {local_task_job_runner.py:245} INFO - ::endgroup::
