[2025-02-16T00:01:37.586+0000] {local_task_job_runner.py:123} INFO - ::group::Pre task execution logs
[2025-02-16T00:01:37.643+0000] {taskinstance.py:2614} INFO - Dependencies all met for dep_context=non-requeueable deps ti=<TaskInstance: dag_mod1234.main12 manual__2025-02-16T00:01:30.885176+00:00 [queued]>
[2025-02-16T00:01:37.660+0000] {taskinstance.py:2614} INFO - Dependencies all met for dep_context=requeueable deps ti=<TaskInstance: dag_mod1234.main12 manual__2025-02-16T00:01:30.885176+00:00 [queued]>
[2025-02-16T00:01:37.661+0000] {taskinstance.py:2867} INFO - Starting attempt 1 of 6
[2025-02-16T00:01:37.686+0000] {taskinstance.py:2890} INFO - Executing <Task(PythonOperator): main12> on 2025-02-16 00:01:30.885176+00:00
[2025-02-16T00:01:37.712+0000] {standard_task_runner.py:104} INFO - Running: ['***', 'tasks', 'run', 'dag_mod1234', 'main12', 'manual__2025-02-16T00:01:30.885176+00:00', '--job-id', '105', '--raw', '--subdir', 'DAGS_FOLDER/dag_mod1.py', '--cfg-path', '/tmp/tmpbb1nbn1d']
[2025-02-16T00:01:37.716+0000] {standard_task_runner.py:105} INFO - Job 105: Subtask main12
[2025-02-16T00:01:37.719+0000] {logging_mixin.py:190} WARNING - /home/***/.local/lib/python3.12/site-packages/***/task/task_runner/standard_task_runner.py:70 DeprecationWarning: This process (pid=15985) is multi-threaded, use of fork() may lead to deadlocks in the child.
[2025-02-16T00:01:37.721+0000] {standard_task_runner.py:72} INFO - Started process 15989 to run task
[2025-02-16T00:01:37.803+0000] {task_command.py:467} INFO - Running <TaskInstance: dag_mod1234.main12 manual__2025-02-16T00:01:30.885176+00:00 [running]> on host ce687c8aaad7
[2025-02-16T00:01:37.958+0000] {taskinstance.py:3134} INFO - Exporting env vars: AIRFLOW_CTX_DAG_OWNER='***' AIRFLOW_CTX_DAG_ID='dag_mod1234' AIRFLOW_CTX_TASK_ID='main12' AIRFLOW_CTX_EXECUTION_DATE='2025-02-16T00:01:30.885176+00:00' AIRFLOW_CTX_TRY_NUMBER='1' AIRFLOW_CTX_DAG_RUN_ID='manual__2025-02-16T00:01:30.885176+00:00'
[2025-02-16T00:01:37.964+0000] {logging_mixin.py:190} INFO - Task instance is in running state
[2025-02-16T00:01:37.965+0000] {logging_mixin.py:190} INFO -  Previous state of the Task instance: queued
[2025-02-16T00:01:37.966+0000] {logging_mixin.py:190} INFO - Current task name:main12 state:running start_date:2025-02-16 00:01:37.644768+00:00
[2025-02-16T00:01:37.966+0000] {logging_mixin.py:190} INFO - Dag name:dag_mod1234 and current dag run status:running
[2025-02-16T00:01:37.968+0000] {taskinstance.py:732} INFO - ::endgroup::
[2025-02-16T00:01:38.575+0000] {selenium_manager.py:138} WARNING - The geckodriver version (0.30.0) detected in PATH at /usr/local/bin/geckodriver might not be compatible with the detected firefox version (128.7.0); currently, geckodriver 0.35.0 is recommended for firefox 128.*, so it is advised to delete the driver in PATH and retry
[2025-02-16T00:02:04.393+0000] {logging_mixin.py:190} INFO - 61 articles found.
[2025-02-16T00:02:04.518+0000] {logging_mixin.py:190} INFO - Saved: data_/news_1.html
[2025-02-16T00:02:04.561+0000] {logging_mixin.py:190} INFO - Saved: data_/news_2.html
[2025-02-16T00:02:04.599+0000] {logging_mixin.py:190} INFO - Saved: data_/news_3.html
[2025-02-16T00:02:04.644+0000] {logging_mixin.py:190} INFO - Saved: data_/news_4.html
[2025-02-16T00:02:04.670+0000] {logging_mixin.py:190} INFO - Saved: data_/news_5.html
[2025-02-16T00:02:04.700+0000] {logging_mixin.py:190} INFO - Saved: data_/news_6.html
[2025-02-16T00:02:04.732+0000] {logging_mixin.py:190} INFO - Saved: data_/news_7.html
[2025-02-16T00:02:04.756+0000] {logging_mixin.py:190} INFO - Saved: data_/news_8.html
[2025-02-16T00:02:04.784+0000] {logging_mixin.py:190} INFO - Saved: data_/news_9.html
[2025-02-16T00:02:04.815+0000] {logging_mixin.py:190} INFO - Saved: data_/news_10.html
[2025-02-16T00:02:04.861+0000] {logging_mixin.py:190} INFO - Saved: data_/news_11.html
[2025-02-16T00:02:04.902+0000] {logging_mixin.py:190} INFO - Saved: data_/news_12.html
[2025-02-16T00:02:04.976+0000] {logging_mixin.py:190} INFO - Saved: data_/news_13.html
[2025-02-16T00:02:05.018+0000] {logging_mixin.py:190} INFO - Saved: data_/news_14.html
[2025-02-16T00:02:05.074+0000] {logging_mixin.py:190} INFO - Saved: data_/news_15.html
[2025-02-16T00:02:05.099+0000] {logging_mixin.py:190} INFO - Saved: data_/news_16.html
[2025-02-16T00:02:05.117+0000] {logging_mixin.py:190} INFO - Saved: data_/news_17.html
[2025-02-16T00:02:05.191+0000] {logging_mixin.py:190} INFO - Saved: data_/news_18.html
[2025-02-16T00:02:05.218+0000] {logging_mixin.py:190} INFO - Saved: data_/news_19.html
[2025-02-16T00:02:05.237+0000] {logging_mixin.py:190} INFO - Saved: data_/news_20.html
[2025-02-16T00:02:05.262+0000] {logging_mixin.py:190} INFO - Saved: data_/news_21.html
[2025-02-16T00:02:05.299+0000] {logging_mixin.py:190} INFO - Saved: data_/news_22.html
[2025-02-16T00:02:05.325+0000] {logging_mixin.py:190} INFO - Saved: data_/news_23.html
[2025-02-16T00:02:05.355+0000] {logging_mixin.py:190} INFO - Saved: data_/news_24.html
[2025-02-16T00:02:05.374+0000] {logging_mixin.py:190} INFO - Saved: data_/news_25.html
[2025-02-16T00:02:05.410+0000] {logging_mixin.py:190} INFO - Saved: data_/news_26.html
[2025-02-16T00:02:05.476+0000] {logging_mixin.py:190} INFO - Saved: data_/news_27.html
[2025-02-16T00:02:05.503+0000] {logging_mixin.py:190} INFO - Saved: data_/news_28.html
[2025-02-16T00:02:05.563+0000] {logging_mixin.py:190} INFO - Saved: data_/news_29.html
[2025-02-16T00:02:05.609+0000] {logging_mixin.py:190} INFO - Saved: data_/news_30.html
[2025-02-16T00:02:05.632+0000] {logging_mixin.py:190} INFO - Saved: data_/news_31.html
[2025-02-16T00:02:05.671+0000] {logging_mixin.py:190} INFO - Saved: data_/news_32.html
[2025-02-16T00:02:05.685+0000] {logging_mixin.py:190} INFO - Saved: data_/news_33.html
[2025-02-16T00:02:05.700+0000] {logging_mixin.py:190} INFO - Saved: data_/news_34.html
[2025-02-16T00:02:05.715+0000] {logging_mixin.py:190} INFO - Saved: data_/news_35.html
[2025-02-16T00:02:05.742+0000] {logging_mixin.py:190} INFO - Saved: data_/news_36.html
[2025-02-16T00:02:05.765+0000] {logging_mixin.py:190} INFO - Saved: data_/news_37.html
[2025-02-16T00:02:05.790+0000] {logging_mixin.py:190} INFO - Saved: data_/news_38.html
[2025-02-16T00:02:05.817+0000] {logging_mixin.py:190} INFO - Saved: data_/news_39.html
[2025-02-16T00:02:05.832+0000] {logging_mixin.py:190} INFO - Saved: data_/news_40.html
[2025-02-16T00:02:05.849+0000] {logging_mixin.py:190} INFO - Saved: data_/news_41.html
[2025-02-16T00:02:05.887+0000] {logging_mixin.py:190} INFO - Saved: data_/news_42.html
[2025-02-16T00:02:05.910+0000] {logging_mixin.py:190} INFO - Saved: data_/news_43.html
[2025-02-16T00:02:05.926+0000] {logging_mixin.py:190} INFO - Saved: data_/news_44.html
[2025-02-16T00:02:05.945+0000] {logging_mixin.py:190} INFO - Saved: data_/news_45.html
[2025-02-16T00:02:05.969+0000] {logging_mixin.py:190} INFO - Saved: data_/news_46.html
[2025-02-16T00:02:05.992+0000] {logging_mixin.py:190} INFO - Saved: data_/news_47.html
[2025-02-16T00:02:06.018+0000] {logging_mixin.py:190} INFO - Saved: data_/news_48.html
[2025-02-16T00:02:06.051+0000] {logging_mixin.py:190} INFO - Saved: data_/news_49.html
[2025-02-16T00:02:06.077+0000] {logging_mixin.py:190} INFO - Saved: data_/news_50.html
[2025-02-16T00:02:06.141+0000] {logging_mixin.py:190} INFO - Saved: data_/news_51.html
[2025-02-16T00:02:06.170+0000] {logging_mixin.py:190} INFO - Saved: data_/news_52.html
[2025-02-16T00:02:06.186+0000] {logging_mixin.py:190} INFO - Saved: data_/news_53.html
[2025-02-16T00:02:06.202+0000] {logging_mixin.py:190} INFO - Saved: data_/news_54.html
[2025-02-16T00:02:06.229+0000] {logging_mixin.py:190} INFO - Saved: data_/news_55.html
[2025-02-16T00:02:06.291+0000] {logging_mixin.py:190} INFO - Saved: data_/news_56.html
[2025-02-16T00:02:06.477+0000] {logging_mixin.py:190} INFO - Saved: data_/news_57.html
[2025-02-16T00:02:06.551+0000] {logging_mixin.py:190} INFO - Saved: data_/news_58.html
[2025-02-16T00:02:06.618+0000] {logging_mixin.py:190} INFO - Saved: data_/news_59.html
[2025-02-16T00:02:06.658+0000] {logging_mixin.py:190} INFO - Saved: data_/news_60.html
[2025-02-16T00:02:06.721+0000] {logging_mixin.py:190} INFO - Saved: data_/news_61.html
[2025-02-16T00:02:09.273+0000] {connectionpool.py:868} WARNING - Retrying (Retry(total=2, connect=None, read=None, redirect=None, status=None)) after connection broken by 'NewConnectionError('<urllib3.connection.HTTPConnection object at 0x7fd727bbfb00>: Failed to establish a new connection: [Errno 111] Connection refused')': /session/e5cef4a3-e0c7-4c55-b478-9f5337890ebd
[2025-02-16T00:02:09.276+0000] {connectionpool.py:868} WARNING - Retrying (Retry(total=1, connect=None, read=None, redirect=None, status=None)) after connection broken by 'NewConnectionError('<urllib3.connection.HTTPConnection object at 0x7fd727bbf980>: Failed to establish a new connection: [Errno 111] Connection refused')': /session/e5cef4a3-e0c7-4c55-b478-9f5337890ebd
[2025-02-16T00:02:09.279+0000] {connectionpool.py:868} WARNING - Retrying (Retry(total=0, connect=None, read=None, redirect=None, status=None)) after connection broken by 'NewConnectionError('<urllib3.connection.HTTPConnection object at 0x7fd727bbff80>: Failed to establish a new connection: [Errno 111] Connection refused')': /session/e5cef4a3-e0c7-4c55-b478-9f5337890ebd
[2025-02-16T00:02:09.284+0000] {python.py:240} INFO - Done. Returned value was: None
[2025-02-16T00:02:09.409+0000] {taskinstance.py:341} INFO - ::group::Post task execution logs
[2025-02-16T00:02:09.412+0000] {taskinstance.py:353} INFO - Marking task as SUCCESS. dag_id=dag_mod1234, task_id=main12, run_id=manual__2025-02-16T00:01:30.885176+00:00, execution_date=20250216T000130, start_date=20250216T000137, end_date=20250216T000209
[2025-02-16T00:02:09.502+0000] {logging_mixin.py:190} INFO - Task instance in success state
[2025-02-16T00:02:09.504+0000] {logging_mixin.py:190} INFO -  Previous state of the Task instance: running
[2025-02-16T00:02:09.505+0000] {logging_mixin.py:190} INFO - Dag name:dag_mod1234 queued_at:2025-02-16 00:01:31.496287+00:00
[2025-02-16T00:02:09.505+0000] {logging_mixin.py:190} INFO - Task hostname:ce687c8aaad7 operator:PythonOperator
[2025-02-16T00:02:09.557+0000] {local_task_job_runner.py:266} INFO - Task exited with return code 0
[2025-02-16T00:02:09.650+0000] {taskinstance.py:3901} INFO - 0 downstream tasks scheduled from follow-on schedule check
[2025-02-16T00:02:09.654+0000] {local_task_job_runner.py:245} INFO - ::endgroup::
