[2025-02-16T00:11:20.593+0000] {local_task_job_runner.py:123} INFO - ::group::Pre task execution logs
[2025-02-16T00:11:20.625+0000] {taskinstance.py:2614} INFO - Dependencies all met for dep_context=non-requeueable deps ti=<TaskInstance: dag_mod1234.main4 scheduled__2025-02-15T00:00:00+00:00 [queued]>
[2025-02-16T00:11:20.644+0000] {taskinstance.py:2614} INFO - Dependencies all met for dep_context=requeueable deps ti=<TaskInstance: dag_mod1234.main4 scheduled__2025-02-15T00:00:00+00:00 [queued]>
[2025-02-16T00:11:20.645+0000] {taskinstance.py:2867} INFO - Starting attempt 3 of 6
[2025-02-16T00:11:20.666+0000] {taskinstance.py:2890} INFO - Executing <Task(PythonOperator): main4> on 2025-02-15 00:00:00+00:00
[2025-02-16T00:11:20.684+0000] {logging_mixin.py:190} WARNING - /home/***/.local/lib/python3.12/site-packages/***/task/task_runner/standard_task_runner.py:70 DeprecationWarning: This process (pid=22503) is multi-threaded, use of fork() may lead to deadlocks in the child.
[2025-02-16T00:11:20.685+0000] {standard_task_runner.py:104} INFO - Running: ['***', 'tasks', 'run', 'dag_mod1234', 'main4', 'scheduled__2025-02-15T00:00:00+00:00', '--job-id', '117', '--raw', '--subdir', 'DAGS_FOLDER/dag_mod1.py', '--cfg-path', '/tmp/tmppq6h68am']
[2025-02-16T00:11:20.686+0000] {standard_task_runner.py:72} INFO - Started process 22530 to run task
[2025-02-16T00:11:20.686+0000] {standard_task_runner.py:105} INFO - Job 117: Subtask main4
[2025-02-16T00:11:20.753+0000] {task_command.py:467} INFO - Running <TaskInstance: dag_mod1234.main4 scheduled__2025-02-15T00:00:00+00:00 [running]> on host ce687c8aaad7
[2025-02-16T00:11:20.889+0000] {taskinstance.py:3134} INFO - Exporting env vars: AIRFLOW_CTX_DAG_OWNER='***' AIRFLOW_CTX_DAG_ID='dag_mod1234' AIRFLOW_CTX_TASK_ID='main4' AIRFLOW_CTX_EXECUTION_DATE='2025-02-15T00:00:00+00:00' AIRFLOW_CTX_TRY_NUMBER='3' AIRFLOW_CTX_DAG_RUN_ID='scheduled__2025-02-15T00:00:00+00:00'
[2025-02-16T00:11:20.892+0000] {logging_mixin.py:190} INFO - Task instance is in running state
[2025-02-16T00:11:20.892+0000] {logging_mixin.py:190} INFO -  Previous state of the Task instance: queued
[2025-02-16T00:11:20.893+0000] {logging_mixin.py:190} INFO - Current task name:main4 state:running start_date:2025-02-16 00:11:20.626736+00:00
[2025-02-16T00:11:20.894+0000] {logging_mixin.py:190} INFO - Dag name:dag_mod1234 and current dag run status:running
[2025-02-16T00:11:20.894+0000] {taskinstance.py:732} INFO - ::endgroup::
[2025-02-16T00:11:20.896+0000] {logging_mixin.py:190} INFO - CSV file path: /opt/***/assign2/data_home.csv
[2025-02-16T00:11:21.465+0000] {logging_mixin.py:190} INFO - Columns in CSV: ['Headline', 'Image Path', 'Encoding']
[2025-02-16T00:11:21.479+0000] {base.py:84} INFO - Retrieving connection 'postgres_default'
[2025-02-16T00:11:22.866+0000] {logging_mixin.py:190} INFO - Data insertion completed successfully. 61 records inserted.
[2025-02-16T00:11:22.868+0000] {python.py:240} INFO - Done. Returned value was: None
[2025-02-16T00:11:22.882+0000] {taskinstance.py:341} INFO - ::group::Post task execution logs
[2025-02-16T00:11:22.883+0000] {taskinstance.py:353} INFO - Marking task as SUCCESS. dag_id=dag_mod1234, task_id=main4, run_id=scheduled__2025-02-15T00:00:00+00:00, execution_date=20250215T000000, start_date=20250216T001120, end_date=20250216T001122
[2025-02-16T00:11:22.913+0000] {logging_mixin.py:190} INFO - Task instance in success state
[2025-02-16T00:11:22.914+0000] {logging_mixin.py:190} INFO -  Previous state of the Task instance: running
[2025-02-16T00:11:22.915+0000] {logging_mixin.py:190} INFO - Dag name:dag_mod1234 queued_at:2025-02-16 00:00:00.486571+00:00
[2025-02-16T00:11:22.916+0000] {logging_mixin.py:190} INFO - Task hostname:ce687c8aaad7 operator:PythonOperator
[2025-02-16T00:11:22.950+0000] {local_task_job_runner.py:266} INFO - Task exited with return code 0
[2025-02-16T00:11:22.968+0000] {taskinstance.py:3901} INFO - 0 downstream tasks scheduled from follow-on schedule check
[2025-02-16T00:11:22.971+0000] {local_task_job_runner.py:245} INFO - ::endgroup::
