[2025-02-16T00:08:27.403+0000] {local_task_job_runner.py:123} INFO - ::group::Pre task execution logs
[2025-02-16T00:08:27.426+0000] {taskinstance.py:2614} INFO - Dependencies all met for dep_context=non-requeueable deps ti=<TaskInstance: dag_mod1234.main12 manual__2025-02-16T00:08:24.243188+00:00 [queued]>
[2025-02-16T00:08:27.435+0000] {taskinstance.py:2614} INFO - Dependencies all met for dep_context=requeueable deps ti=<TaskInstance: dag_mod1234.main12 manual__2025-02-16T00:08:24.243188+00:00 [queued]>
[2025-02-16T00:08:27.436+0000] {taskinstance.py:2867} INFO - Starting attempt 1 of 6
[2025-02-16T00:08:27.453+0000] {taskinstance.py:2890} INFO - Executing <Task(PythonOperator): main12> on 2025-02-16 00:08:24.243188+00:00
[2025-02-16T00:08:27.464+0000] {standard_task_runner.py:104} INFO - Running: ['***', 'tasks', 'run', 'dag_mod1234', 'main12', 'manual__2025-02-16T00:08:24.243188+00:00', '--job-id', '113', '--raw', '--subdir', 'DAGS_FOLDER/dag_mod1.py', '--cfg-path', '/tmp/tmpq524534c']
[2025-02-16T00:08:27.466+0000] {standard_task_runner.py:105} INFO - Job 113: Subtask main12
[2025-02-16T00:08:27.468+0000] {logging_mixin.py:190} WARNING - /home/***/.local/lib/python3.12/site-packages/***/task/task_runner/standard_task_runner.py:70 DeprecationWarning: This process (pid=20500) is multi-threaded, use of fork() may lead to deadlocks in the child.
[2025-02-16T00:08:27.469+0000] {standard_task_runner.py:72} INFO - Started process 20544 to run task
[2025-02-16T00:08:27.516+0000] {task_command.py:467} INFO - Running <TaskInstance: dag_mod1234.main12 manual__2025-02-16T00:08:24.243188+00:00 [running]> on host ce687c8aaad7
[2025-02-16T00:08:27.617+0000] {taskinstance.py:3134} INFO - Exporting env vars: AIRFLOW_CTX_DAG_OWNER='***' AIRFLOW_CTX_DAG_ID='dag_mod1234' AIRFLOW_CTX_TASK_ID='main12' AIRFLOW_CTX_EXECUTION_DATE='2025-02-16T00:08:24.243188+00:00' AIRFLOW_CTX_TRY_NUMBER='1' AIRFLOW_CTX_DAG_RUN_ID='manual__2025-02-16T00:08:24.243188+00:00'
[2025-02-16T00:08:27.619+0000] {logging_mixin.py:190} INFO - Task instance is in running state
[2025-02-16T00:08:27.620+0000] {logging_mixin.py:190} INFO -  Previous state of the Task instance: queued
[2025-02-16T00:08:27.620+0000] {logging_mixin.py:190} INFO - Current task name:main12 state:running start_date:2025-02-16 00:08:27.426900+00:00
[2025-02-16T00:08:27.621+0000] {logging_mixin.py:190} INFO - Dag name:dag_mod1234 and current dag run status:running
[2025-02-16T00:08:27.621+0000] {taskinstance.py:732} INFO - ::endgroup::
[2025-02-16T00:08:28.171+0000] {selenium_manager.py:138} WARNING - The geckodriver version (0.30.0) detected in PATH at /usr/local/bin/geckodriver might not be compatible with the detected firefox version (128.7.0); currently, geckodriver 0.35.0 is recommended for firefox 128.*, so it is advised to delete the driver in PATH and retry
[2025-02-16T00:08:48.157+0000] {logging_mixin.py:190} INFO - 61 articles found.
[2025-02-16T00:08:48.189+0000] {logging_mixin.py:190} INFO - Saved: data_/news_1.html
[2025-02-16T00:08:48.205+0000] {logging_mixin.py:190} INFO - Saved: data_/news_2.html
[2025-02-16T00:08:48.225+0000] {logging_mixin.py:190} INFO - Saved: data_/news_3.html
[2025-02-16T00:08:48.244+0000] {logging_mixin.py:190} INFO - Saved: data_/news_4.html
[2025-02-16T00:08:48.259+0000] {logging_mixin.py:190} INFO - Saved: data_/news_5.html
[2025-02-16T00:08:48.271+0000] {logging_mixin.py:190} INFO - Saved: data_/news_6.html
[2025-02-16T00:08:48.057+0000] {logging_mixin.py:190} INFO - Saved: data_/news_7.html
[2025-02-16T00:08:48.073+0000] {logging_mixin.py:190} INFO - Saved: data_/news_8.html
[2025-02-16T00:08:48.085+0000] {logging_mixin.py:190} INFO - Saved: data_/news_9.html
[2025-02-16T00:08:48.097+0000] {logging_mixin.py:190} INFO - Saved: data_/news_10.html
[2025-02-16T00:08:48.109+0000] {logging_mixin.py:190} INFO - Saved: data_/news_11.html
[2025-02-16T00:08:48.120+0000] {logging_mixin.py:190} INFO - Saved: data_/news_12.html
[2025-02-16T00:08:48.132+0000] {logging_mixin.py:190} INFO - Saved: data_/news_13.html
[2025-02-16T00:08:48.142+0000] {logging_mixin.py:190} INFO - Saved: data_/news_14.html
[2025-02-16T00:08:48.153+0000] {logging_mixin.py:190} INFO - Saved: data_/news_15.html
[2025-02-16T00:08:48.163+0000] {logging_mixin.py:190} INFO - Saved: data_/news_16.html
[2025-02-16T00:08:48.174+0000] {logging_mixin.py:190} INFO - Saved: data_/news_17.html
[2025-02-16T00:08:48.185+0000] {logging_mixin.py:190} INFO - Saved: data_/news_18.html
[2025-02-16T00:08:48.196+0000] {logging_mixin.py:190} INFO - Saved: data_/news_19.html
[2025-02-16T00:08:48.209+0000] {logging_mixin.py:190} INFO - Saved: data_/news_20.html
[2025-02-16T00:08:48.220+0000] {logging_mixin.py:190} INFO - Saved: data_/news_21.html
[2025-02-16T00:08:48.231+0000] {logging_mixin.py:190} INFO - Saved: data_/news_22.html
[2025-02-16T00:08:48.242+0000] {logging_mixin.py:190} INFO - Saved: data_/news_23.html
[2025-02-16T00:08:48.252+0000] {logging_mixin.py:190} INFO - Saved: data_/news_24.html
[2025-02-16T00:08:48.260+0000] {logging_mixin.py:190} INFO - Saved: data_/news_25.html
[2025-02-16T00:08:48.269+0000] {logging_mixin.py:190} INFO - Saved: data_/news_26.html
[2025-02-16T00:08:48.281+0000] {logging_mixin.py:190} INFO - Saved: data_/news_27.html
[2025-02-16T00:08:48.291+0000] {logging_mixin.py:190} INFO - Saved: data_/news_28.html
[2025-02-16T00:08:48.307+0000] {logging_mixin.py:190} INFO - Saved: data_/news_29.html
[2025-02-16T00:08:48.324+0000] {logging_mixin.py:190} INFO - Saved: data_/news_30.html
[2025-02-16T00:08:48.336+0000] {logging_mixin.py:190} INFO - Saved: data_/news_31.html
[2025-02-16T00:08:48.354+0000] {logging_mixin.py:190} INFO - Saved: data_/news_32.html
[2025-02-16T00:08:48.365+0000] {logging_mixin.py:190} INFO - Saved: data_/news_33.html
[2025-02-16T00:08:48.378+0000] {logging_mixin.py:190} INFO - Saved: data_/news_34.html
[2025-02-16T00:08:48.398+0000] {logging_mixin.py:190} INFO - Saved: data_/news_35.html
[2025-02-16T00:08:48.417+0000] {logging_mixin.py:190} INFO - Saved: data_/news_36.html
[2025-02-16T00:08:48.430+0000] {logging_mixin.py:190} INFO - Saved: data_/news_37.html
[2025-02-16T00:08:48.449+0000] {logging_mixin.py:190} INFO - Saved: data_/news_38.html
[2025-02-16T00:08:48.462+0000] {logging_mixin.py:190} INFO - Saved: data_/news_39.html
[2025-02-16T00:08:48.479+0000] {logging_mixin.py:190} INFO - Saved: data_/news_40.html
[2025-02-16T00:08:48.491+0000] {logging_mixin.py:190} INFO - Saved: data_/news_41.html
[2025-02-16T00:08:48.504+0000] {logging_mixin.py:190} INFO - Saved: data_/news_42.html
[2025-02-16T00:08:48.522+0000] {logging_mixin.py:190} INFO - Saved: data_/news_43.html
[2025-02-16T00:08:48.534+0000] {logging_mixin.py:190} INFO - Saved: data_/news_44.html
[2025-02-16T00:08:48.545+0000] {logging_mixin.py:190} INFO - Saved: data_/news_45.html
[2025-02-16T00:08:48.565+0000] {logging_mixin.py:190} INFO - Saved: data_/news_46.html
[2025-02-16T00:08:48.576+0000] {logging_mixin.py:190} INFO - Saved: data_/news_47.html
[2025-02-16T00:08:48.587+0000] {logging_mixin.py:190} INFO - Saved: data_/news_48.html
[2025-02-16T00:08:48.602+0000] {logging_mixin.py:190} INFO - Saved: data_/news_49.html
[2025-02-16T00:08:48.625+0000] {logging_mixin.py:190} INFO - Saved: data_/news_50.html
[2025-02-16T00:08:48.642+0000] {logging_mixin.py:190} INFO - Saved: data_/news_51.html
[2025-02-16T00:08:48.664+0000] {logging_mixin.py:190} INFO - Saved: data_/news_52.html
[2025-02-16T00:08:48.684+0000] {logging_mixin.py:190} INFO - Saved: data_/news_53.html
[2025-02-16T00:08:48.697+0000] {logging_mixin.py:190} INFO - Saved: data_/news_54.html
[2025-02-16T00:08:48.710+0000] {logging_mixin.py:190} INFO - Saved: data_/news_55.html
[2025-02-16T00:08:48.721+0000] {logging_mixin.py:190} INFO - Saved: data_/news_56.html
[2025-02-16T00:08:48.734+0000] {logging_mixin.py:190} INFO - Saved: data_/news_57.html
[2025-02-16T00:08:48.747+0000] {logging_mixin.py:190} INFO - Saved: data_/news_58.html
[2025-02-16T00:08:48.761+0000] {logging_mixin.py:190} INFO - Saved: data_/news_59.html
[2025-02-16T00:08:48.774+0000] {logging_mixin.py:190} INFO - Saved: data_/news_60.html
[2025-02-16T00:08:48.786+0000] {logging_mixin.py:190} INFO - Saved: data_/news_61.html
[2025-02-16T00:08:50.103+0000] {connectionpool.py:868} WARNING - Retrying (Retry(total=2, connect=None, read=None, redirect=None, status=None)) after connection broken by 'NewConnectionError('<urllib3.connection.HTTPConnection object at 0x7fd727bbb4a0>: Failed to establish a new connection: [Errno 111] Connection refused')': /session/f26c2894-71c8-487a-98d9-d8d1db9b4e5f
[2025-02-16T00:08:50.104+0000] {connectionpool.py:868} WARNING - Retrying (Retry(total=1, connect=None, read=None, redirect=None, status=None)) after connection broken by 'NewConnectionError('<urllib3.connection.HTTPConnection object at 0x7fd727bbb740>: Failed to establish a new connection: [Errno 111] Connection refused')': /session/f26c2894-71c8-487a-98d9-d8d1db9b4e5f
[2025-02-16T00:08:50.106+0000] {connectionpool.py:868} WARNING - Retrying (Retry(total=0, connect=None, read=None, redirect=None, status=None)) after connection broken by 'NewConnectionError('<urllib3.connection.HTTPConnection object at 0x7fd727bbb7a0>: Failed to establish a new connection: [Errno 111] Connection refused')': /session/f26c2894-71c8-487a-98d9-d8d1db9b4e5f
[2025-02-16T00:08:50.110+0000] {python.py:240} INFO - Done. Returned value was: None
[2025-02-16T00:08:50.161+0000] {taskinstance.py:341} INFO - ::group::Post task execution logs
[2025-02-16T00:08:50.163+0000] {taskinstance.py:353} INFO - Marking task as SUCCESS. dag_id=dag_mod1234, task_id=main12, run_id=manual__2025-02-16T00:08:24.243188+00:00, execution_date=20250216T000824, start_date=20250216T000827, end_date=20250216T000850
[2025-02-16T00:08:50.229+0000] {logging_mixin.py:190} INFO - Task instance in success state
[2025-02-16T00:08:50.230+0000] {logging_mixin.py:190} INFO -  Previous state of the Task instance: running
[2025-02-16T00:08:50.231+0000] {logging_mixin.py:190} INFO - Dag name:dag_mod1234 queued_at:2025-02-16 00:08:24.477082+00:00
[2025-02-16T00:08:50.232+0000] {logging_mixin.py:190} INFO - Task hostname:ce687c8aaad7 operator:PythonOperator
[2025-02-16T00:08:50.269+0000] {local_task_job_runner.py:266} INFO - Task exited with return code 0
[2025-02-16T00:08:50.353+0000] {taskinstance.py:3901} INFO - 1 downstream tasks scheduled from follow-on schedule check
[2025-02-16T00:08:50.356+0000] {local_task_job_runner.py:245} INFO - ::endgroup::
