[2025-02-15T23:38:10.049+0000] {local_task_job_runner.py:123} INFO - ::group::Pre task execution logs
[2025-02-15T23:38:10.143+0000] {taskinstance.py:2614} INFO - Dependencies all met for dep_context=non-requeueable deps ti=<TaskInstance: dag_mod1234.main3 manual__2025-02-15T23:37:21.035336+00:00 [queued]>
[2025-02-15T23:38:10.213+0000] {taskinstance.py:2614} INFO - Dependencies all met for dep_context=requeueable deps ti=<TaskInstance: dag_mod1234.main3 manual__2025-02-15T23:37:21.035336+00:00 [queued]>
[2025-02-15T23:38:10.332+0000] {taskinstance.py:2867} INFO - Starting attempt 1 of 6
[2025-02-15T23:38:10.420+0000] {taskinstance.py:2890} INFO - Executing <Task(PythonOperator): main3> on 2025-02-15 23:37:21.035336+00:00
[2025-02-15T23:38:10.453+0000] {standard_task_runner.py:104} INFO - Running: ['***', 'tasks', 'run', 'dag_mod1234', 'main3', 'manual__2025-02-15T23:37:21.035336+00:00', '--job-id', '85', '--raw', '--subdir', 'DAGS_FOLDER/dag_mod1.py', '--cfg-path', '/tmp/tmp_b2o2vay']
[2025-02-15T23:38:10.464+0000] {standard_task_runner.py:105} INFO - Job 85: Subtask main3
[2025-02-15T23:38:10.481+0000] {logging_mixin.py:190} WARNING - /home/***/.local/lib/python3.12/site-packages/***/task/task_runner/standard_task_runner.py:70 DeprecationWarning: This process (pid=1668) is multi-threaded, use of fork() may lead to deadlocks in the child.
[2025-02-15T23:38:10.498+0000] {standard_task_runner.py:72} INFO - Started process 1764 to run task
[2025-02-15T23:38:10.638+0000] {task_command.py:467} INFO - Running <TaskInstance: dag_mod1234.main3 manual__2025-02-15T23:37:21.035336+00:00 [running]> on host ce687c8aaad7
[2025-02-15T23:38:10.811+0000] {taskinstance.py:3134} INFO - Exporting env vars: AIRFLOW_CTX_DAG_OWNER='***' AIRFLOW_CTX_DAG_ID='dag_mod1234' AIRFLOW_CTX_TASK_ID='main3' AIRFLOW_CTX_EXECUTION_DATE='2025-02-15T23:37:21.035336+00:00' AIRFLOW_CTX_TRY_NUMBER='1' AIRFLOW_CTX_DAG_RUN_ID='manual__2025-02-15T23:37:21.035336+00:00'
[2025-02-15T23:38:10.815+0000] {logging_mixin.py:190} INFO - Task instance is in running state
[2025-02-15T23:38:10.816+0000] {logging_mixin.py:190} INFO -  Previous state of the Task instance: queued
[2025-02-15T23:38:10.817+0000] {logging_mixin.py:190} INFO - Current task name:main3 state:running start_date:2025-02-15 23:38:10.171093+00:00
[2025-02-15T23:38:10.818+0000] {logging_mixin.py:190} INFO - Dag name:dag_mod1234 and current dag run status:running
[2025-02-15T23:38:10.819+0000] {taskinstance.py:732} INFO - ::endgroup::
[2025-02-15T23:38:10.823+0000] {logging_mixin.py:190} INFO - Processing data_...
[2025-02-15T23:38:25.294+0000] {logging_mixin.py:190} INFO - Data saved to data_.csv
[2025-02-15T23:38:25.300+0000] {python.py:240} INFO - Done. Returned value was: None
[2025-02-15T23:38:25.316+0000] {taskinstance.py:341} INFO - ::group::Post task execution logs
[2025-02-15T23:38:25.317+0000] {taskinstance.py:353} INFO - Marking task as SUCCESS. dag_id=dag_mod1234, task_id=main3, run_id=manual__2025-02-15T23:37:21.035336+00:00, execution_date=20250215T233721, start_date=20250215T233810, end_date=20250215T233825
[2025-02-15T23:38:25.365+0000] {logging_mixin.py:190} INFO - Task instance in success state
[2025-02-15T23:38:25.371+0000] {logging_mixin.py:190} INFO -  Previous state of the Task instance: running
[2025-02-15T23:38:25.373+0000] {logging_mixin.py:190} INFO - Dag name:dag_mod1234 queued_at:2025-02-15 23:37:21.088630+00:00
[2025-02-15T23:38:25.374+0000] {logging_mixin.py:190} INFO - Task hostname:ce687c8aaad7 operator:PythonOperator
[2025-02-15T23:38:25.422+0000] {local_task_job_runner.py:266} INFO - Task exited with return code 0
[2025-02-15T23:38:25.458+0000] {taskinstance.py:3901} INFO - 1 downstream tasks scheduled from follow-on schedule check
[2025-02-15T23:38:25.461+0000] {local_task_job_runner.py:245} INFO - ::endgroup::
