[2025-02-16T01:19:38.050+0000] {local_task_job_runner.py:123} INFO - ::group::Pre task execution logs
[2025-02-16T01:19:38.073+0000] {taskinstance.py:2614} INFO - Dependencies all met for dep_context=non-requeueable deps ti=<TaskInstance: dag_email_on_new_data.check_new_rows manual__2025-02-16T01:19:30.907083+00:00 [queued]>
[2025-02-16T01:19:38.086+0000] {taskinstance.py:2614} INFO - Dependencies all met for dep_context=requeueable deps ti=<TaskInstance: dag_email_on_new_data.check_new_rows manual__2025-02-16T01:19:30.907083+00:00 [queued]>
[2025-02-16T01:19:38.087+0000] {taskinstance.py:2867} INFO - Starting attempt 1 of 2
[2025-02-16T01:19:38.102+0000] {taskinstance.py:2890} INFO - Executing <Task(PythonOperator): check_new_rows> on 2025-02-16 01:19:30.907083+00:00
[2025-02-16T01:19:38.114+0000] {logging_mixin.py:190} WARNING - /home/***/.local/lib/python3.12/site-packages/***/task/task_runner/standard_task_runner.py:70 DeprecationWarning: This process (pid=62959) is multi-threaded, use of fork() may lead to deadlocks in the child.
[2025-02-16T01:19:38.114+0000] {standard_task_runner.py:104} INFO - Running: ['***', 'tasks', 'run', 'dag_email_on_new_data', 'check_new_rows', 'manual__2025-02-16T01:19:30.907083+00:00', '--job-id', '135', '--raw', '--subdir', 'DAGS_FOLDER/dag_6.py', '--cfg-path', '/tmp/tmpifsqn67o']
[2025-02-16T01:19:38.116+0000] {standard_task_runner.py:72} INFO - Started process 62985 to run task
[2025-02-16T01:19:38.116+0000] {standard_task_runner.py:105} INFO - Job 135: Subtask check_new_rows
[2025-02-16T01:19:38.169+0000] {task_command.py:467} INFO - Running <TaskInstance: dag_email_on_new_data.check_new_rows manual__2025-02-16T01:19:30.907083+00:00 [running]> on host ce687c8aaad7
[2025-02-16T01:19:38.262+0000] {taskinstance.py:3134} INFO - Exporting env vars: AIRFLOW_CTX_DAG_EMAIL='nikshay.p.jain@gmail.com' AIRFLOW_CTX_DAG_OWNER='***' AIRFLOW_CTX_DAG_ID='dag_email_on_new_data' AIRFLOW_CTX_TASK_ID='check_new_rows' AIRFLOW_CTX_EXECUTION_DATE='2025-02-16T01:19:30.907083+00:00' AIRFLOW_CTX_TRY_NUMBER='1' AIRFLOW_CTX_DAG_RUN_ID='manual__2025-02-16T01:19:30.907083+00:00'
[2025-02-16T01:19:38.264+0000] {logging_mixin.py:190} INFO - Task instance is in running state
[2025-02-16T01:19:38.265+0000] {logging_mixin.py:190} INFO -  Previous state of the Task instance: queued
[2025-02-16T01:19:38.266+0000] {logging_mixin.py:190} INFO - Current task name:check_new_rows state:running start_date:2025-02-16 01:19:38.074691+00:00
[2025-02-16T01:19:38.267+0000] {logging_mixin.py:190} INFO - Dag name:dag_email_on_new_data and current dag run status:running
[2025-02-16T01:19:38.267+0000] {taskinstance.py:732} INFO - ::endgroup::
[2025-02-16T01:19:38.278+0000] {base.py:84} INFO - Retrieving connection 'postgres_default'
[2025-02-16T01:19:38.323+0000] {python.py:240} INFO - Done. Returned value was: 610
[2025-02-16T01:19:38.344+0000] {taskinstance.py:341} INFO - ::group::Post task execution logs
[2025-02-16T01:19:38.345+0000] {taskinstance.py:353} INFO - Marking task as SUCCESS. dag_id=dag_email_on_new_data, task_id=check_new_rows, run_id=manual__2025-02-16T01:19:30.907083+00:00, execution_date=20250216T011930, start_date=20250216T011938, end_date=20250216T011938
[2025-02-16T01:19:38.370+0000] {logging_mixin.py:190} INFO - Task instance in success state
[2025-02-16T01:19:38.371+0000] {logging_mixin.py:190} INFO -  Previous state of the Task instance: running
[2025-02-16T01:19:38.371+0000] {logging_mixin.py:190} INFO - Dag name:dag_email_on_new_data queued_at:2025-02-16 01:19:31.018204+00:00
[2025-02-16T01:19:38.372+0000] {logging_mixin.py:190} INFO - Task hostname:ce687c8aaad7 operator:PythonOperator
[2025-02-16T01:19:38.414+0000] {local_task_job_runner.py:266} INFO - Task exited with return code 0
[2025-02-16T01:19:38.446+0000] {taskinstance.py:3901} INFO - 1 downstream tasks scheduled from follow-on schedule check
[2025-02-16T01:19:38.449+0000] {local_task_job_runner.py:245} INFO - ::endgroup::
