[2025-02-16T00:00:03.650+0000] {local_task_job_runner.py:123} INFO - ::group::Pre task execution logs
[2025-02-16T00:00:03.679+0000] {taskinstance.py:2614} INFO - Dependencies all met for dep_context=non-requeueable deps ti=<TaskInstance: dag_mod1234.main12 scheduled__2025-02-15T00:00:00+00:00 [queued]>
[2025-02-16T00:00:03.694+0000] {taskinstance.py:2614} INFO - Dependencies all met for dep_context=requeueable deps ti=<TaskInstance: dag_mod1234.main12 scheduled__2025-02-15T00:00:00+00:00 [queued]>
[2025-02-16T00:00:03.696+0000] {taskinstance.py:2867} INFO - Starting attempt 1 of 6
[2025-02-16T00:00:03.726+0000] {taskinstance.py:2890} INFO - Executing <Task(PythonOperator): main12> on 2025-02-15 00:00:00+00:00
[2025-02-16T00:00:03.753+0000] {standard_task_runner.py:104} INFO - Running: ['***', 'tasks', 'run', 'dag_mod1234', 'main12', 'scheduled__2025-02-15T00:00:00+00:00', '--job-id', '102', '--raw', '--subdir', 'DAGS_FOLDER/dag_mod1.py', '--cfg-path', '/tmp/tmp6xk0hs53']
[2025-02-16T00:00:03.755+0000] {standard_task_runner.py:105} INFO - Job 102: Subtask main12
[2025-02-16T00:00:03.765+0000] {logging_mixin.py:190} WARNING - /home/***/.local/lib/python3.12/site-packages/***/task/task_runner/standard_task_runner.py:70 DeprecationWarning: This process (pid=14846) is multi-threaded, use of fork() may lead to deadlocks in the child.
[2025-02-16T00:00:03.767+0000] {standard_task_runner.py:72} INFO - Started process 14862 to run task
[2025-02-16T00:00:03.863+0000] {task_command.py:467} INFO - Running <TaskInstance: dag_mod1234.main12 scheduled__2025-02-15T00:00:00+00:00 [running]> on host ce687c8aaad7
[2025-02-16T00:00:04.020+0000] {taskinstance.py:3134} INFO - Exporting env vars: AIRFLOW_CTX_DAG_OWNER='***' AIRFLOW_CTX_DAG_ID='dag_mod1234' AIRFLOW_CTX_TASK_ID='main12' AIRFLOW_CTX_EXECUTION_DATE='2025-02-15T00:00:00+00:00' AIRFLOW_CTX_TRY_NUMBER='1' AIRFLOW_CTX_DAG_RUN_ID='scheduled__2025-02-15T00:00:00+00:00'
[2025-02-16T00:00:04.023+0000] {logging_mixin.py:190} INFO - Task instance is in running state
[2025-02-16T00:00:04.024+0000] {logging_mixin.py:190} INFO -  Previous state of the Task instance: queued
[2025-02-16T00:00:04.025+0000] {logging_mixin.py:190} INFO - Current task name:main12 state:running start_date:2025-02-16 00:00:03.680265+00:00
[2025-02-16T00:00:04.025+0000] {logging_mixin.py:190} INFO - Dag name:dag_mod1234 and current dag run status:running
[2025-02-16T00:00:04.027+0000] {taskinstance.py:732} INFO - ::endgroup::
[2025-02-16T00:00:04.726+0000] {selenium_manager.py:138} WARNING - The geckodriver version (0.30.0) detected in PATH at /usr/local/bin/geckodriver might not be compatible with the detected firefox version (128.7.0); currently, geckodriver 0.35.0 is recommended for firefox 128.*, so it is advised to delete the driver in PATH and retry
[2025-02-16T00:00:47.184+0000] {logging_mixin.py:190} INFO - 61 articles found.
[2025-02-16T00:00:47.309+0000] {logging_mixin.py:190} INFO - Saved: data_/news_1.html
[2025-02-16T00:00:47.367+0000] {logging_mixin.py:190} INFO - Saved: data_/news_2.html
[2025-02-16T00:00:47.431+0000] {logging_mixin.py:190} INFO - Saved: data_/news_3.html
[2025-02-16T00:00:47.460+0000] {logging_mixin.py:190} INFO - Saved: data_/news_4.html
[2025-02-16T00:00:47.495+0000] {logging_mixin.py:190} INFO - Saved: data_/news_5.html
[2025-02-16T00:00:47.525+0000] {logging_mixin.py:190} INFO - Saved: data_/news_6.html
[2025-02-16T00:00:47.543+0000] {logging_mixin.py:190} INFO - Saved: data_/news_7.html
[2025-02-16T00:00:47.591+0000] {logging_mixin.py:190} INFO - Saved: data_/news_8.html
[2025-02-16T00:00:47.623+0000] {logging_mixin.py:190} INFO - Saved: data_/news_9.html
[2025-02-16T00:00:47.648+0000] {logging_mixin.py:190} INFO - Saved: data_/news_10.html
[2025-02-16T00:00:47.671+0000] {logging_mixin.py:190} INFO - Saved: data_/news_11.html
[2025-02-16T00:00:47.704+0000] {logging_mixin.py:190} INFO - Saved: data_/news_12.html
[2025-02-16T00:00:47.735+0000] {logging_mixin.py:190} INFO - Saved: data_/news_13.html
[2025-02-16T00:00:47.758+0000] {logging_mixin.py:190} INFO - Saved: data_/news_14.html
[2025-02-16T00:00:47.774+0000] {logging_mixin.py:190} INFO - Saved: data_/news_15.html
[2025-02-16T00:00:47.795+0000] {logging_mixin.py:190} INFO - Saved: data_/news_16.html
[2025-02-16T00:00:47.816+0000] {logging_mixin.py:190} INFO - Saved: data_/news_17.html
[2025-02-16T00:00:47.838+0000] {logging_mixin.py:190} INFO - Saved: data_/news_18.html
[2025-02-16T00:00:47.853+0000] {logging_mixin.py:190} INFO - Saved: data_/news_19.html
[2025-02-16T00:00:47.866+0000] {logging_mixin.py:190} INFO - Saved: data_/news_20.html
[2025-02-16T00:00:47.877+0000] {logging_mixin.py:190} INFO - Saved: data_/news_21.html
[2025-02-16T00:00:47.890+0000] {logging_mixin.py:190} INFO - Saved: data_/news_22.html
[2025-02-16T00:00:47.902+0000] {logging_mixin.py:190} INFO - Saved: data_/news_23.html
[2025-02-16T00:00:47.924+0000] {logging_mixin.py:190} INFO - Saved: data_/news_24.html
[2025-02-16T00:00:47.941+0000] {logging_mixin.py:190} INFO - Saved: data_/news_25.html
[2025-02-16T00:00:47.957+0000] {logging_mixin.py:190} INFO - Saved: data_/news_26.html
[2025-02-16T00:00:47.979+0000] {logging_mixin.py:190} INFO - Saved: data_/news_27.html
[2025-02-16T00:00:47.994+0000] {logging_mixin.py:190} INFO - Saved: data_/news_28.html
[2025-02-16T00:00:48.010+0000] {logging_mixin.py:190} INFO - Saved: data_/news_29.html
[2025-02-16T00:00:48.022+0000] {logging_mixin.py:190} INFO - Saved: data_/news_30.html
[2025-02-16T00:00:48.035+0000] {logging_mixin.py:190} INFO - Saved: data_/news_31.html
[2025-02-16T00:00:48.050+0000] {logging_mixin.py:190} INFO - Saved: data_/news_32.html
[2025-02-16T00:00:48.062+0000] {logging_mixin.py:190} INFO - Saved: data_/news_33.html
[2025-02-16T00:00:48.076+0000] {logging_mixin.py:190} INFO - Saved: data_/news_34.html
[2025-02-16T00:00:48.093+0000] {logging_mixin.py:190} INFO - Saved: data_/news_35.html
[2025-02-16T00:00:48.108+0000] {logging_mixin.py:190} INFO - Saved: data_/news_36.html
[2025-02-16T00:00:48.137+0000] {logging_mixin.py:190} INFO - Saved: data_/news_37.html
[2025-02-16T00:00:48.159+0000] {logging_mixin.py:190} INFO - Saved: data_/news_38.html
[2025-02-16T00:00:48.176+0000] {logging_mixin.py:190} INFO - Saved: data_/news_39.html
[2025-02-16T00:00:48.189+0000] {logging_mixin.py:190} INFO - Saved: data_/news_40.html
[2025-02-16T00:00:48.202+0000] {logging_mixin.py:190} INFO - Saved: data_/news_41.html
[2025-02-16T00:00:48.216+0000] {logging_mixin.py:190} INFO - Saved: data_/news_42.html
[2025-02-16T00:00:48.230+0000] {logging_mixin.py:190} INFO - Saved: data_/news_43.html
[2025-02-16T00:00:48.245+0000] {logging_mixin.py:190} INFO - Saved: data_/news_44.html
[2025-02-16T00:00:48.262+0000] {logging_mixin.py:190} INFO - Saved: data_/news_45.html
[2025-02-16T00:00:48.277+0000] {logging_mixin.py:190} INFO - Saved: data_/news_46.html
[2025-02-16T00:00:48.290+0000] {logging_mixin.py:190} INFO - Saved: data_/news_47.html
[2025-02-16T00:00:48.304+0000] {logging_mixin.py:190} INFO - Saved: data_/news_48.html
[2025-02-16T00:00:48.316+0000] {logging_mixin.py:190} INFO - Saved: data_/news_49.html
[2025-02-16T00:00:48.332+0000] {logging_mixin.py:190} INFO - Saved: data_/news_50.html
[2025-02-16T00:00:48.342+0000] {logging_mixin.py:190} INFO - Saved: data_/news_51.html
[2025-02-16T00:00:48.355+0000] {logging_mixin.py:190} INFO - Saved: data_/news_52.html
[2025-02-16T00:00:48.367+0000] {logging_mixin.py:190} INFO - Saved: data_/news_53.html
[2025-02-16T00:00:48.379+0000] {logging_mixin.py:190} INFO - Saved: data_/news_54.html
[2025-02-16T00:00:48.391+0000] {logging_mixin.py:190} INFO - Saved: data_/news_55.html
[2025-02-16T00:00:48.402+0000] {logging_mixin.py:190} INFO - Saved: data_/news_56.html
[2025-02-16T00:00:48.418+0000] {logging_mixin.py:190} INFO - Saved: data_/news_57.html
[2025-02-16T00:00:48.430+0000] {logging_mixin.py:190} INFO - Saved: data_/news_58.html
[2025-02-16T00:00:48.441+0000] {logging_mixin.py:190} INFO - Saved: data_/news_59.html
[2025-02-16T00:00:48.451+0000] {logging_mixin.py:190} INFO - Saved: data_/news_60.html
[2025-02-16T00:00:48.463+0000] {logging_mixin.py:190} INFO - Saved: data_/news_61.html
[2025-02-16T00:00:50.615+0000] {connectionpool.py:868} WARNING - Retrying (Retry(total=2, connect=None, read=None, redirect=None, status=None)) after connection broken by 'NewConnectionError('<urllib3.connection.HTTPConnection object at 0x7fd727bb7170>: Failed to establish a new connection: [Errno 111] Connection refused')': /session/20217507-1790-403e-8341-ffc7b6b388c4
[2025-02-16T00:00:50.618+0000] {connectionpool.py:868} WARNING - Retrying (Retry(total=1, connect=None, read=None, redirect=None, status=None)) after connection broken by 'NewConnectionError('<urllib3.connection.HTTPConnection object at 0x7fd727bb74d0>: Failed to establish a new connection: [Errno 111] Connection refused')': /session/20217507-1790-403e-8341-ffc7b6b388c4
[2025-02-16T00:00:50.620+0000] {connectionpool.py:868} WARNING - Retrying (Retry(total=0, connect=None, read=None, redirect=None, status=None)) after connection broken by 'NewConnectionError('<urllib3.connection.HTTPConnection object at 0x7fd727bb78f0>: Failed to establish a new connection: [Errno 111] Connection refused')': /session/20217507-1790-403e-8341-ffc7b6b388c4
[2025-02-16T00:00:50.635+0000] {python.py:240} INFO - Done. Returned value was: None
[2025-02-16T00:00:50.747+0000] {taskinstance.py:341} INFO - ::group::Post task execution logs
[2025-02-16T00:00:50.751+0000] {taskinstance.py:353} INFO - Marking task as SUCCESS. dag_id=dag_mod1234, task_id=main12, run_id=scheduled__2025-02-15T00:00:00+00:00, execution_date=20250215T000000, start_date=20250216T000003, end_date=20250216T000050
[2025-02-16T00:00:50.846+0000] {logging_mixin.py:190} INFO - Task instance in success state
[2025-02-16T00:00:50.848+0000] {logging_mixin.py:190} INFO -  Previous state of the Task instance: running
[2025-02-16T00:00:50.848+0000] {logging_mixin.py:190} INFO - Dag name:dag_mod1234 queued_at:2025-02-16 00:00:00.486571+00:00
[2025-02-16T00:00:50.849+0000] {logging_mixin.py:190} INFO - Task hostname:ce687c8aaad7 operator:PythonOperator
[2025-02-16T00:00:50.915+0000] {local_task_job_runner.py:266} INFO - Task exited with return code 0
[2025-02-16T00:00:51.097+0000] {taskinstance.py:3901} INFO - 1 downstream tasks scheduled from follow-on schedule check
[2025-02-16T00:00:51.101+0000] {local_task_job_runner.py:245} INFO - ::endgroup::
