[2025-02-15T20:29:44.436+0000] {local_task_job_runner.py:123} INFO - ::group::Pre task execution logs
[2025-02-15T20:29:44.551+0000] {taskinstance.py:2614} INFO - Dependencies all met for dep_context=non-requeueable deps ti=<TaskInstance: dag_mod123.main2 scheduled__2025-02-14T00:00:00+00:00 [queued]>
[2025-02-15T20:29:44.600+0000] {taskinstance.py:2614} INFO - Dependencies all met for dep_context=requeueable deps ti=<TaskInstance: dag_mod123.main2 scheduled__2025-02-14T00:00:00+00:00 [queued]>
[2025-02-15T20:29:44.602+0000] {taskinstance.py:2867} INFO - Starting attempt 1 of 6
[2025-02-15T20:29:44.656+0000] {taskinstance.py:2890} INFO - Executing <Task(PythonOperator): main2> on 2025-02-14 00:00:00+00:00
[2025-02-15T20:29:44.676+0000] {standard_task_runner.py:104} INFO - Running: ['***', 'tasks', 'run', 'dag_mod123', 'main2', 'scheduled__2025-02-14T00:00:00+00:00', '--job-id', '72', '--raw', '--subdir', 'DAGS_FOLDER/dag_mod1.py', '--cfg-path', '/tmp/tmp81a61ud8']
[2025-02-15T20:29:44.684+0000] {standard_task_runner.py:105} INFO - Job 72: Subtask main2
[2025-02-15T20:29:44.690+0000] {logging_mixin.py:190} WARNING - /home/***/.local/lib/python3.12/site-packages/***/task/task_runner/standard_task_runner.py:70 DeprecationWarning: This process (pid=6322) is multi-threaded, use of fork() may lead to deadlocks in the child.
[2025-02-15T20:29:44.693+0000] {standard_task_runner.py:72} INFO - Started process 6405 to run task
[2025-02-15T20:29:44.817+0000] {task_command.py:467} INFO - Running <TaskInstance: dag_mod123.main2 scheduled__2025-02-14T00:00:00+00:00 [running]> on host 2c847b238078
[2025-02-15T20:29:44.991+0000] {taskinstance.py:3134} INFO - Exporting env vars: AIRFLOW_CTX_DAG_OWNER='***' AIRFLOW_CTX_DAG_ID='dag_mod123' AIRFLOW_CTX_TASK_ID='main2' AIRFLOW_CTX_EXECUTION_DATE='2025-02-14T00:00:00+00:00' AIRFLOW_CTX_TRY_NUMBER='1' AIRFLOW_CTX_DAG_RUN_ID='scheduled__2025-02-14T00:00:00+00:00'
[2025-02-15T20:29:44.994+0000] {logging_mixin.py:190} INFO - Task instance is in running state
[2025-02-15T20:29:44.996+0000] {logging_mixin.py:190} INFO -  Previous state of the Task instance: queued
[2025-02-15T20:29:44.997+0000] {logging_mixin.py:190} INFO - Current task name:main2 state:running start_date:2025-02-15 20:29:44.559202+00:00
[2025-02-15T20:29:44.998+0000] {logging_mixin.py:190} INFO - Dag name:dag_mod123 and current dag run status:running
[2025-02-15T20:29:44.999+0000] {taskinstance.py:732} INFO - ::endgroup::
[2025-02-15T20:29:45.003+0000] {logging_mixin.py:190} INFO - Processing data_...
[2025-02-15T20:30:00.148+0000] {logging_mixin.py:190} INFO - Data saved to data_.csv
[2025-02-15T20:30:00.151+0000] {python.py:240} INFO - Done. Returned value was: None
[2025-02-15T20:30:00.164+0000] {taskinstance.py:341} INFO - ::group::Post task execution logs
[2025-02-15T20:30:00.165+0000] {taskinstance.py:353} INFO - Marking task as SUCCESS. dag_id=dag_mod123, task_id=main2, run_id=scheduled__2025-02-14T00:00:00+00:00, execution_date=20250214T000000, start_date=20250215T202944, end_date=20250215T203000
[2025-02-15T20:30:00.195+0000] {logging_mixin.py:190} INFO - Task instance in success state
[2025-02-15T20:30:00.196+0000] {logging_mixin.py:190} INFO -  Previous state of the Task instance: running
[2025-02-15T20:30:00.197+0000] {logging_mixin.py:190} INFO - Dag name:dag_mod123 queued_at:2025-02-15 20:28:52.524077+00:00
[2025-02-15T20:30:00.197+0000] {logging_mixin.py:190} INFO - Task hostname:2c847b238078 operator:PythonOperator
[2025-02-15T20:30:00.217+0000] {local_task_job_runner.py:266} INFO - Task exited with return code 0
[2025-02-15T20:30:00.237+0000] {taskinstance.py:3901} INFO - 0 downstream tasks scheduled from follow-on schedule check
[2025-02-15T20:30:00.239+0000] {local_task_job_runner.py:245} INFO - ::endgroup::
