[2025-02-15T20:29:52.538+0000] {local_task_job_runner.py:123} INFO - ::group::Pre task execution logs
[2025-02-15T20:29:52.569+0000] {taskinstance.py:2614} INFO - Dependencies all met for dep_context=non-requeueable deps ti=<TaskInstance: dag_mod123.main2 manual__2025-02-15T20:29:02.688117+00:00 [queued]>
[2025-02-15T20:29:52.589+0000] {taskinstance.py:2614} INFO - Dependencies all met for dep_context=requeueable deps ti=<TaskInstance: dag_mod123.main2 manual__2025-02-15T20:29:02.688117+00:00 [queued]>
[2025-02-15T20:29:52.590+0000] {taskinstance.py:2867} INFO - Starting attempt 1 of 6
[2025-02-15T20:29:52.611+0000] {taskinstance.py:2890} INFO - Executing <Task(PythonOperator): main2> on 2025-02-15 20:29:02.688117+00:00
[2025-02-15T20:29:52.631+0000] {standard_task_runner.py:104} INFO - Running: ['***', 'tasks', 'run', 'dag_mod123', 'main2', 'manual__2025-02-15T20:29:02.688117+00:00', '--job-id', '73', '--raw', '--subdir', 'DAGS_FOLDER/dag_mod1.py', '--cfg-path', '/tmp/tmpzd5f40dm']
[2025-02-15T20:29:52.634+0000] {standard_task_runner.py:105} INFO - Job 73: Subtask main2
[2025-02-15T20:29:52.643+0000] {logging_mixin.py:190} WARNING - /home/***/.local/lib/python3.12/site-packages/***/task/task_runner/standard_task_runner.py:70 DeprecationWarning: This process (pid=6434) is multi-threaded, use of fork() may lead to deadlocks in the child.
[2025-02-15T20:29:52.644+0000] {standard_task_runner.py:72} INFO - Started process 6435 to run task
[2025-02-15T20:29:52.717+0000] {task_command.py:467} INFO - Running <TaskInstance: dag_mod123.main2 manual__2025-02-15T20:29:02.688117+00:00 [running]> on host 2c847b238078
[2025-02-15T20:29:52.868+0000] {taskinstance.py:3134} INFO - Exporting env vars: AIRFLOW_CTX_DAG_OWNER='***' AIRFLOW_CTX_DAG_ID='dag_mod123' AIRFLOW_CTX_TASK_ID='main2' AIRFLOW_CTX_EXECUTION_DATE='2025-02-15T20:29:02.688117+00:00' AIRFLOW_CTX_TRY_NUMBER='1' AIRFLOW_CTX_DAG_RUN_ID='manual__2025-02-15T20:29:02.688117+00:00'
[2025-02-15T20:29:52.873+0000] {logging_mixin.py:190} INFO - Task instance is in running state
[2025-02-15T20:29:52.874+0000] {logging_mixin.py:190} INFO -  Previous state of the Task instance: queued
[2025-02-15T20:29:52.875+0000] {logging_mixin.py:190} INFO - Current task name:main2 state:running start_date:2025-02-15 20:29:52.570760+00:00
[2025-02-15T20:29:52.876+0000] {logging_mixin.py:190} INFO - Dag name:dag_mod123 and current dag run status:running
[2025-02-15T20:29:52.877+0000] {taskinstance.py:732} INFO - ::endgroup::
[2025-02-15T20:29:52.881+0000] {logging_mixin.py:190} INFO - Processing data_...
[2025-02-15T20:30:06.694+0000] {logging_mixin.py:190} INFO - Data saved to data_.csv
[2025-02-15T20:30:06.702+0000] {python.py:240} INFO - Done. Returned value was: None
[2025-02-15T20:30:06.716+0000] {taskinstance.py:341} INFO - ::group::Post task execution logs
[2025-02-15T20:30:06.716+0000] {taskinstance.py:353} INFO - Marking task as SUCCESS. dag_id=dag_mod123, task_id=main2, run_id=manual__2025-02-15T20:29:02.688117+00:00, execution_date=20250215T202902, start_date=20250215T202952, end_date=20250215T203006
[2025-02-15T20:30:06.747+0000] {logging_mixin.py:190} INFO - Task instance in success state
[2025-02-15T20:30:06.747+0000] {logging_mixin.py:190} INFO -  Previous state of the Task instance: running
[2025-02-15T20:30:06.748+0000] {logging_mixin.py:190} INFO - Dag name:dag_mod123 queued_at:2025-02-15 20:29:03.220489+00:00
[2025-02-15T20:30:06.749+0000] {logging_mixin.py:190} INFO - Task hostname:2c847b238078 operator:PythonOperator
[2025-02-15T20:30:06.769+0000] {local_task_job_runner.py:266} INFO - Task exited with return code 0
[2025-02-15T20:30:06.780+0000] {local_task_job_runner.py:245} INFO - ::endgroup::
