[2025-02-15T23:53:38.402+0000] {local_task_job_runner.py:123} INFO - ::group::Pre task execution logs
[2025-02-15T23:53:38.428+0000] {taskinstance.py:2614} INFO - Dependencies all met for dep_context=non-requeueable deps ti=<TaskInstance: dag_mod1234.main4 manual__2025-02-15T23:37:21.035336+00:00 [queued]>
[2025-02-15T23:53:38.443+0000] {taskinstance.py:2614} INFO - Dependencies all met for dep_context=requeueable deps ti=<TaskInstance: dag_mod1234.main4 manual__2025-02-15T23:37:21.035336+00:00 [queued]>
[2025-02-15T23:53:38.444+0000] {taskinstance.py:2867} INFO - Starting attempt 4 of 6
[2025-02-15T23:53:38.461+0000] {taskinstance.py:2890} INFO - Executing <Task(PythonOperator): main4> on 2025-02-15 23:37:21.035336+00:00
[2025-02-15T23:53:38.478+0000] {standard_task_runner.py:104} INFO - Running: ['***', 'tasks', 'run', 'dag_mod1234', 'main4', 'manual__2025-02-15T23:37:21.035336+00:00', '--job-id', '97', '--raw', '--subdir', 'DAGS_FOLDER/dag_mod1.py', '--cfg-path', '/tmp/tmpzwi30axw']
[2025-02-15T23:53:38.480+0000] {standard_task_runner.py:105} INFO - Job 97: Subtask main4
[2025-02-15T23:53:38.484+0000] {logging_mixin.py:190} WARNING - /home/***/.local/lib/python3.12/site-packages/***/task/task_runner/standard_task_runner.py:70 DeprecationWarning: This process (pid=10790) is multi-threaded, use of fork() may lead to deadlocks in the child.
[2025-02-15T23:53:38.486+0000] {standard_task_runner.py:72} INFO - Started process 10796 to run task
[2025-02-15T23:53:38.536+0000] {task_command.py:467} INFO - Running <TaskInstance: dag_mod1234.main4 manual__2025-02-15T23:37:21.035336+00:00 [running]> on host ce687c8aaad7
[2025-02-15T23:53:38.636+0000] {taskinstance.py:3134} INFO - Exporting env vars: AIRFLOW_CTX_DAG_OWNER='***' AIRFLOW_CTX_DAG_ID='dag_mod1234' AIRFLOW_CTX_TASK_ID='main4' AIRFLOW_CTX_EXECUTION_DATE='2025-02-15T23:37:21.035336+00:00' AIRFLOW_CTX_TRY_NUMBER='4' AIRFLOW_CTX_DAG_RUN_ID='manual__2025-02-15T23:37:21.035336+00:00'
[2025-02-15T23:53:38.638+0000] {logging_mixin.py:190} INFO - Task instance is in running state
[2025-02-15T23:53:38.639+0000] {logging_mixin.py:190} INFO -  Previous state of the Task instance: queued
[2025-02-15T23:53:38.640+0000] {logging_mixin.py:190} INFO - Current task name:main4 state:running start_date:2025-02-15 23:53:38.429619+00:00
[2025-02-15T23:53:38.640+0000] {logging_mixin.py:190} INFO - Dag name:dag_mod1234 and current dag run status:running
[2025-02-15T23:53:38.641+0000] {taskinstance.py:732} INFO - ::endgroup::
[2025-02-15T23:53:38.644+0000] {logging_mixin.py:190} INFO - CSV file path: /opt/***/assign2/data_home.csv
[2025-02-15T23:53:38.644+0000] {logging_mixin.py:190} INFO - Table name: data
[2025-02-15T23:53:39.037+0000] {logging_mixin.py:190} INFO - Columns in CSV: ['Headline', 'Image Path', 'Encoding']
[2025-02-15T23:53:39.046+0000] {base.py:84} INFO - Retrieving connection 'postgres_default'
[2025-02-15T23:53:39.051+0000] {logging_mixin.py:190} INFO - Create table query: 
    CREATE TABLE IF NOT EXISTS "data" (
        "Headline" VARCHAR, "Image Path" VARCHAR, "Encoding" VARCHAR
    )
    
[2025-02-15T23:53:39.053+0000] {logging_mixin.py:190} INFO - Insert query: 
        INSERT INTO "data" ("Headline", "Image Path", "Encoding")
        VALUES (%s, %s, %s)
        
[2025-02-15T23:53:39.055+0000] {logging_mixin.py:190} INFO - Insert query: 
        INSERT INTO "data" ("Headline", "Image Path", "Encoding")
        VALUES (%s, %s, %s)
        
[2025-02-15T23:53:39.056+0000] {logging_mixin.py:190} INFO - Insert query: 
        INSERT INTO "data" ("Headline", "Image Path", "Encoding")
        VALUES (%s, %s, %s)
        
[2025-02-15T23:53:39.057+0000] {logging_mixin.py:190} INFO - Insert query: 
        INSERT INTO "data" ("Headline", "Image Path", "Encoding")
        VALUES (%s, %s, %s)
        
[2025-02-15T23:53:39.058+0000] {logging_mixin.py:190} INFO - Insert query: 
        INSERT INTO "data" ("Headline", "Image Path", "Encoding")
        VALUES (%s, %s, %s)
        
[2025-02-15T23:53:39.059+0000] {logging_mixin.py:190} INFO - Insert query: 
        INSERT INTO "data" ("Headline", "Image Path", "Encoding")
        VALUES (%s, %s, %s)
        
[2025-02-15T23:53:39.060+0000] {logging_mixin.py:190} INFO - Insert query: 
        INSERT INTO "data" ("Headline", "Image Path", "Encoding")
        VALUES (%s, %s, %s)
        
[2025-02-15T23:53:39.062+0000] {logging_mixin.py:190} INFO - Insert query: 
        INSERT INTO "data" ("Headline", "Image Path", "Encoding")
        VALUES (%s, %s, %s)
        
[2025-02-15T23:53:39.063+0000] {logging_mixin.py:190} INFO - Insert query: 
        INSERT INTO "data" ("Headline", "Image Path", "Encoding")
        VALUES (%s, %s, %s)
        
[2025-02-15T23:53:39.065+0000] {logging_mixin.py:190} INFO - Insert query: 
        INSERT INTO "data" ("Headline", "Image Path", "Encoding")
        VALUES (%s, %s, %s)
        
[2025-02-15T23:53:39.066+0000] {logging_mixin.py:190} INFO - Insert query: 
        INSERT INTO "data" ("Headline", "Image Path", "Encoding")
        VALUES (%s, %s, %s)
        
[2025-02-15T23:53:39.067+0000] {logging_mixin.py:190} INFO - Insert query: 
        INSERT INTO "data" ("Headline", "Image Path", "Encoding")
        VALUES (%s, %s, %s)
        
[2025-02-15T23:53:39.131+0000] {logging_mixin.py:190} INFO - Insert query: 
        INSERT INTO "data" ("Headline", "Image Path", "Encoding")
        VALUES (%s, %s, %s)
        
[2025-02-15T23:53:39.132+0000] {logging_mixin.py:190} INFO - Insert query: 
        INSERT INTO "data" ("Headline", "Image Path", "Encoding")
        VALUES (%s, %s, %s)
        
[2025-02-15T23:53:39.133+0000] {logging_mixin.py:190} INFO - Insert query: 
        INSERT INTO "data" ("Headline", "Image Path", "Encoding")
        VALUES (%s, %s, %s)
        
[2025-02-15T23:53:39.134+0000] {logging_mixin.py:190} INFO - Insert query: 
        INSERT INTO "data" ("Headline", "Image Path", "Encoding")
        VALUES (%s, %s, %s)
        
[2025-02-15T23:53:39.136+0000] {logging_mixin.py:190} INFO - Insert query: 
        INSERT INTO "data" ("Headline", "Image Path", "Encoding")
        VALUES (%s, %s, %s)
        
[2025-02-15T23:53:39.137+0000] {logging_mixin.py:190} INFO - Insert query: 
        INSERT INTO "data" ("Headline", "Image Path", "Encoding")
        VALUES (%s, %s, %s)
        
[2025-02-15T23:53:39.138+0000] {logging_mixin.py:190} INFO - Insert query: 
        INSERT INTO "data" ("Headline", "Image Path", "Encoding")
        VALUES (%s, %s, %s)
        
[2025-02-15T23:53:39.139+0000] {logging_mixin.py:190} INFO - Insert query: 
        INSERT INTO "data" ("Headline", "Image Path", "Encoding")
        VALUES (%s, %s, %s)
        
[2025-02-15T23:53:39.141+0000] {logging_mixin.py:190} INFO - Insert query: 
        INSERT INTO "data" ("Headline", "Image Path", "Encoding")
        VALUES (%s, %s, %s)
        
[2025-02-15T23:53:39.143+0000] {logging_mixin.py:190} INFO - Insert query: 
        INSERT INTO "data" ("Headline", "Image Path", "Encoding")
        VALUES (%s, %s, %s)
        
[2025-02-15T23:53:39.144+0000] {logging_mixin.py:190} INFO - Insert query: 
        INSERT INTO "data" ("Headline", "Image Path", "Encoding")
        VALUES (%s, %s, %s)
        
[2025-02-15T23:53:39.205+0000] {logging_mixin.py:190} INFO - Insert query: 
        INSERT INTO "data" ("Headline", "Image Path", "Encoding")
        VALUES (%s, %s, %s)
        
[2025-02-15T23:53:39.206+0000] {logging_mixin.py:190} INFO - Insert query: 
        INSERT INTO "data" ("Headline", "Image Path", "Encoding")
        VALUES (%s, %s, %s)
        
[2025-02-15T23:53:39.207+0000] {logging_mixin.py:190} INFO - Insert query: 
        INSERT INTO "data" ("Headline", "Image Path", "Encoding")
        VALUES (%s, %s, %s)
        
[2025-02-15T23:53:39.209+0000] {logging_mixin.py:190} INFO - Insert query: 
        INSERT INTO "data" ("Headline", "Image Path", "Encoding")
        VALUES (%s, %s, %s)
        
[2025-02-15T23:53:39.210+0000] {logging_mixin.py:190} INFO - Insert query: 
        INSERT INTO "data" ("Headline", "Image Path", "Encoding")
        VALUES (%s, %s, %s)
        
[2025-02-15T23:53:39.212+0000] {logging_mixin.py:190} INFO - Insert query: 
        INSERT INTO "data" ("Headline", "Image Path", "Encoding")
        VALUES (%s, %s, %s)
        
[2025-02-15T23:53:39.213+0000] {logging_mixin.py:190} INFO - Insert query: 
        INSERT INTO "data" ("Headline", "Image Path", "Encoding")
        VALUES (%s, %s, %s)
        
[2025-02-15T23:53:39.214+0000] {logging_mixin.py:190} INFO - Insert query: 
        INSERT INTO "data" ("Headline", "Image Path", "Encoding")
        VALUES (%s, %s, %s)
        
[2025-02-15T23:53:39.225+0000] {logging_mixin.py:190} INFO - Insert query: 
        INSERT INTO "data" ("Headline", "Image Path", "Encoding")
        VALUES (%s, %s, %s)
        
[2025-02-15T23:53:39.234+0000] {logging_mixin.py:190} INFO - Insert query: 
        INSERT INTO "data" ("Headline", "Image Path", "Encoding")
        VALUES (%s, %s, %s)
        
[2025-02-15T23:53:39.243+0000] {logging_mixin.py:190} INFO - Insert query: 
        INSERT INTO "data" ("Headline", "Image Path", "Encoding")
        VALUES (%s, %s, %s)
        
[2025-02-15T23:53:39.311+0000] {logging_mixin.py:190} INFO - Insert query: 
        INSERT INTO "data" ("Headline", "Image Path", "Encoding")
        VALUES (%s, %s, %s)
        
[2025-02-15T23:53:39.323+0000] {logging_mixin.py:190} INFO - Insert query: 
        INSERT INTO "data" ("Headline", "Image Path", "Encoding")
        VALUES (%s, %s, %s)
        
[2025-02-15T23:53:39.332+0000] {logging_mixin.py:190} INFO - Insert query: 
        INSERT INTO "data" ("Headline", "Image Path", "Encoding")
        VALUES (%s, %s, %s)
        
[2025-02-15T23:53:39.343+0000] {logging_mixin.py:190} INFO - Insert query: 
        INSERT INTO "data" ("Headline", "Image Path", "Encoding")
        VALUES (%s, %s, %s)
        
[2025-02-15T23:53:39.353+0000] {logging_mixin.py:190} INFO - Insert query: 
        INSERT INTO "data" ("Headline", "Image Path", "Encoding")
        VALUES (%s, %s, %s)
        
[2025-02-15T23:53:39.363+0000] {logging_mixin.py:190} INFO - Insert query: 
        INSERT INTO "data" ("Headline", "Image Path", "Encoding")
        VALUES (%s, %s, %s)
        
[2025-02-15T23:53:39.374+0000] {logging_mixin.py:190} INFO - Insert query: 
        INSERT INTO "data" ("Headline", "Image Path", "Encoding")
        VALUES (%s, %s, %s)
        
[2025-02-15T23:53:39.383+0000] {logging_mixin.py:190} INFO - Insert query: 
        INSERT INTO "data" ("Headline", "Image Path", "Encoding")
        VALUES (%s, %s, %s)
        
[2025-02-15T23:53:39.394+0000] {logging_mixin.py:190} INFO - Insert query: 
        INSERT INTO "data" ("Headline", "Image Path", "Encoding")
        VALUES (%s, %s, %s)
        
[2025-02-15T23:53:39.403+0000] {logging_mixin.py:190} INFO - Insert query: 
        INSERT INTO "data" ("Headline", "Image Path", "Encoding")
        VALUES (%s, %s, %s)
        
[2025-02-15T23:53:39.414+0000] {logging_mixin.py:190} INFO - Insert query: 
        INSERT INTO "data" ("Headline", "Image Path", "Encoding")
        VALUES (%s, %s, %s)
        
[2025-02-15T23:53:39.416+0000] {logging_mixin.py:190} INFO - Insert query: 
        INSERT INTO "data" ("Headline", "Image Path", "Encoding")
        VALUES (%s, %s, %s)
        
[2025-02-15T23:53:39.426+0000] {logging_mixin.py:190} INFO - Insert query: 
        INSERT INTO "data" ("Headline", "Image Path", "Encoding")
        VALUES (%s, %s, %s)
        
[2025-02-15T23:53:39.435+0000] {logging_mixin.py:190} INFO - Insert query: 
        INSERT INTO "data" ("Headline", "Image Path", "Encoding")
        VALUES (%s, %s, %s)
        
[2025-02-15T23:53:39.450+0000] {logging_mixin.py:190} INFO - Insert query: 
        INSERT INTO "data" ("Headline", "Image Path", "Encoding")
        VALUES (%s, %s, %s)
        
[2025-02-15T23:53:39.463+0000] {logging_mixin.py:190} INFO - Insert query: 
        INSERT INTO "data" ("Headline", "Image Path", "Encoding")
        VALUES (%s, %s, %s)
        
[2025-02-15T23:53:39.478+0000] {logging_mixin.py:190} INFO - Insert query: 
        INSERT INTO "data" ("Headline", "Image Path", "Encoding")
        VALUES (%s, %s, %s)
        
[2025-02-15T23:53:39.489+0000] {logging_mixin.py:190} INFO - Insert query: 
        INSERT INTO "data" ("Headline", "Image Path", "Encoding")
        VALUES (%s, %s, %s)
        
[2025-02-15T23:53:39.499+0000] {logging_mixin.py:190} INFO - Insert query: 
        INSERT INTO "data" ("Headline", "Image Path", "Encoding")
        VALUES (%s, %s, %s)
        
[2025-02-15T23:53:39.506+0000] {logging_mixin.py:190} INFO - Insert query: 
        INSERT INTO "data" ("Headline", "Image Path", "Encoding")
        VALUES (%s, %s, %s)
        
[2025-02-15T23:53:39.566+0000] {logging_mixin.py:190} INFO - Insert query: 
        INSERT INTO "data" ("Headline", "Image Path", "Encoding")
        VALUES (%s, %s, %s)
        
[2025-02-15T23:53:39.621+0000] {logging_mixin.py:190} INFO - Insert query: 
        INSERT INTO "data" ("Headline", "Image Path", "Encoding")
        VALUES (%s, %s, %s)
        
[2025-02-15T23:53:39.680+0000] {logging_mixin.py:190} INFO - Insert query: 
        INSERT INTO "data" ("Headline", "Image Path", "Encoding")
        VALUES (%s, %s, %s)
        
[2025-02-15T23:53:39.737+0000] {logging_mixin.py:190} INFO - Insert query: 
        INSERT INTO "data" ("Headline", "Image Path", "Encoding")
        VALUES (%s, %s, %s)
        
[2025-02-15T23:53:39.794+0000] {logging_mixin.py:190} INFO - Insert query: 
        INSERT INTO "data" ("Headline", "Image Path", "Encoding")
        VALUES (%s, %s, %s)
        
[2025-02-15T23:53:39.853+0000] {logging_mixin.py:190} INFO - Insert query: 
        INSERT INTO "data" ("Headline", "Image Path", "Encoding")
        VALUES (%s, %s, %s)
        
[2025-02-15T23:53:39.909+0000] {logging_mixin.py:190} INFO - Insert query: 
        INSERT INTO "data" ("Headline", "Image Path", "Encoding")
        VALUES (%s, %s, %s)
        
[2025-02-15T23:53:39.919+0000] {logging_mixin.py:190} INFO - Data insertion completed successfully
[2025-02-15T23:53:39.920+0000] {python.py:240} INFO - Done. Returned value was: None
[2025-02-15T23:53:39.929+0000] {taskinstance.py:341} INFO - ::group::Post task execution logs
[2025-02-15T23:53:39.930+0000] {taskinstance.py:353} INFO - Marking task as SUCCESS. dag_id=dag_mod1234, task_id=main4, run_id=manual__2025-02-15T23:37:21.035336+00:00, execution_date=20250215T233721, start_date=20250215T235338, end_date=20250215T235339
[2025-02-15T23:53:39.953+0000] {logging_mixin.py:190} INFO - Task instance in success state
[2025-02-15T23:53:39.954+0000] {logging_mixin.py:190} INFO -  Previous state of the Task instance: running
[2025-02-15T23:53:39.955+0000] {logging_mixin.py:190} INFO - Dag name:dag_mod1234 queued_at:2025-02-15 23:37:21.088630+00:00
[2025-02-15T23:53:39.956+0000] {logging_mixin.py:190} INFO - Task hostname:ce687c8aaad7 operator:PythonOperator
[2025-02-15T23:53:39.966+0000] {local_task_job_runner.py:266} INFO - Task exited with return code 0
[2025-02-15T23:53:39.983+0000] {taskinstance.py:3901} INFO - 0 downstream tasks scheduled from follow-on schedule check
[2025-02-15T23:53:39.986+0000] {local_task_job_runner.py:245} INFO - ::endgroup::
