[2025-02-15T23:54:59.740+0000] {local_task_job_runner.py:123} INFO - ::group::Pre task execution logs
[2025-02-15T23:54:59.764+0000] {taskinstance.py:2614} INFO - Dependencies all met for dep_context=non-requeueable deps ti=<TaskInstance: dag_mod1234.main4 manual__2025-02-15T23:54:10.643379+00:00 [queued]>
[2025-02-15T23:54:59.777+0000] {taskinstance.py:2614} INFO - Dependencies all met for dep_context=requeueable deps ti=<TaskInstance: dag_mod1234.main4 manual__2025-02-15T23:54:10.643379+00:00 [queued]>
[2025-02-15T23:54:59.778+0000] {taskinstance.py:2867} INFO - Starting attempt 1 of 6
[2025-02-15T23:54:59.795+0000] {taskinstance.py:2890} INFO - Executing <Task(PythonOperator): main4> on 2025-02-15 23:54:10.643379+00:00
[2025-02-15T23:54:59.810+0000] {standard_task_runner.py:104} INFO - Running: ['***', 'tasks', 'run', 'dag_mod1234', 'main4', 'manual__2025-02-15T23:54:10.643379+00:00', '--job-id', '100', '--raw', '--subdir', 'DAGS_FOLDER/dag_mod1.py', '--cfg-path', '/tmp/tmpc153962h']
[2025-02-15T23:54:59.815+0000] {standard_task_runner.py:105} INFO - Job 100: Subtask main4
[2025-02-15T23:54:59.818+0000] {logging_mixin.py:190} WARNING - /home/***/.local/lib/python3.12/site-packages/***/task/task_runner/standard_task_runner.py:70 DeprecationWarning: This process (pid=11895) is multi-threaded, use of fork() may lead to deadlocks in the child.
[2025-02-15T23:54:59.820+0000] {standard_task_runner.py:72} INFO - Started process 11896 to run task
[2025-02-15T23:54:59.872+0000] {task_command.py:467} INFO - Running <TaskInstance: dag_mod1234.main4 manual__2025-02-15T23:54:10.643379+00:00 [running]> on host ce687c8aaad7
[2025-02-15T23:54:59.976+0000] {taskinstance.py:3134} INFO - Exporting env vars: AIRFLOW_CTX_DAG_OWNER='***' AIRFLOW_CTX_DAG_ID='dag_mod1234' AIRFLOW_CTX_TASK_ID='main4' AIRFLOW_CTX_EXECUTION_DATE='2025-02-15T23:54:10.643379+00:00' AIRFLOW_CTX_TRY_NUMBER='1' AIRFLOW_CTX_DAG_RUN_ID='manual__2025-02-15T23:54:10.643379+00:00'
[2025-02-15T23:54:59.978+0000] {logging_mixin.py:190} INFO - Task instance is in running state
[2025-02-15T23:54:59.979+0000] {logging_mixin.py:190} INFO -  Previous state of the Task instance: queued
[2025-02-15T23:54:59.979+0000] {logging_mixin.py:190} INFO - Current task name:main4 state:running start_date:2025-02-15 23:54:59.765493+00:00
[2025-02-15T23:54:59.980+0000] {logging_mixin.py:190} INFO - Dag name:dag_mod1234 and current dag run status:running
[2025-02-15T23:54:59.980+0000] {taskinstance.py:732} INFO - ::endgroup::
[2025-02-15T23:54:59.984+0000] {logging_mixin.py:190} INFO - CSV file path: /opt/***/assign2/data_home.csv
[2025-02-15T23:54:59.985+0000] {logging_mixin.py:190} INFO - Table name: data
[2025-02-15T23:55:00.689+0000] {logging_mixin.py:190} INFO - Columns in CSV: ['Headline', 'Image Path', 'Encoding']
[2025-02-15T23:55:00.705+0000] {base.py:84} INFO - Retrieving connection 'postgres_default'
[2025-02-15T23:55:00.711+0000] {logging_mixin.py:190} INFO - Create table query: 
    CREATE TABLE IF NOT EXISTS "data" (
        "Headline" VARCHAR, "Image Path" VARCHAR, "Encoding" VARCHAR
    )
    
[2025-02-15T23:55:00.716+0000] {logging_mixin.py:190} INFO - Insert query: 
        INSERT INTO "data" ("Headline", "Image Path", "Encoding")
        VALUES (%s, %s, %s)
        
[2025-02-15T23:55:00.721+0000] {logging_mixin.py:190} INFO - Insert query: 
        INSERT INTO "data" ("Headline", "Image Path", "Encoding")
        VALUES (%s, %s, %s)
        
[2025-02-15T23:55:00.723+0000] {logging_mixin.py:190} INFO - Insert query: 
        INSERT INTO "data" ("Headline", "Image Path", "Encoding")
        VALUES (%s, %s, %s)
        
[2025-02-15T23:55:00.725+0000] {logging_mixin.py:190} INFO - Insert query: 
        INSERT INTO "data" ("Headline", "Image Path", "Encoding")
        VALUES (%s, %s, %s)
        
[2025-02-15T23:55:00.727+0000] {logging_mixin.py:190} INFO - Insert query: 
        INSERT INTO "data" ("Headline", "Image Path", "Encoding")
        VALUES (%s, %s, %s)
        
[2025-02-15T23:55:00.729+0000] {logging_mixin.py:190} INFO - Insert query: 
        INSERT INTO "data" ("Headline", "Image Path", "Encoding")
        VALUES (%s, %s, %s)
        
[2025-02-15T23:55:00.731+0000] {logging_mixin.py:190} INFO - Insert query: 
        INSERT INTO "data" ("Headline", "Image Path", "Encoding")
        VALUES (%s, %s, %s)
        
[2025-02-15T23:55:00.733+0000] {logging_mixin.py:190} INFO - Insert query: 
        INSERT INTO "data" ("Headline", "Image Path", "Encoding")
        VALUES (%s, %s, %s)
        
[2025-02-15T23:55:00.735+0000] {logging_mixin.py:190} INFO - Insert query: 
        INSERT INTO "data" ("Headline", "Image Path", "Encoding")
        VALUES (%s, %s, %s)
        
[2025-02-15T23:55:00.737+0000] {logging_mixin.py:190} INFO - Insert query: 
        INSERT INTO "data" ("Headline", "Image Path", "Encoding")
        VALUES (%s, %s, %s)
        
[2025-02-15T23:55:00.739+0000] {logging_mixin.py:190} INFO - Insert query: 
        INSERT INTO "data" ("Headline", "Image Path", "Encoding")
        VALUES (%s, %s, %s)
        
[2025-02-15T23:55:00.741+0000] {logging_mixin.py:190} INFO - Insert query: 
        INSERT INTO "data" ("Headline", "Image Path", "Encoding")
        VALUES (%s, %s, %s)
        
[2025-02-15T23:55:00.851+0000] {logging_mixin.py:190} INFO - Insert query: 
        INSERT INTO "data" ("Headline", "Image Path", "Encoding")
        VALUES (%s, %s, %s)
        
[2025-02-15T23:55:00.853+0000] {logging_mixin.py:190} INFO - Insert query: 
        INSERT INTO "data" ("Headline", "Image Path", "Encoding")
        VALUES (%s, %s, %s)
        
[2025-02-15T23:55:00.854+0000] {logging_mixin.py:190} INFO - Insert query: 
        INSERT INTO "data" ("Headline", "Image Path", "Encoding")
        VALUES (%s, %s, %s)
        
[2025-02-15T23:55:00.855+0000] {logging_mixin.py:190} INFO - Insert query: 
        INSERT INTO "data" ("Headline", "Image Path", "Encoding")
        VALUES (%s, %s, %s)
        
[2025-02-15T23:55:00.857+0000] {logging_mixin.py:190} INFO - Insert query: 
        INSERT INTO "data" ("Headline", "Image Path", "Encoding")
        VALUES (%s, %s, %s)
        
[2025-02-15T23:55:00.859+0000] {logging_mixin.py:190} INFO - Insert query: 
        INSERT INTO "data" ("Headline", "Image Path", "Encoding")
        VALUES (%s, %s, %s)
        
[2025-02-15T23:55:00.861+0000] {logging_mixin.py:190} INFO - Insert query: 
        INSERT INTO "data" ("Headline", "Image Path", "Encoding")
        VALUES (%s, %s, %s)
        
[2025-02-15T23:55:00.863+0000] {logging_mixin.py:190} INFO - Insert query: 
        INSERT INTO "data" ("Headline", "Image Path", "Encoding")
        VALUES (%s, %s, %s)
        
[2025-02-15T23:55:00.865+0000] {logging_mixin.py:190} INFO - Insert query: 
        INSERT INTO "data" ("Headline", "Image Path", "Encoding")
        VALUES (%s, %s, %s)
        
[2025-02-15T23:55:00.866+0000] {logging_mixin.py:190} INFO - Insert query: 
        INSERT INTO "data" ("Headline", "Image Path", "Encoding")
        VALUES (%s, %s, %s)
        
[2025-02-15T23:55:00.868+0000] {logging_mixin.py:190} INFO - Insert query: 
        INSERT INTO "data" ("Headline", "Image Path", "Encoding")
        VALUES (%s, %s, %s)
        
[2025-02-15T23:55:00.950+0000] {logging_mixin.py:190} INFO - Insert query: 
        INSERT INTO "data" ("Headline", "Image Path", "Encoding")
        VALUES (%s, %s, %s)
        
[2025-02-15T23:55:00.951+0000] {logging_mixin.py:190} INFO - Insert query: 
        INSERT INTO "data" ("Headline", "Image Path", "Encoding")
        VALUES (%s, %s, %s)
        
[2025-02-15T23:55:00.953+0000] {logging_mixin.py:190} INFO - Insert query: 
        INSERT INTO "data" ("Headline", "Image Path", "Encoding")
        VALUES (%s, %s, %s)
        
[2025-02-15T23:55:00.954+0000] {logging_mixin.py:190} INFO - Insert query: 
        INSERT INTO "data" ("Headline", "Image Path", "Encoding")
        VALUES (%s, %s, %s)
        
[2025-02-15T23:55:00.956+0000] {logging_mixin.py:190} INFO - Insert query: 
        INSERT INTO "data" ("Headline", "Image Path", "Encoding")
        VALUES (%s, %s, %s)
        
[2025-02-15T23:55:00.958+0000] {logging_mixin.py:190} INFO - Insert query: 
        INSERT INTO "data" ("Headline", "Image Path", "Encoding")
        VALUES (%s, %s, %s)
        
[2025-02-15T23:55:00.960+0000] {logging_mixin.py:190} INFO - Insert query: 
        INSERT INTO "data" ("Headline", "Image Path", "Encoding")
        VALUES (%s, %s, %s)
        
[2025-02-15T23:55:00.962+0000] {logging_mixin.py:190} INFO - Insert query: 
        INSERT INTO "data" ("Headline", "Image Path", "Encoding")
        VALUES (%s, %s, %s)
        
[2025-02-15T23:55:00.981+0000] {logging_mixin.py:190} INFO - Insert query: 
        INSERT INTO "data" ("Headline", "Image Path", "Encoding")
        VALUES (%s, %s, %s)
        
[2025-02-15T23:55:00.993+0000] {logging_mixin.py:190} INFO - Insert query: 
        INSERT INTO "data" ("Headline", "Image Path", "Encoding")
        VALUES (%s, %s, %s)
        
[2025-02-15T23:55:01.010+0000] {logging_mixin.py:190} INFO - Insert query: 
        INSERT INTO "data" ("Headline", "Image Path", "Encoding")
        VALUES (%s, %s, %s)
        
[2025-02-15T23:55:01.098+0000] {logging_mixin.py:190} INFO - Insert query: 
        INSERT INTO "data" ("Headline", "Image Path", "Encoding")
        VALUES (%s, %s, %s)
        
[2025-02-15T23:55:01.111+0000] {logging_mixin.py:190} INFO - Insert query: 
        INSERT INTO "data" ("Headline", "Image Path", "Encoding")
        VALUES (%s, %s, %s)
        
[2025-02-15T23:55:01.122+0000] {logging_mixin.py:190} INFO - Insert query: 
        INSERT INTO "data" ("Headline", "Image Path", "Encoding")
        VALUES (%s, %s, %s)
        
[2025-02-15T23:55:01.138+0000] {logging_mixin.py:190} INFO - Insert query: 
        INSERT INTO "data" ("Headline", "Image Path", "Encoding")
        VALUES (%s, %s, %s)
        
[2025-02-15T23:55:01.150+0000] {logging_mixin.py:190} INFO - Insert query: 
        INSERT INTO "data" ("Headline", "Image Path", "Encoding")
        VALUES (%s, %s, %s)
        
[2025-02-15T23:55:01.163+0000] {logging_mixin.py:190} INFO - Insert query: 
        INSERT INTO "data" ("Headline", "Image Path", "Encoding")
        VALUES (%s, %s, %s)
        
[2025-02-15T23:55:01.176+0000] {logging_mixin.py:190} INFO - Insert query: 
        INSERT INTO "data" ("Headline", "Image Path", "Encoding")
        VALUES (%s, %s, %s)
        
[2025-02-15T23:55:01.187+0000] {logging_mixin.py:190} INFO - Insert query: 
        INSERT INTO "data" ("Headline", "Image Path", "Encoding")
        VALUES (%s, %s, %s)
        
[2025-02-15T23:55:01.201+0000] {logging_mixin.py:190} INFO - Insert query: 
        INSERT INTO "data" ("Headline", "Image Path", "Encoding")
        VALUES (%s, %s, %s)
        
[2025-02-15T23:55:01.210+0000] {logging_mixin.py:190} INFO - Insert query: 
        INSERT INTO "data" ("Headline", "Image Path", "Encoding")
        VALUES (%s, %s, %s)
        
[2025-02-15T23:55:01.270+0000] {logging_mixin.py:190} INFO - Insert query: 
        INSERT INTO "data" ("Headline", "Image Path", "Encoding")
        VALUES (%s, %s, %s)
        
[2025-02-15T23:55:01.273+0000] {logging_mixin.py:190} INFO - Insert query: 
        INSERT INTO "data" ("Headline", "Image Path", "Encoding")
        VALUES (%s, %s, %s)
        
[2025-02-15T23:55:01.285+0000] {logging_mixin.py:190} INFO - Insert query: 
        INSERT INTO "data" ("Headline", "Image Path", "Encoding")
        VALUES (%s, %s, %s)
        
[2025-02-15T23:55:01.297+0000] {logging_mixin.py:190} INFO - Insert query: 
        INSERT INTO "data" ("Headline", "Image Path", "Encoding")
        VALUES (%s, %s, %s)
        
[2025-02-15T23:55:01.312+0000] {logging_mixin.py:190} INFO - Insert query: 
        INSERT INTO "data" ("Headline", "Image Path", "Encoding")
        VALUES (%s, %s, %s)
        
[2025-02-15T23:55:01.326+0000] {logging_mixin.py:190} INFO - Insert query: 
        INSERT INTO "data" ("Headline", "Image Path", "Encoding")
        VALUES (%s, %s, %s)
        
[2025-02-15T23:55:01.341+0000] {logging_mixin.py:190} INFO - Insert query: 
        INSERT INTO "data" ("Headline", "Image Path", "Encoding")
        VALUES (%s, %s, %s)
        
[2025-02-15T23:55:01.352+0000] {logging_mixin.py:190} INFO - Insert query: 
        INSERT INTO "data" ("Headline", "Image Path", "Encoding")
        VALUES (%s, %s, %s)
        
[2025-02-15T23:55:01.362+0000] {logging_mixin.py:190} INFO - Insert query: 
        INSERT INTO "data" ("Headline", "Image Path", "Encoding")
        VALUES (%s, %s, %s)
        
[2025-02-15T23:55:01.370+0000] {logging_mixin.py:190} INFO - Insert query: 
        INSERT INTO "data" ("Headline", "Image Path", "Encoding")
        VALUES (%s, %s, %s)
        
[2025-02-15T23:55:01.439+0000] {logging_mixin.py:190} INFO - Insert query: 
        INSERT INTO "data" ("Headline", "Image Path", "Encoding")
        VALUES (%s, %s, %s)
        
[2025-02-15T23:55:01.516+0000] {logging_mixin.py:190} INFO - Insert query: 
        INSERT INTO "data" ("Headline", "Image Path", "Encoding")
        VALUES (%s, %s, %s)
        
[2025-02-15T23:55:01.599+0000] {logging_mixin.py:190} INFO - Insert query: 
        INSERT INTO "data" ("Headline", "Image Path", "Encoding")
        VALUES (%s, %s, %s)
        
[2025-02-15T23:55:01.689+0000] {logging_mixin.py:190} INFO - Insert query: 
        INSERT INTO "data" ("Headline", "Image Path", "Encoding")
        VALUES (%s, %s, %s)
        
[2025-02-15T23:55:01.765+0000] {logging_mixin.py:190} INFO - Insert query: 
        INSERT INTO "data" ("Headline", "Image Path", "Encoding")
        VALUES (%s, %s, %s)
        
[2025-02-15T23:55:01.840+0000] {logging_mixin.py:190} INFO - Insert query: 
        INSERT INTO "data" ("Headline", "Image Path", "Encoding")
        VALUES (%s, %s, %s)
        
[2025-02-15T23:55:01.910+0000] {logging_mixin.py:190} INFO - Insert query: 
        INSERT INTO "data" ("Headline", "Image Path", "Encoding")
        VALUES (%s, %s, %s)
        
[2025-02-15T23:55:01.918+0000] {logging_mixin.py:190} INFO - Data insertion completed successfully
[2025-02-15T23:55:01.920+0000] {python.py:240} INFO - Done. Returned value was: None
[2025-02-15T23:55:01.930+0000] {taskinstance.py:341} INFO - ::group::Post task execution logs
[2025-02-15T23:55:01.931+0000] {taskinstance.py:353} INFO - Marking task as SUCCESS. dag_id=dag_mod1234, task_id=main4, run_id=manual__2025-02-15T23:54:10.643379+00:00, execution_date=20250215T235410, start_date=20250215T235459, end_date=20250215T235501
[2025-02-15T23:55:01.959+0000] {logging_mixin.py:190} INFO - Task instance in success state
[2025-02-15T23:55:01.960+0000] {logging_mixin.py:190} INFO -  Previous state of the Task instance: running
[2025-02-15T23:55:01.960+0000] {logging_mixin.py:190} INFO - Dag name:dag_mod1234 queued_at:2025-02-15 23:54:10.921357+00:00
[2025-02-15T23:55:01.961+0000] {logging_mixin.py:190} INFO - Task hostname:ce687c8aaad7 operator:PythonOperator
[2025-02-15T23:55:02.004+0000] {local_task_job_runner.py:266} INFO - Task exited with return code 0
[2025-02-15T23:55:02.027+0000] {taskinstance.py:3901} INFO - 0 downstream tasks scheduled from follow-on schedule check
[2025-02-15T23:55:02.030+0000] {local_task_job_runner.py:245} INFO - ::endgroup::
