[2025-02-15T23:37:28.053+0000] {local_task_job_runner.py:123} INFO - ::group::Pre task execution logs
[2025-02-15T23:37:28.126+0000] {taskinstance.py:2614} INFO - Dependencies all met for dep_context=non-requeueable deps ti=<TaskInstance: dag_mod1234.main12 manual__2025-02-15T23:37:21.035336+00:00 [queued]>
[2025-02-15T23:37:28.145+0000] {taskinstance.py:2614} INFO - Dependencies all met for dep_context=requeueable deps ti=<TaskInstance: dag_mod1234.main12 manual__2025-02-15T23:37:21.035336+00:00 [queued]>
[2025-02-15T23:37:28.146+0000] {taskinstance.py:2867} INFO - Starting attempt 1 of 6
[2025-02-15T23:37:28.187+0000] {taskinstance.py:2890} INFO - Executing <Task(PythonOperator): main12> on 2025-02-15 23:37:21.035336+00:00
[2025-02-15T23:37:28.214+0000] {standard_task_runner.py:104} INFO - Running: ['***', 'tasks', 'run', 'dag_mod1234', 'main12', 'manual__2025-02-15T23:37:21.035336+00:00', '--job-id', '83', '--raw', '--subdir', 'DAGS_FOLDER/dag_mod1.py', '--cfg-path', '/tmp/tmppi_5p273']
[2025-02-15T23:37:28.218+0000] {standard_task_runner.py:105} INFO - Job 83: Subtask main12
[2025-02-15T23:37:28.228+0000] {logging_mixin.py:190} WARNING - /home/***/.local/lib/python3.12/site-packages/***/task/task_runner/standard_task_runner.py:70 DeprecationWarning: This process (pid=918) is multi-threaded, use of fork() may lead to deadlocks in the child.
[2025-02-15T23:37:28.230+0000] {standard_task_runner.py:72} INFO - Started process 1072 to run task
[2025-02-15T23:37:28.502+0000] {task_command.py:467} INFO - Running <TaskInstance: dag_mod1234.main12 manual__2025-02-15T23:37:21.035336+00:00 [running]> on host ce687c8aaad7
[2025-02-15T23:37:30.049+0000] {taskinstance.py:3134} INFO - Exporting env vars: AIRFLOW_CTX_DAG_OWNER='***' AIRFLOW_CTX_DAG_ID='dag_mod1234' AIRFLOW_CTX_TASK_ID='main12' AIRFLOW_CTX_EXECUTION_DATE='2025-02-15T23:37:21.035336+00:00' AIRFLOW_CTX_TRY_NUMBER='1' AIRFLOW_CTX_DAG_RUN_ID='manual__2025-02-15T23:37:21.035336+00:00'
[2025-02-15T23:37:30.070+0000] {logging_mixin.py:190} INFO - Task instance is in running state
[2025-02-15T23:37:30.073+0000] {logging_mixin.py:190} INFO -  Previous state of the Task instance: queued
[2025-02-15T23:37:30.076+0000] {logging_mixin.py:190} INFO - Current task name:main12 state:running start_date:2025-02-15 23:37:28.127548+00:00
[2025-02-15T23:37:30.083+0000] {logging_mixin.py:190} INFO - Dag name:dag_mod1234 and current dag run status:running
[2025-02-15T23:37:30.099+0000] {taskinstance.py:732} INFO - ::endgroup::
[2025-02-15T23:37:30.442+0000] {selenium_manager.py:138} WARNING - The geckodriver version (0.30.0) detected in PATH at /usr/local/bin/geckodriver might not be compatible with the detected firefox version (128.7.0); currently, geckodriver 0.35.0 is recommended for firefox 128.*, so it is advised to delete the driver in PATH and retry
[2025-02-15T23:38:03.241+0000] {logging_mixin.py:190} INFO - 61 articles found.
[2025-02-15T23:38:03.276+0000] {logging_mixin.py:190} INFO - Saved: data_/news_1.html
[2025-02-15T23:38:03.297+0000] {logging_mixin.py:190} INFO - Saved: data_/news_2.html
[2025-02-15T23:38:03.315+0000] {logging_mixin.py:190} INFO - Saved: data_/news_3.html
[2025-02-15T23:38:03.331+0000] {logging_mixin.py:190} INFO - Saved: data_/news_4.html
[2025-02-15T23:38:03.344+0000] {logging_mixin.py:190} INFO - Saved: data_/news_5.html
[2025-02-15T23:38:03.359+0000] {logging_mixin.py:190} INFO - Saved: data_/news_6.html
[2025-02-15T23:38:03.373+0000] {logging_mixin.py:190} INFO - Saved: data_/news_7.html
[2025-02-15T23:38:03.387+0000] {logging_mixin.py:190} INFO - Saved: data_/news_8.html
[2025-02-15T23:38:03.400+0000] {logging_mixin.py:190} INFO - Saved: data_/news_9.html
[2025-02-15T23:38:03.411+0000] {logging_mixin.py:190} INFO - Saved: data_/news_10.html
[2025-02-15T23:38:03.422+0000] {logging_mixin.py:190} INFO - Saved: data_/news_11.html
[2025-02-15T23:38:03.436+0000] {logging_mixin.py:190} INFO - Saved: data_/news_12.html
[2025-02-15T23:38:03.454+0000] {logging_mixin.py:190} INFO - Saved: data_/news_13.html
[2025-02-15T23:38:03.468+0000] {logging_mixin.py:190} INFO - Saved: data_/news_14.html
[2025-02-15T23:38:03.485+0000] {logging_mixin.py:190} INFO - Saved: data_/news_15.html
[2025-02-15T23:38:03.515+0000] {logging_mixin.py:190} INFO - Saved: data_/news_16.html
[2025-02-15T23:38:03.552+0000] {logging_mixin.py:190} INFO - Saved: data_/news_17.html
[2025-02-15T23:38:03.570+0000] {logging_mixin.py:190} INFO - Saved: data_/news_18.html
[2025-02-15T23:38:03.587+0000] {logging_mixin.py:190} INFO - Saved: data_/news_19.html
[2025-02-15T23:38:03.602+0000] {logging_mixin.py:190} INFO - Saved: data_/news_20.html
[2025-02-15T23:38:03.632+0000] {logging_mixin.py:190} INFO - Saved: data_/news_21.html
[2025-02-15T23:38:03.660+0000] {logging_mixin.py:190} INFO - Saved: data_/news_22.html
[2025-02-15T23:38:03.678+0000] {logging_mixin.py:190} INFO - Saved: data_/news_23.html
[2025-02-15T23:38:03.697+0000] {logging_mixin.py:190} INFO - Saved: data_/news_24.html
[2025-02-15T23:38:03.712+0000] {logging_mixin.py:190} INFO - Saved: data_/news_25.html
[2025-02-15T23:38:03.724+0000] {logging_mixin.py:190} INFO - Saved: data_/news_26.html
[2025-02-15T23:38:03.734+0000] {logging_mixin.py:190} INFO - Saved: data_/news_27.html
[2025-02-15T23:38:03.746+0000] {logging_mixin.py:190} INFO - Saved: data_/news_28.html
[2025-02-15T23:38:03.831+0000] {logging_mixin.py:190} INFO - Saved: data_/news_29.html
[2025-02-15T23:38:03.846+0000] {logging_mixin.py:190} INFO - Saved: data_/news_30.html
[2025-02-15T23:38:03.859+0000] {logging_mixin.py:190} INFO - Saved: data_/news_31.html
[2025-02-15T23:38:03.874+0000] {logging_mixin.py:190} INFO - Saved: data_/news_32.html
[2025-02-15T23:38:03.894+0000] {logging_mixin.py:190} INFO - Saved: data_/news_33.html
[2025-02-15T23:38:03.908+0000] {logging_mixin.py:190} INFO - Saved: data_/news_34.html
[2025-02-15T23:38:03.921+0000] {logging_mixin.py:190} INFO - Saved: data_/news_35.html
[2025-02-15T23:38:03.935+0000] {logging_mixin.py:190} INFO - Saved: data_/news_36.html
[2025-02-15T23:38:03.950+0000] {logging_mixin.py:190} INFO - Saved: data_/news_37.html
[2025-02-15T23:38:03.967+0000] {logging_mixin.py:190} INFO - Saved: data_/news_38.html
[2025-02-15T23:38:03.992+0000] {logging_mixin.py:190} INFO - Saved: data_/news_39.html
[2025-02-15T23:38:04.015+0000] {logging_mixin.py:190} INFO - Saved: data_/news_40.html
[2025-02-15T23:38:04.034+0000] {logging_mixin.py:190} INFO - Saved: data_/news_41.html
[2025-02-15T23:38:04.064+0000] {logging_mixin.py:190} INFO - Saved: data_/news_42.html
[2025-02-15T23:38:04.087+0000] {logging_mixin.py:190} INFO - Saved: data_/news_43.html
[2025-02-15T23:38:04.139+0000] {logging_mixin.py:190} INFO - Saved: data_/news_44.html
[2025-02-15T23:38:04.154+0000] {logging_mixin.py:190} INFO - Saved: data_/news_45.html
[2025-02-15T23:38:04.173+0000] {logging_mixin.py:190} INFO - Saved: data_/news_46.html
[2025-02-15T23:38:04.202+0000] {logging_mixin.py:190} INFO - Saved: data_/news_47.html
[2025-02-15T23:38:04.226+0000] {logging_mixin.py:190} INFO - Saved: data_/news_48.html
[2025-02-15T23:38:04.240+0000] {logging_mixin.py:190} INFO - Saved: data_/news_49.html
[2025-02-15T23:38:04.260+0000] {logging_mixin.py:190} INFO - Saved: data_/news_50.html
[2025-02-15T23:38:04.274+0000] {logging_mixin.py:190} INFO - Saved: data_/news_51.html
[2025-02-15T23:38:04.288+0000] {logging_mixin.py:190} INFO - Saved: data_/news_52.html
[2025-02-15T23:38:04.301+0000] {logging_mixin.py:190} INFO - Saved: data_/news_53.html
[2025-02-15T23:38:04.315+0000] {logging_mixin.py:190} INFO - Saved: data_/news_54.html
[2025-02-15T23:38:04.333+0000] {logging_mixin.py:190} INFO - Saved: data_/news_55.html
[2025-02-15T23:38:04.349+0000] {logging_mixin.py:190} INFO - Saved: data_/news_56.html
[2025-02-15T23:38:04.363+0000] {logging_mixin.py:190} INFO - Saved: data_/news_57.html
[2025-02-15T23:38:04.378+0000] {logging_mixin.py:190} INFO - Saved: data_/news_58.html
[2025-02-15T23:38:04.401+0000] {logging_mixin.py:190} INFO - Saved: data_/news_59.html
[2025-02-15T23:38:04.418+0000] {logging_mixin.py:190} INFO - Saved: data_/news_60.html
[2025-02-15T23:38:04.446+0000] {logging_mixin.py:190} INFO - Saved: data_/news_61.html
[2025-02-15T23:38:06.686+0000] {connectionpool.py:868} WARNING - Retrying (Retry(total=2, connect=None, read=None, redirect=None, status=None)) after connection broken by 'NewConnectionError('<urllib3.connection.HTTPConnection object at 0x7fd727bbe510>: Failed to establish a new connection: [Errno 111] Connection refused')': /session/c9368a67-669b-4ac5-819d-b8455847d23a
[2025-02-15T23:38:06.688+0000] {connectionpool.py:868} WARNING - Retrying (Retry(total=1, connect=None, read=None, redirect=None, status=None)) after connection broken by 'NewConnectionError('<urllib3.connection.HTTPConnection object at 0x7fd727bbd190>: Failed to establish a new connection: [Errno 111] Connection refused')': /session/c9368a67-669b-4ac5-819d-b8455847d23a
[2025-02-15T23:38:06.691+0000] {connectionpool.py:868} WARNING - Retrying (Retry(total=0, connect=None, read=None, redirect=None, status=None)) after connection broken by 'NewConnectionError('<urllib3.connection.HTTPConnection object at 0x7fd727bbdbb0>: Failed to establish a new connection: [Errno 111] Connection refused')': /session/c9368a67-669b-4ac5-819d-b8455847d23a
[2025-02-15T23:38:06.694+0000] {python.py:240} INFO - Done. Returned value was: None
[2025-02-15T23:38:06.747+0000] {taskinstance.py:341} INFO - ::group::Post task execution logs
[2025-02-15T23:38:06.749+0000] {taskinstance.py:353} INFO - Marking task as SUCCESS. dag_id=dag_mod1234, task_id=main12, run_id=manual__2025-02-15T23:37:21.035336+00:00, execution_date=20250215T233721, start_date=20250215T233728, end_date=20250215T233806
[2025-02-15T23:38:06.813+0000] {logging_mixin.py:190} INFO - Task instance in success state
[2025-02-15T23:38:06.815+0000] {logging_mixin.py:190} INFO -  Previous state of the Task instance: running
[2025-02-15T23:38:06.817+0000] {logging_mixin.py:190} INFO - Dag name:dag_mod1234 queued_at:2025-02-15 23:37:21.088630+00:00
[2025-02-15T23:38:06.818+0000] {logging_mixin.py:190} INFO - Task hostname:ce687c8aaad7 operator:PythonOperator
[2025-02-15T23:38:06.870+0000] {local_task_job_runner.py:266} INFO - Task exited with return code 0
[2025-02-15T23:38:06.946+0000] {taskinstance.py:3901} INFO - 0 downstream tasks scheduled from follow-on schedule check
[2025-02-15T23:38:06.950+0000] {local_task_job_runner.py:245} INFO - ::endgroup::
