[2025-02-16T01:22:39.689+0000] {local_task_job_runner.py:123} INFO - ::group::Pre task execution logs
[2025-02-16T01:22:39.718+0000] {taskinstance.py:2614} INFO - Dependencies all met for dep_context=non-requeueable deps ti=<TaskInstance: dag_hourly_scraper.main4 manual__2025-02-16T01:21:22.244868+00:00 [queued]>
[2025-02-16T01:22:39.736+0000] {taskinstance.py:2614} INFO - Dependencies all met for dep_context=requeueable deps ti=<TaskInstance: dag_hourly_scraper.main4 manual__2025-02-16T01:21:22.244868+00:00 [queued]>
[2025-02-16T01:22:39.737+0000] {taskinstance.py:2867} INFO - Starting attempt 1 of 6
[2025-02-16T01:22:39.759+0000] {taskinstance.py:2890} INFO - Executing <Task(PythonOperator): main4> on 2025-02-16 01:21:22.244868+00:00
[2025-02-16T01:22:39.775+0000] {logging_mixin.py:190} WARNING - /home/***/.local/lib/python3.12/site-packages/***/task/task_runner/standard_task_runner.py:70 DeprecationWarning: This process (pid=64975) is multi-threaded, use of fork() may lead to deadlocks in the child.
[2025-02-16T01:22:39.776+0000] {standard_task_runner.py:104} INFO - Running: ['***', 'tasks', 'run', 'dag_hourly_scraper', 'main4', 'manual__2025-02-16T01:21:22.244868+00:00', '--job-id', '139', '--raw', '--subdir', 'DAGS_FOLDER/dag_1_5.py', '--cfg-path', '/tmp/tmpvm1a96cz']
[2025-02-16T01:22:39.779+0000] {standard_task_runner.py:72} INFO - Started process 65041 to run task
[2025-02-16T01:22:39.779+0000] {standard_task_runner.py:105} INFO - Job 139: Subtask main4
[2025-02-16T01:22:39.848+0000] {task_command.py:467} INFO - Running <TaskInstance: dag_hourly_scraper.main4 manual__2025-02-16T01:21:22.244868+00:00 [running]> on host ce687c8aaad7
[2025-02-16T01:22:39.965+0000] {taskinstance.py:3134} INFO - Exporting env vars: AIRFLOW_CTX_DAG_OWNER='***' AIRFLOW_CTX_DAG_ID='dag_hourly_scraper' AIRFLOW_CTX_TASK_ID='main4' AIRFLOW_CTX_EXECUTION_DATE='2025-02-16T01:21:22.244868+00:00' AIRFLOW_CTX_TRY_NUMBER='1' AIRFLOW_CTX_DAG_RUN_ID='manual__2025-02-16T01:21:22.244868+00:00'
[2025-02-16T01:22:39.967+0000] {logging_mixin.py:190} INFO - Task instance is in running state
[2025-02-16T01:22:39.968+0000] {logging_mixin.py:190} INFO -  Previous state of the Task instance: queued
[2025-02-16T01:22:39.969+0000] {logging_mixin.py:190} INFO - Current task name:main4 state:running start_date:2025-02-16 01:22:39.718926+00:00
[2025-02-16T01:22:39.969+0000] {logging_mixin.py:190} INFO - Dag name:dag_hourly_scraper and current dag run status:running
[2025-02-16T01:22:39.970+0000] {taskinstance.py:732} INFO - ::endgroup::
[2025-02-16T01:22:39.973+0000] {logging_mixin.py:190} INFO - CSV file path: /opt/***/assign2/data_home.csv
[2025-02-16T01:22:40.713+0000] {logging_mixin.py:190} INFO - Columns in CSV: ['Headline', 'Image Path', 'Encoding']
[2025-02-16T01:22:40.723+0000] {base.py:84} INFO - Retrieving connection 'postgres_default'
[2025-02-16T01:22:42.947+0000] {logging_mixin.py:190} INFO - Data insertion completed successfully. 61 records inserted.
[2025-02-16T01:22:42.951+0000] {python.py:240} INFO - Done. Returned value was: None
[2025-02-16T01:22:42.964+0000] {taskinstance.py:341} INFO - ::group::Post task execution logs
[2025-02-16T01:22:42.965+0000] {taskinstance.py:353} INFO - Marking task as SUCCESS. dag_id=dag_hourly_scraper, task_id=main4, run_id=manual__2025-02-16T01:21:22.244868+00:00, execution_date=20250216T012122, start_date=20250216T012239, end_date=20250216T012242
[2025-02-16T01:22:43.002+0000] {logging_mixin.py:190} INFO - Task instance in success state
[2025-02-16T01:22:43.002+0000] {logging_mixin.py:190} INFO -  Previous state of the Task instance: running
[2025-02-16T01:22:43.003+0000] {logging_mixin.py:190} INFO - Dag name:dag_hourly_scraper queued_at:2025-02-16 01:21:22.383650+00:00
[2025-02-16T01:22:43.003+0000] {logging_mixin.py:190} INFO - Task hostname:ce687c8aaad7 operator:PythonOperator
[2025-02-16T01:22:43.020+0000] {local_task_job_runner.py:266} INFO - Task exited with return code 0
[2025-02-16T01:22:43.049+0000] {taskinstance.py:3901} INFO - 0 downstream tasks scheduled from follow-on schedule check
[2025-02-16T01:22:43.052+0000] {local_task_job_runner.py:245} INFO - ::endgroup::
