[2025-02-16T00:24:27.751+0000] {local_task_job_runner.py:123} INFO - ::group::Pre task execution logs
[2025-02-16T00:24:27.789+0000] {taskinstance.py:2614} INFO - Dependencies all met for dep_context=non-requeueable deps ti=<TaskInstance: dag_hourly_scraper.main12 manual__2025-02-16T00:24:22.095312+00:00 [queued]>
[2025-02-16T00:24:27.806+0000] {taskinstance.py:2614} INFO - Dependencies all met for dep_context=requeueable deps ti=<TaskInstance: dag_hourly_scraper.main12 manual__2025-02-16T00:24:22.095312+00:00 [queued]>
[2025-02-16T00:24:27.807+0000] {taskinstance.py:2867} INFO - Starting attempt 1 of 6
[2025-02-16T00:24:27.846+0000] {taskinstance.py:2890} INFO - Executing <Task(PythonOperator): main12> on 2025-02-16 00:24:22.095312+00:00
[2025-02-16T00:24:27.938+0000] {logging_mixin.py:190} WARNING - /home/***/.local/lib/python3.12/site-packages/***/task/task_runner/standard_task_runner.py:70 DeprecationWarning: This process (pid=30001) is multi-threaded, use of fork() may lead to deadlocks in the child.
[2025-02-16T00:24:27.963+0000] {standard_task_runner.py:104} INFO - Running: ['***', 'tasks', 'run', 'dag_hourly_scraper', 'main12', 'manual__2025-02-16T00:24:22.095312+00:00', '--job-id', '119', '--raw', '--subdir', 'DAGS_FOLDER/dag_scrape_scheduler.py', '--cfg-path', '/tmp/tmpjp2vvjru']
[2025-02-16T00:24:27.971+0000] {standard_task_runner.py:105} INFO - Job 119: Subtask main12
[2025-02-16T00:24:27.970+0000] {standard_task_runner.py:72} INFO - Started process 30005 to run task
[2025-02-16T00:24:28.537+0000] {task_command.py:467} INFO - Running <TaskInstance: dag_hourly_scraper.main12 manual__2025-02-16T00:24:22.095312+00:00 [running]> on host ce687c8aaad7
[2025-02-16T00:24:28.888+0000] {taskinstance.py:3134} INFO - Exporting env vars: AIRFLOW_CTX_DAG_OWNER='***' AIRFLOW_CTX_DAG_ID='dag_hourly_scraper' AIRFLOW_CTX_TASK_ID='main12' AIRFLOW_CTX_EXECUTION_DATE='2025-02-16T00:24:22.095312+00:00' AIRFLOW_CTX_TRY_NUMBER='1' AIRFLOW_CTX_DAG_RUN_ID='manual__2025-02-16T00:24:22.095312+00:00'
[2025-02-16T00:24:28.900+0000] {logging_mixin.py:190} INFO - Task instance is in running state
[2025-02-16T00:24:28.901+0000] {logging_mixin.py:190} INFO -  Previous state of the Task instance: queued
[2025-02-16T00:24:28.902+0000] {logging_mixin.py:190} INFO - Current task name:main12 state:running start_date:2025-02-16 00:24:27.790726+00:00
[2025-02-16T00:24:28.902+0000] {logging_mixin.py:190} INFO - Dag name:dag_hourly_scraper and current dag run status:running
[2025-02-16T00:24:28.904+0000] {taskinstance.py:732} INFO - ::endgroup::
[2025-02-16T00:24:29.636+0000] {selenium_manager.py:138} WARNING - The geckodriver version (0.30.0) detected in PATH at /usr/local/bin/geckodriver might not be compatible with the detected firefox version (128.7.0); currently, geckodriver 0.35.0 is recommended for firefox 128.*, so it is advised to delete the driver in PATH and retry
[2025-02-16T00:24:53.406+0000] {logging_mixin.py:190} INFO - 61 articles found.
[2025-02-16T00:24:53.422+0000] {logging_mixin.py:190} INFO - Saved: data_/news_1.html
[2025-02-16T00:24:53.435+0000] {logging_mixin.py:190} INFO - Saved: data_/news_2.html
[2025-02-16T00:24:53.447+0000] {logging_mixin.py:190} INFO - Saved: data_/news_3.html
[2025-02-16T00:24:53.459+0000] {logging_mixin.py:190} INFO - Saved: data_/news_4.html
[2025-02-16T00:24:53.472+0000] {logging_mixin.py:190} INFO - Saved: data_/news_5.html
[2025-02-16T00:24:53.485+0000] {logging_mixin.py:190} INFO - Saved: data_/news_6.html
[2025-02-16T00:24:53.499+0000] {logging_mixin.py:190} INFO - Saved: data_/news_7.html
[2025-02-16T00:24:53.511+0000] {logging_mixin.py:190} INFO - Saved: data_/news_8.html
[2025-02-16T00:24:53.524+0000] {logging_mixin.py:190} INFO - Saved: data_/news_9.html
[2025-02-16T00:24:53.537+0000] {logging_mixin.py:190} INFO - Saved: data_/news_10.html
[2025-02-16T00:24:53.549+0000] {logging_mixin.py:190} INFO - Saved: data_/news_11.html
[2025-02-16T00:24:53.561+0000] {logging_mixin.py:190} INFO - Saved: data_/news_12.html
[2025-02-16T00:24:53.572+0000] {logging_mixin.py:190} INFO - Saved: data_/news_13.html
[2025-02-16T00:24:53.583+0000] {logging_mixin.py:190} INFO - Saved: data_/news_14.html
[2025-02-16T00:24:53.594+0000] {logging_mixin.py:190} INFO - Saved: data_/news_15.html
[2025-02-16T00:24:53.606+0000] {logging_mixin.py:190} INFO - Saved: data_/news_16.html
[2025-02-16T00:24:53.617+0000] {logging_mixin.py:190} INFO - Saved: data_/news_17.html
[2025-02-16T00:24:53.627+0000] {logging_mixin.py:190} INFO - Saved: data_/news_18.html
[2025-02-16T00:24:53.641+0000] {logging_mixin.py:190} INFO - Saved: data_/news_19.html
[2025-02-16T00:24:53.653+0000] {logging_mixin.py:190} INFO - Saved: data_/news_20.html
[2025-02-16T00:24:53.667+0000] {logging_mixin.py:190} INFO - Saved: data_/news_21.html
[2025-02-16T00:24:53.680+0000] {logging_mixin.py:190} INFO - Saved: data_/news_22.html
[2025-02-16T00:24:53.695+0000] {logging_mixin.py:190} INFO - Saved: data_/news_23.html
[2025-02-16T00:24:53.710+0000] {logging_mixin.py:190} INFO - Saved: data_/news_24.html
[2025-02-16T00:24:53.727+0000] {logging_mixin.py:190} INFO - Saved: data_/news_25.html
[2025-02-16T00:24:53.741+0000] {logging_mixin.py:190} INFO - Saved: data_/news_26.html
[2025-02-16T00:24:53.754+0000] {logging_mixin.py:190} INFO - Saved: data_/news_27.html
[2025-02-16T00:24:53.769+0000] {logging_mixin.py:190} INFO - Saved: data_/news_28.html
[2025-02-16T00:24:53.781+0000] {logging_mixin.py:190} INFO - Saved: data_/news_29.html
[2025-02-16T00:24:53.797+0000] {logging_mixin.py:190} INFO - Saved: data_/news_30.html
[2025-02-16T00:24:53.817+0000] {logging_mixin.py:190} INFO - Saved: data_/news_31.html
[2025-02-16T00:24:53.831+0000] {logging_mixin.py:190} INFO - Saved: data_/news_32.html
[2025-02-16T00:24:53.845+0000] {logging_mixin.py:190} INFO - Saved: data_/news_33.html
[2025-02-16T00:24:53.858+0000] {logging_mixin.py:190} INFO - Saved: data_/news_34.html
[2025-02-16T00:24:53.871+0000] {logging_mixin.py:190} INFO - Saved: data_/news_35.html
[2025-02-16T00:24:53.885+0000] {logging_mixin.py:190} INFO - Saved: data_/news_36.html
[2025-02-16T00:24:53.897+0000] {logging_mixin.py:190} INFO - Saved: data_/news_37.html
[2025-02-16T00:24:53.910+0000] {logging_mixin.py:190} INFO - Saved: data_/news_38.html
[2025-02-16T00:24:53.924+0000] {logging_mixin.py:190} INFO - Saved: data_/news_39.html
[2025-02-16T00:24:53.936+0000] {logging_mixin.py:190} INFO - Saved: data_/news_40.html
[2025-02-16T00:24:53.948+0000] {logging_mixin.py:190} INFO - Saved: data_/news_41.html
[2025-02-16T00:24:53.960+0000] {logging_mixin.py:190} INFO - Saved: data_/news_42.html
[2025-02-16T00:24:53.973+0000] {logging_mixin.py:190} INFO - Saved: data_/news_43.html
[2025-02-16T00:24:53.984+0000] {logging_mixin.py:190} INFO - Saved: data_/news_44.html
[2025-02-16T00:24:53.996+0000] {logging_mixin.py:190} INFO - Saved: data_/news_45.html
[2025-02-16T00:24:54.009+0000] {logging_mixin.py:190} INFO - Saved: data_/news_46.html
[2025-02-16T00:24:54.026+0000] {logging_mixin.py:190} INFO - Saved: data_/news_47.html
[2025-02-16T00:24:54.037+0000] {logging_mixin.py:190} INFO - Saved: data_/news_48.html
[2025-02-16T00:24:54.049+0000] {logging_mixin.py:190} INFO - Saved: data_/news_49.html
[2025-02-16T00:24:54.061+0000] {logging_mixin.py:190} INFO - Saved: data_/news_50.html
[2025-02-16T00:24:54.073+0000] {logging_mixin.py:190} INFO - Saved: data_/news_51.html
[2025-02-16T00:24:54.087+0000] {logging_mixin.py:190} INFO - Saved: data_/news_52.html
[2025-02-16T00:24:54.101+0000] {logging_mixin.py:190} INFO - Saved: data_/news_53.html
[2025-02-16T00:24:54.115+0000] {logging_mixin.py:190} INFO - Saved: data_/news_54.html
[2025-02-16T00:24:54.127+0000] {logging_mixin.py:190} INFO - Saved: data_/news_55.html
[2025-02-16T00:24:54.137+0000] {logging_mixin.py:190} INFO - Saved: data_/news_56.html
[2025-02-16T00:24:54.149+0000] {logging_mixin.py:190} INFO - Saved: data_/news_57.html
[2025-02-16T00:24:54.161+0000] {logging_mixin.py:190} INFO - Saved: data_/news_58.html
[2025-02-16T00:24:54.178+0000] {logging_mixin.py:190} INFO - Saved: data_/news_59.html
[2025-02-16T00:24:54.191+0000] {logging_mixin.py:190} INFO - Saved: data_/news_60.html
[2025-02-16T00:24:54.203+0000] {logging_mixin.py:190} INFO - Saved: data_/news_61.html
[2025-02-16T00:24:56.522+0000] {connectionpool.py:868} WARNING - Retrying (Retry(total=2, connect=None, read=None, redirect=None, status=None)) after connection broken by 'NewConnectionError('<urllib3.connection.HTTPConnection object at 0x7fd727bb6d50>: Failed to establish a new connection: [Errno 111] Connection refused')': /session/6a4efe49-5d5e-4766-94ce-ab011d67b2a7
[2025-02-16T00:24:56.524+0000] {connectionpool.py:868} WARNING - Retrying (Retry(total=1, connect=None, read=None, redirect=None, status=None)) after connection broken by 'NewConnectionError('<urllib3.connection.HTTPConnection object at 0x7fd727bb6600>: Failed to establish a new connection: [Errno 111] Connection refused')': /session/6a4efe49-5d5e-4766-94ce-ab011d67b2a7
[2025-02-16T00:24:56.525+0000] {connectionpool.py:868} WARNING - Retrying (Retry(total=0, connect=None, read=None, redirect=None, status=None)) after connection broken by 'NewConnectionError('<urllib3.connection.HTTPConnection object at 0x7fd727bb66c0>: Failed to establish a new connection: [Errno 111] Connection refused')': /session/6a4efe49-5d5e-4766-94ce-ab011d67b2a7
[2025-02-16T00:24:56.528+0000] {python.py:240} INFO - Done. Returned value was: None
[2025-02-16T00:24:56.543+0000] {taskinstance.py:341} INFO - ::group::Post task execution logs
[2025-02-16T00:24:56.546+0000] {taskinstance.py:353} INFO - Marking task as SUCCESS. dag_id=dag_hourly_scraper, task_id=main12, run_id=manual__2025-02-16T00:24:22.095312+00:00, execution_date=20250216T002422, start_date=20250216T002427, end_date=20250216T002456
[2025-02-16T00:24:56.588+0000] {logging_mixin.py:190} INFO - Task instance in success state
[2025-02-16T00:24:56.592+0000] {logging_mixin.py:190} INFO -  Previous state of the Task instance: running
[2025-02-16T00:24:56.593+0000] {logging_mixin.py:190} INFO - Dag name:dag_hourly_scraper queued_at:2025-02-16 00:24:22.328653+00:00
[2025-02-16T00:24:56.595+0000] {logging_mixin.py:190} INFO - Task hostname:ce687c8aaad7 operator:PythonOperator
[2025-02-16T00:24:56.628+0000] {local_task_job_runner.py:266} INFO - Task exited with return code 0
[2025-02-16T00:24:56.694+0000] {taskinstance.py:3901} INFO - 1 downstream tasks scheduled from follow-on schedule check
[2025-02-16T00:24:56.698+0000] {local_task_job_runner.py:245} INFO - ::endgroup::
