[2025-02-16T00:11:14.445+0000] {local_task_job_runner.py:123} INFO - ::group::Pre task execution logs
[2025-02-16T00:11:14.470+0000] {taskinstance.py:2614} INFO - Dependencies all met for dep_context=non-requeueable deps ti=<TaskInstance: dag_mod1234.main4 manual__2025-02-16T00:05:16.897408+00:00 [queued]>
[2025-02-16T00:11:14.484+0000] {taskinstance.py:2614} INFO - Dependencies all met for dep_context=requeueable deps ti=<TaskInstance: dag_mod1234.main4 manual__2025-02-16T00:05:16.897408+00:00 [queued]>
[2025-02-16T00:11:14.485+0000] {taskinstance.py:2867} INFO - Starting attempt 2 of 6
[2025-02-16T00:11:14.505+0000] {taskinstance.py:2890} INFO - Executing <Task(PythonOperator): main4> on 2025-02-16 00:05:16.897408+00:00
[2025-02-16T00:11:14.523+0000] {logging_mixin.py:190} WARNING - /home/***/.local/lib/python3.12/site-packages/***/task/task_runner/standard_task_runner.py:70 DeprecationWarning: This process (pid=22443) is multi-threaded, use of fork() may lead to deadlocks in the child.
[2025-02-16T00:11:14.523+0000] {standard_task_runner.py:104} INFO - Running: ['***', 'tasks', 'run', 'dag_mod1234', 'main4', 'manual__2025-02-16T00:05:16.897408+00:00', '--job-id', '116', '--raw', '--subdir', 'DAGS_FOLDER/dag_mod1.py', '--cfg-path', '/tmp/tmpbpzq9mhh']
[2025-02-16T00:11:14.525+0000] {standard_task_runner.py:72} INFO - Started process 22481 to run task
[2025-02-16T00:11:14.526+0000] {standard_task_runner.py:105} INFO - Job 116: Subtask main4
[2025-02-16T00:11:14.581+0000] {task_command.py:467} INFO - Running <TaskInstance: dag_mod1234.main4 manual__2025-02-16T00:05:16.897408+00:00 [running]> on host ce687c8aaad7
[2025-02-16T00:11:14.686+0000] {taskinstance.py:3134} INFO - Exporting env vars: AIRFLOW_CTX_DAG_OWNER='***' AIRFLOW_CTX_DAG_ID='dag_mod1234' AIRFLOW_CTX_TASK_ID='main4' AIRFLOW_CTX_EXECUTION_DATE='2025-02-16T00:05:16.897408+00:00' AIRFLOW_CTX_TRY_NUMBER='2' AIRFLOW_CTX_DAG_RUN_ID='manual__2025-02-16T00:05:16.897408+00:00'
[2025-02-16T00:11:14.689+0000] {logging_mixin.py:190} INFO - Task instance is in running state
[2025-02-16T00:11:14.689+0000] {logging_mixin.py:190} INFO -  Previous state of the Task instance: queued
[2025-02-16T00:11:14.690+0000] {logging_mixin.py:190} INFO - Current task name:main4 state:running start_date:2025-02-16 00:11:14.471247+00:00
[2025-02-16T00:11:14.690+0000] {logging_mixin.py:190} INFO - Dag name:dag_mod1234 and current dag run status:running
[2025-02-16T00:11:14.691+0000] {taskinstance.py:732} INFO - ::endgroup::
[2025-02-16T00:11:14.695+0000] {logging_mixin.py:190} INFO - CSV file path: /opt/***/assign2/data_home.csv
[2025-02-16T00:11:15.326+0000] {logging_mixin.py:190} INFO - Columns in CSV: ['Headline', 'Image Path', 'Encoding']
[2025-02-16T00:11:15.338+0000] {base.py:84} INFO - Retrieving connection 'postgres_default'
[2025-02-16T00:11:16.762+0000] {logging_mixin.py:190} INFO - Data insertion completed successfully. 61 records inserted.
[2025-02-16T00:11:16.766+0000] {python.py:240} INFO - Done. Returned value was: None
[2025-02-16T00:11:16.862+0000] {taskinstance.py:341} INFO - ::group::Post task execution logs
[2025-02-16T00:11:16.863+0000] {taskinstance.py:353} INFO - Marking task as SUCCESS. dag_id=dag_mod1234, task_id=main4, run_id=manual__2025-02-16T00:05:16.897408+00:00, execution_date=20250216T000516, start_date=20250216T001114, end_date=20250216T001116
[2025-02-16T00:11:16.940+0000] {logging_mixin.py:190} INFO - Task instance in success state
[2025-02-16T00:11:16.941+0000] {logging_mixin.py:190} INFO -  Previous state of the Task instance: running
[2025-02-16T00:11:16.942+0000] {logging_mixin.py:190} INFO - Dag name:dag_mod1234 queued_at:2025-02-16 00:05:17.093395+00:00
[2025-02-16T00:11:16.943+0000] {logging_mixin.py:190} INFO - Task hostname:ce687c8aaad7 operator:PythonOperator
[2025-02-16T00:11:16.974+0000] {local_task_job_runner.py:266} INFO - Task exited with return code 0
[2025-02-16T00:11:17.014+0000] {taskinstance.py:3901} INFO - 0 downstream tasks scheduled from follow-on schedule check
[2025-02-16T00:11:17.017+0000] {local_task_job_runner.py:245} INFO - ::endgroup::
