[2025-02-16T01:19:34.945+0000] {local_task_job_runner.py:123} INFO - ::group::Pre task execution logs
[2025-02-16T01:19:34.967+0000] {taskinstance.py:2614} INFO - Dependencies all met for dep_context=non-requeueable deps ti=<TaskInstance: dag_email_on_new_data.wait_for_status_file manual__2025-02-16T01:19:30.907083+00:00 [queued]>
[2025-02-16T01:19:34.979+0000] {taskinstance.py:2614} INFO - Dependencies all met for dep_context=requeueable deps ti=<TaskInstance: dag_email_on_new_data.wait_for_status_file manual__2025-02-16T01:19:30.907083+00:00 [queued]>
[2025-02-16T01:19:34.980+0000] {taskinstance.py:2867} INFO - Starting attempt 1 of 2
[2025-02-16T01:19:34.997+0000] {taskinstance.py:2890} INFO - Executing <Task(FileSensor): wait_for_status_file> on 2025-02-16 01:19:30.907083+00:00
[2025-02-16T01:19:35.022+0000] {standard_task_runner.py:104} INFO - Running: ['***', 'tasks', 'run', 'dag_email_on_new_data', 'wait_for_status_file', 'manual__2025-02-16T01:19:30.907083+00:00', '--job-id', '134', '--raw', '--subdir', 'DAGS_FOLDER/dag_6.py', '--cfg-path', '/tmp/tmp0xk0mzh5']
[2025-02-16T01:19:35.028+0000] {standard_task_runner.py:105} INFO - Job 134: Subtask wait_for_status_file
[2025-02-16T01:19:35.030+0000] {logging_mixin.py:190} WARNING - /home/***/.local/lib/python3.12/site-packages/***/task/task_runner/standard_task_runner.py:70 DeprecationWarning: This process (pid=62926) is multi-threaded, use of fork() may lead to deadlocks in the child.
[2025-02-16T01:19:35.032+0000] {standard_task_runner.py:72} INFO - Started process 62937 to run task
[2025-02-16T01:19:35.178+0000] {task_command.py:467} INFO - Running <TaskInstance: dag_email_on_new_data.wait_for_status_file manual__2025-02-16T01:19:30.907083+00:00 [running]> on host ce687c8aaad7
[2025-02-16T01:19:35.462+0000] {taskinstance.py:3134} INFO - Exporting env vars: AIRFLOW_CTX_DAG_EMAIL='nikshay.p.jain@gmail.com' AIRFLOW_CTX_DAG_OWNER='***' AIRFLOW_CTX_DAG_ID='dag_email_on_new_data' AIRFLOW_CTX_TASK_ID='wait_for_status_file' AIRFLOW_CTX_EXECUTION_DATE='2025-02-16T01:19:30.907083+00:00' AIRFLOW_CTX_TRY_NUMBER='1' AIRFLOW_CTX_DAG_RUN_ID='manual__2025-02-16T01:19:30.907083+00:00'
[2025-02-16T01:19:35.468+0000] {logging_mixin.py:190} INFO - Task instance is in running state
[2025-02-16T01:19:35.469+0000] {logging_mixin.py:190} INFO -  Previous state of the Task instance: queued
[2025-02-16T01:19:35.475+0000] {logging_mixin.py:190} INFO - Current task name:wait_for_status_file state:running start_date:2025-02-16 01:19:34.968637+00:00
[2025-02-16T01:19:35.480+0000] {logging_mixin.py:190} INFO - Dag name:dag_email_on_new_data and current dag run status:running
[2025-02-16T01:19:35.481+0000] {taskinstance.py:732} INFO - ::endgroup::
[2025-02-16T01:19:35.482+0000] {baseoperator.py:423} WARNING - FileSensor.execute cannot be called outside TaskInstance!
[2025-02-16T01:19:35.509+0000] {base.py:84} INFO - Retrieving connection 'fs_default'
[2025-02-16T01:19:35.510+0000] {filesystem.py:109} INFO - Poking for file /opt/***/dags/run/status
[2025-02-16T01:19:35.521+0000] {filesystem.py:113} INFO - Found File /opt/***/dags/run/status last modified: 20250216010644
[2025-02-16T01:19:35.523+0000] {base.py:339} INFO - Success criteria met. Exiting.
[2025-02-16T01:19:35.524+0000] {filesystem.py:109} INFO - Poking for file /opt/***/dags/run/status
[2025-02-16T01:19:35.531+0000] {filesystem.py:113} INFO - Found File /opt/***/dags/run/status last modified: 20250216010644
[2025-02-16T01:19:35.547+0000] {taskinstance.py:341} INFO - ::group::Post task execution logs
[2025-02-16T01:19:35.549+0000] {taskinstance.py:353} INFO - Marking task as SUCCESS. dag_id=dag_email_on_new_data, task_id=wait_for_status_file, run_id=manual__2025-02-16T01:19:30.907083+00:00, execution_date=20250216T011930, start_date=20250216T011934, end_date=20250216T011935
[2025-02-16T01:19:35.588+0000] {logging_mixin.py:190} INFO - Task instance in success state
[2025-02-16T01:19:35.589+0000] {logging_mixin.py:190} INFO -  Previous state of the Task instance: running
[2025-02-16T01:19:35.590+0000] {logging_mixin.py:190} INFO - Dag name:dag_email_on_new_data queued_at:2025-02-16 01:19:31.018204+00:00
[2025-02-16T01:19:35.590+0000] {logging_mixin.py:190} INFO - Task hostname:ce687c8aaad7 operator:FileSensor
[2025-02-16T01:19:35.623+0000] {local_task_job_runner.py:266} INFO - Task exited with return code 0
[2025-02-16T01:19:35.687+0000] {taskinstance.py:3901} INFO - 1 downstream tasks scheduled from follow-on schedule check
[2025-02-16T01:19:35.691+0000] {local_task_job_runner.py:245} INFO - ::endgroup::
