[2025-02-16T01:21:27.943+0000] {local_task_job_runner.py:123} INFO - ::group::Pre task execution logs
[2025-02-16T01:21:27.993+0000] {taskinstance.py:2614} INFO - Dependencies all met for dep_context=non-requeueable deps ti=<TaskInstance: dag_hourly_scraper.main12 manual__2025-02-16T01:21:22.244868+00:00 [queued]>
[2025-02-16T01:21:28.030+0000] {taskinstance.py:2614} INFO - Dependencies all met for dep_context=requeueable deps ti=<TaskInstance: dag_hourly_scraper.main12 manual__2025-02-16T01:21:22.244868+00:00 [queued]>
[2025-02-16T01:21:28.041+0000] {taskinstance.py:2867} INFO - Starting attempt 1 of 6
[2025-02-16T01:21:28.090+0000] {taskinstance.py:2890} INFO - Executing <Task(PythonOperator): main12> on 2025-02-16 01:21:22.244868+00:00
[2025-02-16T01:21:28.116+0000] {standard_task_runner.py:104} INFO - Running: ['***', 'tasks', 'run', 'dag_hourly_scraper', 'main12', 'manual__2025-02-16T01:21:22.244868+00:00', '--job-id', '137', '--raw', '--subdir', 'DAGS_FOLDER/dag_1_5.py', '--cfg-path', '/tmp/tmppulmnmgx']
[2025-02-16T01:21:28.123+0000] {standard_task_runner.py:105} INFO - Job 137: Subtask main12
[2025-02-16T01:21:28.127+0000] {logging_mixin.py:190} WARNING - /home/***/.local/lib/python3.12/site-packages/***/task/task_runner/standard_task_runner.py:70 DeprecationWarning: This process (pid=63995) is multi-threaded, use of fork() may lead to deadlocks in the child.
[2025-02-16T01:21:28.131+0000] {standard_task_runner.py:72} INFO - Started process 64099 to run task
[2025-02-16T01:21:28.283+0000] {task_command.py:467} INFO - Running <TaskInstance: dag_hourly_scraper.main12 manual__2025-02-16T01:21:22.244868+00:00 [running]> on host ce687c8aaad7
[2025-02-16T01:21:28.579+0000] {taskinstance.py:3134} INFO - Exporting env vars: AIRFLOW_CTX_DAG_OWNER='***' AIRFLOW_CTX_DAG_ID='dag_hourly_scraper' AIRFLOW_CTX_TASK_ID='main12' AIRFLOW_CTX_EXECUTION_DATE='2025-02-16T01:21:22.244868+00:00' AIRFLOW_CTX_TRY_NUMBER='1' AIRFLOW_CTX_DAG_RUN_ID='manual__2025-02-16T01:21:22.244868+00:00'
[2025-02-16T01:21:28.585+0000] {logging_mixin.py:190} INFO - Task instance is in running state
[2025-02-16T01:21:28.587+0000] {logging_mixin.py:190} INFO -  Previous state of the Task instance: queued
[2025-02-16T01:21:28.591+0000] {logging_mixin.py:190} INFO - Current task name:main12 state:running start_date:2025-02-16 01:21:27.997771+00:00
[2025-02-16T01:21:28.592+0000] {logging_mixin.py:190} INFO - Dag name:dag_hourly_scraper and current dag run status:running
[2025-02-16T01:21:28.593+0000] {taskinstance.py:732} INFO - ::endgroup::
[2025-02-16T01:21:29.560+0000] {selenium_manager.py:138} WARNING - The geckodriver version (0.30.0) detected in PATH at /usr/local/bin/geckodriver might not be compatible with the detected firefox version (128.7.0); currently, geckodriver 0.35.0 is recommended for firefox 128.*, so it is advised to delete the driver in PATH and retry
[2025-02-16T01:22:07.903+0000] {logging_mixin.py:190} INFO - 61 articles found.
[2025-02-16T01:22:07.964+0000] {logging_mixin.py:190} INFO - Saved: data_/news_1.html
[2025-02-16T01:22:07.994+0000] {logging_mixin.py:190} INFO - Saved: data_/news_2.html
[2025-02-16T01:22:08.012+0000] {logging_mixin.py:190} INFO - Saved: data_/news_3.html
[2025-02-16T01:22:08.030+0000] {logging_mixin.py:190} INFO - Saved: data_/news_4.html
[2025-02-16T01:22:08.053+0000] {logging_mixin.py:190} INFO - Saved: data_/news_5.html
[2025-02-16T01:22:08.066+0000] {logging_mixin.py:190} INFO - Saved: data_/news_6.html
[2025-02-16T01:22:08.082+0000] {logging_mixin.py:190} INFO - Saved: data_/news_7.html
[2025-02-16T01:22:08.096+0000] {logging_mixin.py:190} INFO - Saved: data_/news_8.html
[2025-02-16T01:22:08.127+0000] {logging_mixin.py:190} INFO - Saved: data_/news_9.html
[2025-02-16T01:22:08.140+0000] {logging_mixin.py:190} INFO - Saved: data_/news_10.html
[2025-02-16T01:22:08.156+0000] {logging_mixin.py:190} INFO - Saved: data_/news_11.html
[2025-02-16T01:22:08.173+0000] {logging_mixin.py:190} INFO - Saved: data_/news_12.html
[2025-02-16T01:22:08.186+0000] {logging_mixin.py:190} INFO - Saved: data_/news_13.html
[2025-02-16T01:22:08.197+0000] {logging_mixin.py:190} INFO - Saved: data_/news_14.html
[2025-02-16T01:22:08.208+0000] {logging_mixin.py:190} INFO - Saved: data_/news_15.html
[2025-02-16T01:22:08.221+0000] {logging_mixin.py:190} INFO - Saved: data_/news_16.html
[2025-02-16T01:22:08.234+0000] {logging_mixin.py:190} INFO - Saved: data_/news_17.html
[2025-02-16T01:22:08.247+0000] {logging_mixin.py:190} INFO - Saved: data_/news_18.html
[2025-02-16T01:22:08.263+0000] {logging_mixin.py:190} INFO - Saved: data_/news_19.html
[2025-02-16T01:22:08.277+0000] {logging_mixin.py:190} INFO - Saved: data_/news_20.html
[2025-02-16T01:22:08.287+0000] {logging_mixin.py:190} INFO - Saved: data_/news_21.html
[2025-02-16T01:22:08.299+0000] {logging_mixin.py:190} INFO - Saved: data_/news_22.html
[2025-02-16T01:22:08.309+0000] {logging_mixin.py:190} INFO - Saved: data_/news_23.html
[2025-02-16T01:22:08.321+0000] {logging_mixin.py:190} INFO - Saved: data_/news_24.html
[2025-02-16T01:22:08.340+0000] {logging_mixin.py:190} INFO - Saved: data_/news_25.html
[2025-02-16T01:22:08.353+0000] {logging_mixin.py:190} INFO - Saved: data_/news_26.html
[2025-02-16T01:22:08.371+0000] {logging_mixin.py:190} INFO - Saved: data_/news_27.html
[2025-02-16T01:22:08.398+0000] {logging_mixin.py:190} INFO - Saved: data_/news_28.html
[2025-02-16T01:22:08.441+0000] {logging_mixin.py:190} INFO - Saved: data_/news_29.html
[2025-02-16T01:22:08.458+0000] {logging_mixin.py:190} INFO - Saved: data_/news_30.html
[2025-02-16T01:22:08.492+0000] {logging_mixin.py:190} INFO - Saved: data_/news_31.html
[2025-02-16T01:22:08.504+0000] {logging_mixin.py:190} INFO - Saved: data_/news_32.html
[2025-02-16T01:22:08.529+0000] {logging_mixin.py:190} INFO - Saved: data_/news_33.html
[2025-02-16T01:22:08.549+0000] {logging_mixin.py:190} INFO - Saved: data_/news_34.html
[2025-02-16T01:22:08.572+0000] {logging_mixin.py:190} INFO - Saved: data_/news_35.html
[2025-02-16T01:22:08.584+0000] {logging_mixin.py:190} INFO - Saved: data_/news_36.html
[2025-02-16T01:22:08.594+0000] {logging_mixin.py:190} INFO - Saved: data_/news_37.html
[2025-02-16T01:22:08.607+0000] {logging_mixin.py:190} INFO - Saved: data_/news_38.html
[2025-02-16T01:22:08.713+0000] {logging_mixin.py:190} INFO - Saved: data_/news_39.html
[2025-02-16T01:22:08.731+0000] {logging_mixin.py:190} INFO - Saved: data_/news_40.html
[2025-02-16T01:22:08.746+0000] {logging_mixin.py:190} INFO - Saved: data_/news_41.html
[2025-02-16T01:22:08.764+0000] {logging_mixin.py:190} INFO - Saved: data_/news_42.html
[2025-02-16T01:22:08.803+0000] {logging_mixin.py:190} INFO - Saved: data_/news_43.html
[2025-02-16T01:22:08.815+0000] {logging_mixin.py:190} INFO - Saved: data_/news_44.html
[2025-02-16T01:22:08.829+0000] {logging_mixin.py:190} INFO - Saved: data_/news_45.html
[2025-02-16T01:22:08.844+0000] {logging_mixin.py:190} INFO - Saved: data_/news_46.html
[2025-02-16T01:22:08.859+0000] {logging_mixin.py:190} INFO - Saved: data_/news_47.html
[2025-02-16T01:22:08.874+0000] {logging_mixin.py:190} INFO - Saved: data_/news_48.html
[2025-02-16T01:22:08.892+0000] {logging_mixin.py:190} INFO - Saved: data_/news_49.html
[2025-02-16T01:22:08.907+0000] {logging_mixin.py:190} INFO - Saved: data_/news_50.html
[2025-02-16T01:22:08.926+0000] {logging_mixin.py:190} INFO - Saved: data_/news_51.html
[2025-02-16T01:22:08.941+0000] {logging_mixin.py:190} INFO - Saved: data_/news_52.html
[2025-02-16T01:22:08.967+0000] {logging_mixin.py:190} INFO - Saved: data_/news_53.html
[2025-02-16T01:22:08.989+0000] {logging_mixin.py:190} INFO - Saved: data_/news_54.html
[2025-02-16T01:22:09.012+0000] {logging_mixin.py:190} INFO - Saved: data_/news_55.html
[2025-02-16T01:22:09.024+0000] {logging_mixin.py:190} INFO - Saved: data_/news_56.html
[2025-02-16T01:22:09.038+0000] {logging_mixin.py:190} INFO - Saved: data_/news_57.html
[2025-02-16T01:22:09.050+0000] {logging_mixin.py:190} INFO - Saved: data_/news_58.html
[2025-02-16T01:22:09.066+0000] {logging_mixin.py:190} INFO - Saved: data_/news_59.html
[2025-02-16T01:22:09.083+0000] {logging_mixin.py:190} INFO - Saved: data_/news_60.html
[2025-02-16T01:22:09.095+0000] {logging_mixin.py:190} INFO - Saved: data_/news_61.html
[2025-02-16T01:22:11.658+0000] {connectionpool.py:868} WARNING - Retrying (Retry(total=2, connect=None, read=None, redirect=None, status=None)) after connection broken by 'NewConnectionError('<urllib3.connection.HTTPConnection object at 0x7fd727bbbd70>: Failed to establish a new connection: [Errno 111] Connection refused')': /session/2671c726-3267-448a-90a2-4b7d5bc0082c
[2025-02-16T01:22:11.660+0000] {connectionpool.py:868} WARNING - Retrying (Retry(total=1, connect=None, read=None, redirect=None, status=None)) after connection broken by 'NewConnectionError('<urllib3.connection.HTTPConnection object at 0x7fd727bbb860>: Failed to establish a new connection: [Errno 111] Connection refused')': /session/2671c726-3267-448a-90a2-4b7d5bc0082c
[2025-02-16T01:22:11.661+0000] {connectionpool.py:868} WARNING - Retrying (Retry(total=0, connect=None, read=None, redirect=None, status=None)) after connection broken by 'NewConnectionError('<urllib3.connection.HTTPConnection object at 0x7fd727beaf60>: Failed to establish a new connection: [Errno 111] Connection refused')': /session/2671c726-3267-448a-90a2-4b7d5bc0082c
[2025-02-16T01:22:11.675+0000] {python.py:240} INFO - Done. Returned value was: None
[2025-02-16T01:22:11.773+0000] {taskinstance.py:341} INFO - ::group::Post task execution logs
[2025-02-16T01:22:11.776+0000] {taskinstance.py:353} INFO - Marking task as SUCCESS. dag_id=dag_hourly_scraper, task_id=main12, run_id=manual__2025-02-16T01:21:22.244868+00:00, execution_date=20250216T012122, start_date=20250216T012127, end_date=20250216T012211
[2025-02-16T01:22:11.863+0000] {logging_mixin.py:190} INFO - Task instance in success state
[2025-02-16T01:22:11.864+0000] {logging_mixin.py:190} INFO -  Previous state of the Task instance: running
[2025-02-16T01:22:11.865+0000] {logging_mixin.py:190} INFO - Dag name:dag_hourly_scraper queued_at:2025-02-16 01:21:22.383650+00:00
[2025-02-16T01:22:11.866+0000] {logging_mixin.py:190} INFO - Task hostname:ce687c8aaad7 operator:PythonOperator
[2025-02-16T01:22:11.894+0000] {local_task_job_runner.py:266} INFO - Task exited with return code 0
[2025-02-16T01:22:12.040+0000] {taskinstance.py:3901} INFO - 1 downstream tasks scheduled from follow-on schedule check
[2025-02-16T01:22:12.043+0000] {local_task_job_runner.py:245} INFO - ::endgroup::
